gmake[1]: Entering directory '/project/esmf/himanshu/nag/esmf'
sed: can't read /project/esmf/himanshu/nag/esmf/test/testg/Linux.nag.64.mpiuni.default/unit_tests.config: No such file or directory
gmake[1]: Leaving directory '/project/esmf/himanshu/nag/esmf'
gmake config_unit_tests
gmake[1]: Entering directory '/project/esmf/himanshu/nag/esmf'
gmake[1]: Leaving directory '/project/esmf/himanshu/nag/esmf'
gmake ACTION=tree_build_unit_tests tree
gmake[1]: Entering directory '/project/esmf/himanshu/nag/esmf'
tree_build_unit_tests in: /project/esmf/himanshu/nag/esmf/src
gmake[2]: Entering directory '/project/esmf/himanshu/nag/esmf/src'
tree_build_unit_tests in: /project/esmf/himanshu/nag/esmf/src/prologue
gmake[3]: Entering directory '/project/esmf/himanshu/nag/esmf/src/prologue'
tree_build_unit_tests in: /project/esmf/himanshu/nag/esmf/src/prologue/tests
gmake[4]: Entering directory '/project/esmf/himanshu/nag/esmf/src/prologue/tests'
g++ -c -std=c++11 -g -fPIC -pthread  -fopenmp -I/project/esmf/himanshu/nag/esmf/src/prologue/tests -I/project/esmf/himanshu/nag/esmf/src/prologue/tests/../include -I/project/esmf/himanshu/nag/esmf/build_config/Linux.nag.default -I/project/esmf/himanshu/nag/esmf/src/Infrastructure -I/project/esmf/himanshu/nag/esmf/src/Superstructure -I/project/esmf/himanshu/nag/esmf/src/Infrastructure/stubs/pthread  -I/project/esmf/himanshu/nag/esmf/src/include   -I/project/esmf/himanshu/nag/esmf/src/Infrastructure/stubs/mpiuni -I/project/esmf/himanshu/nag/esmf/src/prologue/yaml-cpp/include -DESMF_NO_INTEGER_1_BYTE -DESMF_NO_INTEGER_2_BYTE -DESMFVERSIONGIT='"ESMF_8_1_0_beta_snapshot_43-28-g3831f9e170"' -DESMF_MOAB=1 -DESMF_LAPACK=1 -DESMF_LAPACK_INTERNAL=1 -DESMF_NO_ACC_SOFTWARE_STACK=1 -DESMF_YAMLCPP=1 -DESMF_YAML=1 -DESMF_NO_OPENACC -DESMF_TESTEXHAUSTIVE -DESMF_BOPT_g -DESMF_TESTCOMPTUNNEL -DS64=1 -DESMF_OS_Linux=1 -DESMF_COMM=mpiuni -DESMF_DIR=/project/esmf/himanshu/nag/esmf -D__SDIR__='"src/prologue/tests"' -DESMF_CXXSTD=11 -DESMF_MPIUNI -DESMF_NO_F2018ASSUMEDTYPE ESMCI_StringSubr.C -o ESMCI_StringSubr.o
nagfor -c -g -pic -DESMF_NAG_UNIX_MODULE -dusty -thread_safe  -openmp -I/project/esmf/himanshu/nag/esmf/src/prologue/tests -I/project/esmf/himanshu/nag/esmf/build_config/Linux.nag.default -I/project/esmf/himanshu/nag/esmf/src/Infrastructure -I/project/esmf/himanshu/nag/esmf/src/Superstructure -I/project/esmf/himanshu/nag/esmf/mod/modg/Linux.nag.64.mpiuni.default -I/project/esmf/himanshu/nag/esmf/src/include   -DESMF_NO_INTEGER_1_BYTE -DESMF_NO_INTEGER_2_BYTE -DESMFVERSIONGIT='"ESMF_8_1_0_beta_snapshot_43-28-g3831f9e170"' -DESMF_MOAB=1 -DESMF_LAPACK=1 -DESMF_LAPACK_INTERNAL=1 -DESMF_NO_ACC_SOFTWARE_STACK=1 -DESMF_YAMLCPP=1 -DESMF_YAML=1 -DESMF_NO_OPENACC -DESMF_TESTEXHAUSTIVE -DESMF_BOPT_g -DESMF_TESTCOMPTUNNEL -DS64=1 -DESMF_OS_Linux=1 -DESMF_COMM=mpiuni -DESMF_DIR=/project/esmf/himanshu/nag/esmf -DESMF_MPIUNI -DESMF_NO_F2018ASSUMEDTYPE ESMF_StringUTest.F90 -o ESMF_StringUTest.o
NAG Fortran Compiler Release 7.0(Yurakucho) Build 7005
Questionable: ESMF_StringUTest.F90, line 184: Variable CHECK_FSTR set but never referenced
Questionable: ESMF_StringUTest.F90, line 184: Variable CHECK_FSTR2 set but never referenced
Questionable: ESMF_StringUTest.F90, line 184: Variable CHECK_I1 set but never referenced
Questionable: ESMF_StringUTest.F90, line 184: Variable CHECK_I2 set but never referenced
Questionable: ESMF_StringUTest.F90, line 184: Variable CHECK_I3 set but never referenced
Questionable: ESMF_StringUTest.F90, line 184: Variable CHECK_I4 set but never referenced
Warning: ESMF_StringUTest.F90, line 184: Unused dummy variable RC
Questionable: ESMF_StringUTest.F90, line 215: Variable CHECK_FSTR set but never referenced
Questionable: ESMF_StringUTest.F90, line 215: Variable CHECK_FSTR2 set but never referenced
Questionable: ESMF_StringUTest.F90, line 215: Variable CHECK_I1 set but never referenced
Questionable: ESMF_StringUTest.F90, line 215: Variable CHECK_I2 set but never referenced
Questionable: ESMF_StringUTest.F90, line 215: Variable CHECK_I3 set but never referenced
Questionable: ESMF_StringUTest.F90, line 215: Variable CHECK_I4 set but never referenced
Warning: ESMF_StringUTest.F90, line 215: Unused dummy variable RC
[NAG Fortran Compiler normal termination, 14 warnings]
nagfor    -thread_safe -Wl,-Wl,,--no-as-needed  -openmp -L/project/esmf/himanshu/nag/esmf/lib/libg/Linux.nag.64.mpiuni.default  -L/usr/local/gcc-g++-gfortran-9.3.0/lib/gcc/x86_64-pc-linux-gnu/9.3.0/../../../../lib64/ -Wl,-Wl,,-rpath,,/project/esmf/himanshu/nag/esmf/lib/libg/Linux.nag.64.mpiuni.default  -Wl,-Wl,,-rpath,,/usr/local/gcc-g++-gfortran-9.3.0/lib/gcc/x86_64-pc-linux-gnu/9.3.0/../../../../lib64/ -o /project/esmf/himanshu/nag/esmf/test/testg/Linux.nag.64.mpiuni.default/ESMF_StringUTest ESMCI_StringSubr.o  ESMF_StringUTest.o -lesmf  -lrt -lstdc++ -ldl
NAG Fortran Compiler Release 7.0(Yurakucho) Build 7005
rm -rf -f *.o *.mod
g++ -c -std=c++11 -g -fPIC -pthread  -fopenmp -I/project/esmf/himanshu/nag/esmf/src/prologue/tests -I/project/esmf/himanshu/nag/esmf/src/prologue/tests/../include -I/project/esmf/himanshu/nag/esmf/build_config/Linux.nag.default -I/project/esmf/himanshu/nag/esmf/src/Infrastructure -I/project/esmf/himanshu/nag/esmf/src/Superstructure -I/project/esmf/himanshu/nag/esmf/src/Infrastructure/stubs/pthread  -I/project/esmf/himanshu/nag/esmf/src/include   -I/project/esmf/himanshu/nag/esmf/src/Infrastructure/stubs/mpiuni -I/project/esmf/himanshu/nag/esmf/src/prologue/yaml-cpp/include -DESMF_NO_INTEGER_1_BYTE -DESMF_NO_INTEGER_2_BYTE -DESMFVERSIONGIT='"ESMF_8_1_0_beta_snapshot_43-28-g3831f9e170"' -DESMF_MOAB=1 -DESMF_LAPACK=1 -DESMF_LAPACK_INTERNAL=1 -DESMF_NO_ACC_SOFTWARE_STACK=1 -DESMF_YAMLCPP=1 -DESMF_YAML=1 -DESMF_NO_OPENACC -DESMF_TESTEXHAUSTIVE -DESMF_BOPT_g -DESMF_TESTCOMPTUNNEL -DS64=1 -DESMF_OS_Linux=1 -DESMF_COMM=mpiuni -DESMF_DIR=/project/esmf/himanshu/nag/esmf -D__SDIR__='"src/prologue/tests"' -DESMF_CXXSTD=11 -DESMF_MPIUNI -DESMF_NO_F2018ASSUMEDTYPE ESMCI_WordsizeSubr.C -o ESMCI_WordsizeSubr.o
In file included from /usr/local/gcc-g++-gfortran-9.3.0/include/c++/9.3.0/backward/strstream:50,
                 from /project/esmf/himanshu/nag/esmf/src/include/ESMCI_VMKernel.h:27,
                 from /project/esmf/himanshu/nag/esmf/src/include/ESMCI_VM.h:41,
                 from /project/esmf/himanshu/nag/esmf/src/include/ESMCI_Base.h:27,
                 from /project/esmf/himanshu/nag/esmf/src/include/ESMCI.h:25,
                 from ESMCI_WordsizeSubr.C:24:
/usr/local/gcc-g++-gfortran-9.3.0/include/c++/9.3.0/backward/backward_warning.h:32:2: warning: #warning This file includes at least one deprecated or antiquated header which may be removed without further notice at a future date. Please use a non-deprecated interface with equivalent functionality instead. For a listing of replacement headers and interfaces, consult the file backward_warning.h. To disable this warning use -Wno-deprecated. [-Wcpp]
   32 | #warning \
      |  ^~~~~~~
nagfor -c -g -pic -DESMF_NAG_UNIX_MODULE -dusty -thread_safe  -openmp -I/project/esmf/himanshu/nag/esmf/src/prologue/tests -I/project/esmf/himanshu/nag/esmf/build_config/Linux.nag.default -I/project/esmf/himanshu/nag/esmf/src/Infrastructure -I/project/esmf/himanshu/nag/esmf/src/Superstructure -I/project/esmf/himanshu/nag/esmf/mod/modg/Linux.nag.64.mpiuni.default -I/project/esmf/himanshu/nag/esmf/src/include   -DESMF_NO_INTEGER_1_BYTE -DESMF_NO_INTEGER_2_BYTE -DESMFVERSIONGIT='"ESMF_8_1_0_beta_snapshot_43-28-g3831f9e170"' -DESMF_MOAB=1 -DESMF_LAPACK=1 -DESMF_LAPACK_INTERNAL=1 -DESMF_NO_ACC_SOFTWARE_STACK=1 -DESMF_YAMLCPP=1 -DESMF_YAML=1 -DESMF_NO_OPENACC -DESMF_TESTEXHAUSTIVE -DESMF_BOPT_g -DESMF_TESTCOMPTUNNEL -DS64=1 -DESMF_OS_Linux=1 -DESMF_COMM=mpiuni -DESMF_DIR=/project/esmf/himanshu/nag/esmf -DESMF_MPIUNI -DESMF_NO_F2018ASSUMEDTYPE ESMF_WordsizeUTest.F90 -o ESMF_WordsizeUTest.o
NAG Fortran Compiler Release 7.0(Yurakucho) Build 7005
Warning: ESMF_WordsizeUTest.F90, line 183: Unused local variable I1SIZEF
Warning: ESMF_WordsizeUTest.F90, line 183: Unused local variable I2SIZEF
Warning: ESMF_WordsizeUTest.F90, line 72: Inconsistent data type REAL (previously INTEGER) for argument 2 in reference to ESMF_POINTERDIFFERENCE
Warning: ESMF_WordsizeUTest.F90, line 72: Inconsistent data type REAL (previously INTEGER) for argument 3 in reference to ESMF_POINTERDIFFERENCE
Warning: ESMF_WordsizeUTest.F90, line 80: Inconsistent data type TESTP (previously INTEGER) for argument 2 in reference to ESMF_POINTERDIFFERENCE
Warning: ESMF_WordsizeUTest.F90, line 80: Inconsistent data type TESTP (previously INTEGER) for argument 3 in reference to ESMF_POINTERDIFFERENCE
Warning: ESMF_WordsizeUTest.F90, line 96: Inconsistent data type INTEGER(int64) (previously INTEGER) for argument 2 in reference to ESMF_POINTERDIFFERENCE
Warning: ESMF_WordsizeUTest.F90, line 96: Inconsistent data type INTEGER(int64) (previously INTEGER) for argument 3 in reference to ESMF_POINTERDIFFERENCE
Warning: ESMF_WordsizeUTest.F90, line 99: Inconsistent data type REAL (previously INTEGER) for argument 2 in reference to ESMF_POINTERDIFFERENCE
Warning: ESMF_WordsizeUTest.F90, line 99: Inconsistent data type REAL (previously INTEGER) for argument 3 in reference to ESMF_POINTERDIFFERENCE
Warning: ESMF_WordsizeUTest.F90, line 102: Inconsistent data type DOUBLE PRECISION (previously INTEGER) for argument 2 in reference to ESMF_POINTERDIFFERENCE
Warning: ESMF_WordsizeUTest.F90, line 102: Inconsistent data type DOUBLE PRECISION (previously INTEGER) for argument 3 in reference to ESMF_POINTERDIFFERENCE
[NAG Fortran Compiler normal termination, 12 warnings]
nagfor    -thread_safe -Wl,-Wl,,--no-as-needed  -openmp -L/project/esmf/himanshu/nag/esmf/lib/libg/Linux.nag.64.mpiuni.default  -L/usr/local/gcc-g++-gfortran-9.3.0/lib/gcc/x86_64-pc-linux-gnu/9.3.0/../../../../lib64/ -Wl,-Wl,,-rpath,,/project/esmf/himanshu/nag/esmf/lib/libg/Linux.nag.64.mpiuni.default  -Wl,-Wl,,-rpath,,/usr/local/gcc-g++-gfortran-9.3.0/lib/gcc/x86_64-pc-linux-gnu/9.3.0/../../../../lib64/ -o /project/esmf/himanshu/nag/esmf/test/testg/Linux.nag.64.mpiuni.default/ESMF_WordsizeUTest ESMCI_WordsizeSubr.o  ESMF_WordsizeUTest.o -lesmf  -lrt -lstdc++ -ldl
NAG Fortran Compiler Release 7.0(Yurakucho) Build 7005
rm -rf -f *.o *.mod
nagfor -c -g -pic -DESMF_NAG_UNIX_MODULE -dusty -thread_safe  -openmp -I/project/esmf/himanshu/nag/esmf/src/prologue/tests -I/project/esmf/himanshu/nag/esmf/build_config/Linux.nag.default -I/project/esmf/himanshu/nag/esmf/src/Infrastructure -I/project/esmf/himanshu/nag/esmf/src/Superstructure -I/project/esmf/himanshu/nag/esmf/mod/modg/Linux.nag.64.mpiuni.default -I/project/esmf/himanshu/nag/esmf/src/include   -DESMF_NO_INTEGER_1_BYTE -DESMF_NO_INTEGER_2_BYTE -DESMFVERSIONGIT='"ESMF_8_1_0_beta_snapshot_43-28-g3831f9e170"' -DESMF_MOAB=1 -DESMF_LAPACK=1 -DESMF_LAPACK_INTERNAL=1 -DESMF_NO_ACC_SOFTWARE_STACK=1 -DESMF_YAMLCPP=1 -DESMF_YAML=1 -DESMF_NO_OPENACC -DESMF_TESTEXHAUSTIVE -DESMF_BOPT_g -DESMF_TESTCOMPTUNNEL -DS64=1 -DESMF_OS_Linux=1 -DESMF_COMM=mpiuni -DESMF_DIR=/project/esmf/himanshu/nag/esmf -DESMF_MPIUNI -DESMF_NO_F2018ASSUMEDTYPE ESMF_F90ArrayPtrUTest.F90 -o ESMF_F90ArrayPtrUTest.o
NAG Fortran Compiler Release 7.0(Yurakucho) Build 7005
Warning: ESMF_F90ArrayPtrUTest.F90, line 255: Inconsistent data type PTRIWRAP2 (previously PTRIWRAP1) for argument 1 in reference to C_ESMF_F90PTRSIZEPRINT
Warning: ESMF_F90ArrayPtrUTest.F90, line 255: Inconsistent data type PTRIWRAP2 (previously PTRIWRAP1) for argument 2 in reference to C_ESMF_F90PTRSIZEPRINT
Warning: ESMF_F90ArrayPtrUTest.F90, line 262: Inconsistent data type PTRIWRAP3 (previously PTRIWRAP1) for argument 1 in reference to C_ESMF_F90PTRSIZEPRINT
Warning: ESMF_F90ArrayPtrUTest.F90, line 262: Inconsistent data type PTRIWRAP3 (previously PTRIWRAP1) for argument 2 in reference to C_ESMF_F90PTRSIZEPRINT
Warning: ESMF_F90ArrayPtrUTest.F90, line 269: Inconsistent data type PTRIWRAP4 (previously PTRIWRAP1) for argument 1 in reference to C_ESMF_F90PTRSIZEPRINT
Warning: ESMF_F90ArrayPtrUTest.F90, line 269: Inconsistent data type PTRIWRAP4 (previously PTRIWRAP1) for argument 2 in reference to C_ESMF_F90PTRSIZEPRINT
Warning: ESMF_F90ArrayPtrUTest.F90, line 276: Inconsistent data type PTRIWRAP5 (previously PTRIWRAP1) for argument 1 in reference to C_ESMF_F90PTRSIZEPRINT
Warning: ESMF_F90ArrayPtrUTest.F90, line 276: Inconsistent data type PTRIWRAP5 (previously PTRIWRAP1) for argument 2 in reference to C_ESMF_F90PTRSIZEPRINT
Warning: ESMF_F90ArrayPtrUTest.F90, line 283: Inconsistent data type PTRIWRAP6 (previously PTRIWRAP1) for argument 1 in reference to C_ESMF_F90PTRSIZEPRINT
Warning: ESMF_F90ArrayPtrUTest.F90, line 283: Inconsistent data type PTRIWRAP6 (previously PTRIWRAP1) for argument 2 in reference to C_ESMF_F90PTRSIZEPRINT
Warning: ESMF_F90ArrayPtrUTest.F90, line 290: Inconsistent data type PTRIWRAP7 (previously PTRIWRAP1) for argument 1 in reference to C_ESMF_F90PTRSIZEPRINT
Warning: ESMF_F90ArrayPtrUTest.F90, line 290: Inconsistent data type PTRIWRAP7 (previously PTRIWRAP1) for argument 2 in reference to C_ESMF_F90PTRSIZEPRINT
Warning: ESMF_F90ArrayPtrUTest.F90, line 302: Inconsistent data type PTRRWRAP1 (previously PTRIWRAP1) for argument 1 in reference to C_ESMF_F90PTRSIZEPRINT
Warning: ESMF_F90ArrayPtrUTest.F90, line 302: Inconsistent data type PTRRWRAP1 (previously PTRIWRAP1) for argument 2 in reference to C_ESMF_F90PTRSIZEPRINT
Warning: ESMF_F90ArrayPtrUTest.F90, line 309: Inconsistent data type PTRRWRAP2 (previously PTRIWRAP1) for argument 1 in reference to C_ESMF_F90PTRSIZEPRINT
Warning: ESMF_F90ArrayPtrUTest.F90, line 309: Inconsistent data type PTRRWRAP2 (previously PTRIWRAP1) for argument 2 in reference to C_ESMF_F90PTRSIZEPRINT
Warning: ESMF_F90ArrayPtrUTest.F90, line 316: Inconsistent data type PTRRWRAP3 (previously PTRIWRAP1) for argument 1 in reference to C_ESMF_F90PTRSIZEPRINT
Warning: ESMF_F90ArrayPtrUTest.F90, line 316: Inconsistent data type PTRRWRAP3 (previously PTRIWRAP1) for argument 2 in reference to C_ESMF_F90PTRSIZEPRINT
Warning: ESMF_F90ArrayPtrUTest.F90, line 323: Inconsistent data type PTRRWRAP4 (previously PTRIWRAP1) for argument 1 in reference to C_ESMF_F90PTRSIZEPRINT
Warning: ESMF_F90ArrayPtrUTest.F90, line 323: Inconsistent data type PTRRWRAP4 (previously PTRIWRAP1) for argument 2 in reference to C_ESMF_F90PTRSIZEPRINT
Warning: ESMF_F90ArrayPtrUTest.F90, line 330: Inconsistent data type PTRRWRAP5 (previously PTRIWRAP1) for argument 1 in reference to C_ESMF_F90PTRSIZEPRINT
Warning: ESMF_F90ArrayPtrUTest.F90, line 330: Inconsistent data type PTRRWRAP5 (previously PTRIWRAP1) for argument 2 in reference to C_ESMF_F90PTRSIZEPRINT
Warning: ESMF_F90ArrayPtrUTest.F90, line 337: Inconsistent data type PTRRWRAP6 (previously PTRIWRAP1) for argument 1 in reference to C_ESMF_F90PTRSIZEPRINT
Warning: ESMF_F90ArrayPtrUTest.F90, line 337: Inconsistent data type PTRRWRAP6 (previously PTRIWRAP1) for argument 2 in reference to C_ESMF_F90PTRSIZEPRINT
Warning: ESMF_F90ArrayPtrUTest.F90, line 344: Inconsistent data type PTRRWRAP7 (previously PTRIWRAP1) for argument 1 in reference to C_ESMF_F90PTRSIZEPRINT
Warning: ESMF_F90ArrayPtrUTest.F90, line 344: Inconsistent data type PTRRWRAP7 (previously PTRIWRAP1) for argument 2 in reference to C_ESMF_F90PTRSIZEPRINT
Warning: ESMF_F90ArrayPtrUTest.F90, line 355: Inconsistent data type PTRR8WRAP1 (previously PTRIWRAP1) for argument 1 in reference to C_ESMF_F90PTRSIZEPRINT
Warning: ESMF_F90ArrayPtrUTest.F90, line 355: Inconsistent data type PTRR8WRAP1 (previously PTRIWRAP1) for argument 2 in reference to C_ESMF_F90PTRSIZEPRINT
Warning: ESMF_F90ArrayPtrUTest.F90, line 362: Inconsistent data type PTRR8WRAP2 (previously PTRIWRAP1) for argument 1 in reference to C_ESMF_F90PTRSIZEPRINT
Warning: ESMF_F90ArrayPtrUTest.F90, line 362: Inconsistent data type PTRR8WRAP2 (previously PTRIWRAP1) for argument 2 in reference to C_ESMF_F90PTRSIZEPRINT
Warning: ESMF_F90ArrayPtrUTest.F90, line 369: Inconsistent data type PTRR8WRAP3 (previously PTRIWRAP1) for argument 1 in reference to C_ESMF_F90PTRSIZEPRINT
Warning: ESMF_F90ArrayPtrUTest.F90, line 369: Inconsistent data type PTRR8WRAP3 (previously PTRIWRAP1) for argument 2 in reference to C_ESMF_F90PTRSIZEPRINT
Warning: ESMF_F90ArrayPtrUTest.F90, line 376: Inconsistent data type PTRR8WRAP4 (previously PTRIWRAP1) for argument 1 in reference to C_ESMF_F90PTRSIZEPRINT
Warning: ESMF_F90ArrayPtrUTest.F90, line 376: Inconsistent data type PTRR8WRAP4 (previously PTRIWRAP1) for argument 2 in reference to C_ESMF_F90PTRSIZEPRINT
Warning: ESMF_F90ArrayPtrUTest.F90, line 383: Inconsistent data type PTRR8WRAP5 (previously PTRIWRAP1) for argument 1 in reference to C_ESMF_F90PTRSIZEPRINT
Warning: ESMF_F90ArrayPtrUTest.F90, line 383: Inconsistent data type PTRR8WRAP5 (previously PTRIWRAP1) for argument 2 in reference to C_ESMF_F90PTRSIZEPRINT
Warning: ESMF_F90ArrayPtrUTest.F90, line 390: Inconsistent data type PTRR8WRAP6 (previously PTRIWRAP1) for argument 1 in reference to C_ESMF_F90PTRSIZEPRINT
Warning: ESMF_F90ArrayPtrUTest.F90, line 390: Inconsistent data type PTRR8WRAP6 (previously PTRIWRAP1) for argument 2 in reference to C_ESMF_F90PTRSIZEPRINT
Warning: ESMF_F90ArrayPtrUTest.F90, line 397: Inconsistent data type PTRR8WRAP7 (previously PTRIWRAP1) for argument 1 in reference to C_ESMF_F90PTRSIZEPRINT
Warning: ESMF_F90ArrayPtrUTest.F90, line 397: Inconsistent data type PTRR8WRAP7 (previously PTRIWRAP1) for argument 2 in reference to C_ESMF_F90PTRSIZEPRINT
Warning: ESMF_F90ArrayPtrUTest.F90, line 407: Inconsistent data type PTRSWRAP1 (previously PTRIWRAP1) for argument 1 in reference to C_ESMF_F90PTRSIZEPRINT
Warning: ESMF_F90ArrayPtrUTest.F90, line 407: Inconsistent data type PTRSWRAP1 (previously PTRIWRAP1) for argument 2 in reference to C_ESMF_F90PTRSIZEPRINT
Warning: ESMF_F90ArrayPtrUTest.F90, line 414: Inconsistent data type PTRSWRAP2 (previously PTRIWRAP1) for argument 1 in reference to C_ESMF_F90PTRSIZEPRINT
Warning: ESMF_F90ArrayPtrUTest.F90, line 414: Inconsistent data type PTRSWRAP2 (previously PTRIWRAP1) for argument 2 in reference to C_ESMF_F90PTRSIZEPRINT
Warning: ESMF_F90ArrayPtrUTest.F90, line 421: Inconsistent data type PTRSWRAP3 (previously PTRIWRAP1) for argument 1 in reference to C_ESMF_F90PTRSIZEPRINT
Warning: ESMF_F90ArrayPtrUTest.F90, line 421: Inconsistent data type PTRSWRAP3 (previously PTRIWRAP1) for argument 2 in reference to C_ESMF_F90PTRSIZEPRINT
Warning: ESMF_F90ArrayPtrUTest.F90, line 428: Inconsistent data type PTRSWRAP4 (previously PTRIWRAP1) for argument 1 in reference to C_ESMF_F90PTRSIZEPRINT
Warning: ESMF_F90ArrayPtrUTest.F90, line 428: Inconsistent data type PTRSWRAP4 (previously PTRIWRAP1) for argument 2 in reference to C_ESMF_F90PTRSIZEPRINT
Warning: ESMF_F90ArrayPtrUTest.F90, line 435: Inconsistent data type PTRSWRAP5 (previously PTRIWRAP1) for argument 1 in reference to C_ESMF_F90PTRSIZEPRINT
Warning: ESMF_F90ArrayPtrUTest.F90, line 435: Inconsistent data type PTRSWRAP5 (previously PTRIWRAP1) for argument 2 in reference to C_ESMF_F90PTRSIZEPRINT
Warning: ESMF_F90ArrayPtrUTest.F90, line 442: Inconsistent data type PTRSWRAP6 (previously PTRIWRAP1) for argument 1 in reference to C_ESMF_F90PTRSIZEPRINT
Warning: ESMF_F90ArrayPtrUTest.F90, line 442: Inconsistent data type PTRSWRAP6 (previously PTRIWRAP1) for argument 2 in reference to C_ESMF_F90PTRSIZEPRINT
Warning: ESMF_F90ArrayPtrUTest.F90, line 449: Inconsistent data type PTRSWRAP7 (previously PTRIWRAP1) for argument 1 in reference to C_ESMF_F90PTRSIZEPRINT
Warning: ESMF_F90ArrayPtrUTest.F90, line 449: Inconsistent data type PTRSWRAP7 (previously PTRIWRAP1) for argument 2 in reference to C_ESMF_F90PTRSIZEPRINT
[NAG Fortran Compiler normal termination, 54 warnings]
nagfor    -thread_safe -Wl,-Wl,,--no-as-needed  -openmp -L/project/esmf/himanshu/nag/esmf/lib/libg/Linux.nag.64.mpiuni.default  -L/usr/local/gcc-g++-gfortran-9.3.0/lib/gcc/x86_64-pc-linux-gnu/9.3.0/../../../../lib64/ -Wl,-Wl,,-rpath,,/project/esmf/himanshu/nag/esmf/lib/libg/Linux.nag.64.mpiuni.default  -Wl,-Wl,,-rpath,,/usr/local/gcc-g++-gfortran-9.3.0/lib/gcc/x86_64-pc-linux-gnu/9.3.0/../../../../lib64/ -o /project/esmf/himanshu/nag/esmf/test/testg/Linux.nag.64.mpiuni.default/ESMF_F90ArrayPtrUTest   ESMF_F90ArrayPtrUTest.o -lesmf  -lrt -lstdc++ -ldl
NAG Fortran Compiler Release 7.0(Yurakucho) Build 7005
rm -rf -f *.o *.mod
nagfor -c -g -pic -DESMF_NAG_UNIX_MODULE -dusty -thread_safe  -openmp -I/project/esmf/himanshu/nag/esmf/src/prologue/tests -I/project/esmf/himanshu/nag/esmf/build_config/Linux.nag.default -I/project/esmf/himanshu/nag/esmf/src/Infrastructure -I/project/esmf/himanshu/nag/esmf/src/Superstructure -I/project/esmf/himanshu/nag/esmf/mod/modg/Linux.nag.64.mpiuni.default -I/project/esmf/himanshu/nag/esmf/src/include   -DESMF_NO_INTEGER_1_BYTE -DESMF_NO_INTEGER_2_BYTE -DESMFVERSIONGIT='"ESMF_8_1_0_beta_snapshot_43-28-g3831f9e170"' -DESMF_MOAB=1 -DESMF_LAPACK=1 -DESMF_LAPACK_INTERNAL=1 -DESMF_NO_ACC_SOFTWARE_STACK=1 -DESMF_YAMLCPP=1 -DESMF_YAML=1 -DESMF_NO_OPENACC -DESMF_TESTEXHAUSTIVE -DESMF_BOPT_g -DESMF_TESTCOMPTUNNEL -DS64=1 -DESMF_OS_Linux=1 -DESMF_COMM=mpiuni -DESMF_DIR=/project/esmf/himanshu/nag/esmf -DESMF_MPIUNI -DESMF_NO_F2018ASSUMEDTYPE ESMF_LAPACKUTest.F90 -o ESMF_LAPACKUTest.o
NAG Fortran Compiler Release 7.0(Yurakucho) Build 7005
[NAG Fortran Compiler normal termination]
nagfor    -thread_safe -Wl,-Wl,,--no-as-needed  -openmp -L/project/esmf/himanshu/nag/esmf/lib/libg/Linux.nag.64.mpiuni.default  -L/usr/local/gcc-g++-gfortran-9.3.0/lib/gcc/x86_64-pc-linux-gnu/9.3.0/../../../../lib64/ -Wl,-Wl,,-rpath,,/project/esmf/himanshu/nag/esmf/lib/libg/Linux.nag.64.mpiuni.default  -Wl,-Wl,,-rpath,,/usr/local/gcc-g++-gfortran-9.3.0/lib/gcc/x86_64-pc-linux-gnu/9.3.0/../../../../lib64/ -o /project/esmf/himanshu/nag/esmf/test/testg/Linux.nag.64.mpiuni.default/ESMF_LAPACKUTest   ESMF_LAPACKUTest.o -lesmf  -lrt -lstdc++ -ldl
NAG Fortran Compiler Release 7.0(Yurakucho) Build 7005
rm -rf -f *.o *.mod
g++ -c -std=c++11 -g -fPIC -pthread  -fopenmp -I/project/esmf/himanshu/nag/esmf/src/prologue/tests -I/project/esmf/himanshu/nag/esmf/src/prologue/tests/../include -I/project/esmf/himanshu/nag/esmf/build_config/Linux.nag.default -I/project/esmf/himanshu/nag/esmf/src/Infrastructure -I/project/esmf/himanshu/nag/esmf/src/Superstructure -I/project/esmf/himanshu/nag/esmf/src/Infrastructure/stubs/pthread  -I/project/esmf/himanshu/nag/esmf/src/include   -I/project/esmf/himanshu/nag/esmf/src/Infrastructure/stubs/mpiuni -I/project/esmf/himanshu/nag/esmf/src/prologue/yaml-cpp/include -DESMF_NO_INTEGER_1_BYTE -DESMF_NO_INTEGER_2_BYTE -DESMFVERSIONGIT='"ESMF_8_1_0_beta_snapshot_43-28-g3831f9e170"' -DESMF_MOAB=1 -DESMF_LAPACK=1 -DESMF_LAPACK_INTERNAL=1 -DESMF_NO_ACC_SOFTWARE_STACK=1 -DESMF_YAMLCPP=1 -DESMF_YAML=1 -DESMF_NO_OPENACC -DESMF_TESTEXHAUSTIVE -DESMF_BOPT_g -DESMF_TESTCOMPTUNNEL -DS64=1 -DESMF_OS_Linux=1 -DESMF_COMM=mpiuni -DESMF_DIR=/project/esmf/himanshu/nag/esmf -D__SDIR__='"src/prologue/tests"' -DESMF_CXXSTD=11 -DESMF_MPIUNI -DESMF_NO_F2018ASSUMEDTYPE ESMCI_FeatureSubr.C -o ESMCI_FeatureSubr.o
In file included from /usr/local/gcc-g++-gfortran-9.3.0/include/c++/9.3.0/backward/strstream:50,
                 from /project/esmf/himanshu/nag/esmf/src/include/ESMCI_VMKernel.h:27,
                 from /project/esmf/himanshu/nag/esmf/src/include/ESMCI_VM.h:41,
                 from /project/esmf/himanshu/nag/esmf/src/include/ESMCI_Base.h:27,
                 from /project/esmf/himanshu/nag/esmf/src/include/ESMCI.h:25,
                 from ESMCI_FeatureSubr.C:21:
/usr/local/gcc-g++-gfortran-9.3.0/include/c++/9.3.0/backward/backward_warning.h:32:2: warning: #warning This file includes at least one deprecated or antiquated header which may be removed without further notice at a future date. Please use a non-deprecated interface with equivalent functionality instead. For a listing of replacement headers and interfaces, consult the file backward_warning.h. To disable this warning use -Wno-deprecated. [-Wcpp]
   32 | #warning \
      |  ^~~~~~~
nagfor -c -g -pic -DESMF_NAG_UNIX_MODULE -dusty -thread_safe  -openmp -I/project/esmf/himanshu/nag/esmf/src/prologue/tests -I/project/esmf/himanshu/nag/esmf/build_config/Linux.nag.default -I/project/esmf/himanshu/nag/esmf/src/Infrastructure -I/project/esmf/himanshu/nag/esmf/src/Superstructure -I/project/esmf/himanshu/nag/esmf/mod/modg/Linux.nag.64.mpiuni.default -I/project/esmf/himanshu/nag/esmf/src/include   -DESMF_NO_INTEGER_1_BYTE -DESMF_NO_INTEGER_2_BYTE -DESMFVERSIONGIT='"ESMF_8_1_0_beta_snapshot_43-28-g3831f9e170"' -DESMF_MOAB=1 -DESMF_LAPACK=1 -DESMF_LAPACK_INTERNAL=1 -DESMF_NO_ACC_SOFTWARE_STACK=1 -DESMF_YAMLCPP=1 -DESMF_YAML=1 -DESMF_NO_OPENACC -DESMF_TESTEXHAUSTIVE -DESMF_BOPT_g -DESMF_TESTCOMPTUNNEL -DS64=1 -DESMF_OS_Linux=1 -DESMF_COMM=mpiuni -DESMF_DIR=/project/esmf/himanshu/nag/esmf -DESMF_MPIUNI -DESMF_NO_F2018ASSUMEDTYPE ESMF_FeatureTR15581Subr.F90 -o ESMF_FeatureTR15581Subr.o
NAG Fortran Compiler Release 7.0(Yurakucho) Build 7005
[NAG Fortran Compiler normal termination]
nagfor -c -g -pic -DESMF_NAG_UNIX_MODULE -dusty -thread_safe  -openmp -I/project/esmf/himanshu/nag/esmf/src/prologue/tests -I/project/esmf/himanshu/nag/esmf/build_config/Linux.nag.default -I/project/esmf/himanshu/nag/esmf/src/Infrastructure -I/project/esmf/himanshu/nag/esmf/src/Superstructure -I/project/esmf/himanshu/nag/esmf/mod/modg/Linux.nag.64.mpiuni.default -I/project/esmf/himanshu/nag/esmf/src/include   -DESMF_NO_INTEGER_1_BYTE -DESMF_NO_INTEGER_2_BYTE -DESMFVERSIONGIT='"ESMF_8_1_0_beta_snapshot_43-28-g3831f9e170"' -DESMF_MOAB=1 -DESMF_LAPACK=1 -DESMF_LAPACK_INTERNAL=1 -DESMF_NO_ACC_SOFTWARE_STACK=1 -DESMF_YAMLCPP=1 -DESMF_YAML=1 -DESMF_NO_OPENACC -DESMF_TESTEXHAUSTIVE -DESMF_BOPT_g -DESMF_TESTCOMPTUNNEL -DS64=1 -DESMF_OS_Linux=1 -DESMF_COMM=mpiuni -DESMF_DIR=/project/esmf/himanshu/nag/esmf -DESMF_MPIUNI -DESMF_NO_F2018ASSUMEDTYPE ESMF_FeatureUTest.F90 -o ESMF_FeatureUTest.o
NAG Fortran Compiler Release 7.0(Yurakucho) Build 7005
Warning: ESMF_FeatureUTest.F90, line 425: Unused local variable ALLOC_STRING7_ARRAY
Warning: ESMF_FeatureUTest.F90, line 425: Unused local variable ALLOC_STRING_ARRAY
Warning: ESMF_FeatureUTest.F90, line 425: Unused local variable B
Warning: ESMF_FeatureUTest.F90, line 425: Unused local variable C
Warning: ESMF_FeatureUTest.F90, line 425: Unused local variable I
Warning: ESMF_FeatureUTest.F90, line 425: Unused local variable STRINGS
[NAG Fortran Compiler normal termination, 6 warnings]
nagfor    -thread_safe -Wl,-Wl,,--no-as-needed  -openmp -L/project/esmf/himanshu/nag/esmf/lib/libg/Linux.nag.64.mpiuni.default  -L/usr/local/gcc-g++-gfortran-9.3.0/lib/gcc/x86_64-pc-linux-gnu/9.3.0/../../../../lib64/ -Wl,-Wl,,-rpath,,/project/esmf/himanshu/nag/esmf/lib/libg/Linux.nag.64.mpiuni.default  -Wl,-Wl,,-rpath,,/usr/local/gcc-g++-gfortran-9.3.0/lib/gcc/x86_64-pc-linux-gnu/9.3.0/../../../../lib64/ -o /project/esmf/himanshu/nag/esmf/test/testg/Linux.nag.64.mpiuni.default/ESMF_FeatureUTest ESMCI_FeatureSubr.o ESMF_FeatureTR15581Subr.o  ESMF_FeatureUTest.o -lesmf  -lrt -lstdc++ -ldl
NAG Fortran Compiler Release 7.0(Yurakucho) Build 7005
rm -rf -f *.o *.mod
g++ -c -std=c++11 -g -fPIC -pthread  -fopenmp -I/project/esmf/himanshu/nag/esmf/src/prologue/tests -I/project/esmf/himanshu/nag/esmf/src/prologue/tests/../include -I/project/esmf/himanshu/nag/esmf/build_config/Linux.nag.default -I/project/esmf/himanshu/nag/esmf/src/Infrastructure -I/project/esmf/himanshu/nag/esmf/src/Superstructure -I/project/esmf/himanshu/nag/esmf/src/Infrastructure/stubs/pthread  -I/project/esmf/himanshu/nag/esmf/src/include   -I/project/esmf/himanshu/nag/esmf/src/Infrastructure/stubs/mpiuni -I/project/esmf/himanshu/nag/esmf/src/prologue/yaml-cpp/include -DESMF_NO_INTEGER_1_BYTE -DESMF_NO_INTEGER_2_BYTE -DESMFVERSIONGIT='"ESMF_8_1_0_beta_snapshot_43-28-g3831f9e170"' -DESMF_MOAB=1 -DESMF_LAPACK=1 -DESMF_LAPACK_INTERNAL=1 -DESMF_NO_ACC_SOFTWARE_STACK=1 -DESMF_YAMLCPP=1 -DESMF_YAML=1 -DESMF_NO_OPENACC -DESMF_TESTEXHAUSTIVE -DESMF_BOPT_g -DESMF_TESTCOMPTUNNEL -DS64=1 -DESMF_OS_Linux=1 -DESMF_COMM=mpiuni -DESMF_DIR=/project/esmf/himanshu/nag/esmf -D__SDIR__='"src/prologue/tests"' -DESMF_CXXSTD=11 -DESMF_MPIUNI -DESMF_NO_F2018ASSUMEDTYPE ESMCI_ExceptionsUTest.C -o ESMCI_ExceptionsUTest.o
g++    -pthread -Wl,--no-as-needed  -fopenmp -L/project/esmf/himanshu/nag/esmf/lib/libg/Linux.nag.64.mpiuni.default  -Wl,-rpath,/project/esmf/himanshu/nag/esmf/lib/libg/Linux.nag.64.mpiuni.default  -o /project/esmf/himanshu/nag/esmf/test/testg/Linux.nag.64.mpiuni.default/ESMCI_ExceptionsUTest  ESMCI_ExceptionsUTest.o -lesmf  -lrt -ldl -m64 /usr/local/nag-7.0/lib/NAG_Fortran/quickfit.o -Wl,-rpath,/usr/local/nag-7.0/lib/NAG_Fortran /usr/local/nag-7.0/lib/NAG_Fortran/libf70rts.so /usr/local/nag-7.0/lib/NAG_Fortran/libf70rts.a -lm -lpthread
rm -rf -f *.o *.mod
nagfor -c -g -pic -DESMF_NAG_UNIX_MODULE -dusty -thread_safe  -openmp -I/project/esmf/himanshu/nag/esmf/src/prologue/tests -I/project/esmf/himanshu/nag/esmf/build_config/Linux.nag.default -I/project/esmf/himanshu/nag/esmf/src/Infrastructure -I/project/esmf/himanshu/nag/esmf/src/Superstructure -I/project/esmf/himanshu/nag/esmf/mod/modg/Linux.nag.64.mpiuni.default -I/project/esmf/himanshu/nag/esmf/src/include   -DESMF_NO_INTEGER_1_BYTE -DESMF_NO_INTEGER_2_BYTE -DESMFVERSIONGIT='"ESMF_8_1_0_beta_snapshot_43-28-g3831f9e170"' -DESMF_MOAB=1 -DESMF_LAPACK=1 -DESMF_LAPACK_INTERNAL=1 -DESMF_NO_ACC_SOFTWARE_STACK=1 -DESMF_YAMLCPP=1 -DESMF_YAML=1 -DESMF_NO_OPENACC -DESMF_TESTEXHAUSTIVE -DESMF_BOPT_g -DESMF_TESTCOMPTUNNEL -DS64=1 -DESMF_OS_Linux=1 -DESMF_COMM=mpiuni -DESMF_DIR=/project/esmf/himanshu/nag/esmf -DESMF_MPIUNI -DESMF_NO_F2018ASSUMEDTYPE ESMF_FeatureSubr.F90 -o ESMF_FeatureSubr.o
NAG Fortran Compiler Release 7.0(Yurakucho) Build 7005
[NAG Fortran Compiler normal termination]
g++ -c -std=c++11 -g -fPIC -pthread  -fopenmp -I/project/esmf/himanshu/nag/esmf/src/prologue/tests -I/project/esmf/himanshu/nag/esmf/src/prologue/tests/../include -I/project/esmf/himanshu/nag/esmf/build_config/Linux.nag.default -I/project/esmf/himanshu/nag/esmf/src/Infrastructure -I/project/esmf/himanshu/nag/esmf/src/Superstructure -I/project/esmf/himanshu/nag/esmf/src/Infrastructure/stubs/pthread  -I/project/esmf/himanshu/nag/esmf/src/include   -I/project/esmf/himanshu/nag/esmf/src/Infrastructure/stubs/mpiuni -I/project/esmf/himanshu/nag/esmf/src/prologue/yaml-cpp/include -DESMF_NO_INTEGER_1_BYTE -DESMF_NO_INTEGER_2_BYTE -DESMFVERSIONGIT='"ESMF_8_1_0_beta_snapshot_43-28-g3831f9e170"' -DESMF_MOAB=1 -DESMF_LAPACK=1 -DESMF_LAPACK_INTERNAL=1 -DESMF_NO_ACC_SOFTWARE_STACK=1 -DESMF_YAMLCPP=1 -DESMF_YAML=1 -DESMF_NO_OPENACC -DESMF_TESTEXHAUSTIVE -DESMF_BOPT_g -DESMF_TESTCOMPTUNNEL -DS64=1 -DESMF_OS_Linux=1 -DESMF_COMM=mpiuni -DESMF_DIR=/project/esmf/himanshu/nag/esmf -D__SDIR__='"src/prologue/tests"' -DESMF_CXXSTD=11 -DESMF_MPIUNI -DESMF_NO_F2018ASSUMEDTYPE ESMCI_FeatureUTest.C -o ESMCI_FeatureUTest.o
In file included from /usr/local/gcc-g++-gfortran-9.3.0/include/c++/9.3.0/backward/strstream:50,
                 from /project/esmf/himanshu/nag/esmf/src/include/ESMCI_VMKernel.h:27,
                 from /project/esmf/himanshu/nag/esmf/src/include/ESMCI_VM.h:41,
                 from /project/esmf/himanshu/nag/esmf/src/include/ESMCI_Base.h:27,
                 from /project/esmf/himanshu/nag/esmf/src/include/ESMCI.h:25,
                 from ESMCI_FeatureUTest.C:14:
/usr/local/gcc-g++-gfortran-9.3.0/include/c++/9.3.0/backward/backward_warning.h:32:2: warning: #warning This file includes at least one deprecated or antiquated header which may be removed without further notice at a future date. Please use a non-deprecated interface with equivalent functionality instead. For a listing of replacement headers and interfaces, consult the file backward_warning.h. To disable this warning use -Wno-deprecated. [-Wcpp]
   32 | #warning \
      |  ^~~~~~~
g++    -pthread -Wl,--no-as-needed  -fopenmp -L/project/esmf/himanshu/nag/esmf/lib/libg/Linux.nag.64.mpiuni.default  -Wl,-rpath,/project/esmf/himanshu/nag/esmf/lib/libg/Linux.nag.64.mpiuni.default  -o /project/esmf/himanshu/nag/esmf/test/testg/Linux.nag.64.mpiuni.default/ESMCI_FeatureUTest ESMF_FeatureSubr.o ESMCI_FeatureUTest.o -lesmf  -lrt -ldl -m64 /usr/local/nag-7.0/lib/NAG_Fortran/quickfit.o -Wl,-rpath,/usr/local/nag-7.0/lib/NAG_Fortran /usr/local/nag-7.0/lib/NAG_Fortran/libf70rts.so /usr/local/nag-7.0/lib/NAG_Fortran/libf70rts.a -lm -lpthread
rm -rf -f *.o *.mod
gmake[4]: Leaving directory '/project/esmf/himanshu/nag/esmf/src/prologue/tests'
tree_build_unit_tests in: /project/esmf/himanshu/nag/esmf/src/prologue/yaml-cpp
gmake[4]: Entering directory '/project/esmf/himanshu/nag/esmf/src/prologue/yaml-cpp'
tree_build_unit_tests in: /project/esmf/himanshu/nag/esmf/src/prologue/yaml-cpp/src
gmake[5]: Entering directory '/project/esmf/himanshu/nag/esmf/src/prologue/yaml-cpp/src'
gmake[5]: Leaving directory '/project/esmf/himanshu/nag/esmf/src/prologue/yaml-cpp/src'
gmake[4]: Leaving directory '/project/esmf/himanshu/nag/esmf/src/prologue/yaml-cpp'
gmake[3]: Leaving directory '/project/esmf/himanshu/nag/esmf/src/prologue'
tree_build_unit_tests in: /project/esmf/himanshu/nag/esmf/src/test_harness
gmake[3]: Entering directory '/project/esmf/himanshu/nag/esmf/src/test_harness'
tree_build_unit_tests in: /project/esmf/himanshu/nag/esmf/src/test_harness/src
gmake[4]: Entering directory '/project/esmf/himanshu/nag/esmf/src/test_harness/src'
nagfor -c -g -pic -DESMF_NAG_UNIX_MODULE -dusty -thread_safe  -openmp -I/project/esmf/himanshu/nag/esmf/src/test_harness -I/project/esmf/himanshu/nag/esmf/build_config/Linux.nag.default -I/project/esmf/himanshu/nag/esmf/src/Infrastructure -I/project/esmf/himanshu/nag/esmf/src/Superstructure -I/project/esmf/himanshu/nag/esmf/mod/modg/Linux.nag.64.mpiuni.default -I/project/esmf/himanshu/nag/esmf/src/include   -DESMF_NO_INTEGER_1_BYTE -DESMF_NO_INTEGER_2_BYTE -DESMFVERSIONGIT='"ESMF_8_1_0_beta_snapshot_43-28-g3831f9e170"' -DESMF_MOAB=1 -DESMF_LAPACK=1 -DESMF_LAPACK_INTERNAL=1 -DESMF_NO_ACC_SOFTWARE_STACK=1 -DESMF_YAMLCPP=1 -DESMF_YAML=1 -DESMF_NO_OPENACC -DESMF_TESTEXHAUSTIVE -DESMF_BOPT_g -DESMF_TESTCOMPTUNNEL -DS64=1 -DESMF_OS_Linux=1 -DESMF_COMM=mpiuni -DESMF_DIR=/project/esmf/himanshu/nag/esmf -DESMF_MPIUNI -DESMF_NO_F2018ASSUMEDTYPE ESMF_TestHarnessTypesMod.F90 -o ESMF_TestHarnessTypesMod.o
NAG Fortran Compiler Release 7.0(Yurakucho) Build 7005
[NAG Fortran Compiler normal termination]
nagfor -c -g -pic -DESMF_NAG_UNIX_MODULE -dusty -thread_safe  -openmp -I/project/esmf/himanshu/nag/esmf/src/test_harness -I/project/esmf/himanshu/nag/esmf/build_config/Linux.nag.default -I/project/esmf/himanshu/nag/esmf/src/Infrastructure -I/project/esmf/himanshu/nag/esmf/src/Superstructure -I/project/esmf/himanshu/nag/esmf/mod/modg/Linux.nag.64.mpiuni.default -I/project/esmf/himanshu/nag/esmf/src/include   -DESMF_NO_INTEGER_1_BYTE -DESMF_NO_INTEGER_2_BYTE -DESMFVERSIONGIT='"ESMF_8_1_0_beta_snapshot_43-28-g3831f9e170"' -DESMF_MOAB=1 -DESMF_LAPACK=1 -DESMF_LAPACK_INTERNAL=1 -DESMF_NO_ACC_SOFTWARE_STACK=1 -DESMF_YAMLCPP=1 -DESMF_YAML=1 -DESMF_NO_OPENACC -DESMF_TESTEXHAUSTIVE -DESMF_BOPT_g -DESMF_TESTCOMPTUNNEL -DS64=1 -DESMF_OS_Linux=1 -DESMF_COMM=mpiuni -DESMF_DIR=/project/esmf/himanshu/nag/esmf -DESMF_MPIUNI -DESMF_NO_F2018ASSUMEDTYPE ESMF_TestHarnessUtilMod.F90 -o ESMF_TestHarnessUtilMod.o
NAG Fortran Compiler Release 7.0(Yurakucho) Build 7005
[NAG Fortran Compiler normal termination]
nagfor -c -g -pic -DESMF_NAG_UNIX_MODULE -dusty -thread_safe  -openmp -I/project/esmf/himanshu/nag/esmf/src/test_harness -I/project/esmf/himanshu/nag/esmf/build_config/Linux.nag.default -I/project/esmf/himanshu/nag/esmf/src/Infrastructure -I/project/esmf/himanshu/nag/esmf/src/Superstructure -I/project/esmf/himanshu/nag/esmf/mod/modg/Linux.nag.64.mpiuni.default -I/project/esmf/himanshu/nag/esmf/src/include   -DESMF_NO_INTEGER_1_BYTE -DESMF_NO_INTEGER_2_BYTE -DESMFVERSIONGIT='"ESMF_8_1_0_beta_snapshot_43-28-g3831f9e170"' -DESMF_MOAB=1 -DESMF_LAPACK=1 -DESMF_LAPACK_INTERNAL=1 -DESMF_NO_ACC_SOFTWARE_STACK=1 -DESMF_YAMLCPP=1 -DESMF_YAML=1 -DESMF_NO_OPENACC -DESMF_TESTEXHAUSTIVE -DESMF_BOPT_g -DESMF_TESTCOMPTUNNEL -DS64=1 -DESMF_OS_Linux=1 -DESMF_COMM=mpiuni -DESMF_DIR=/project/esmf/himanshu/nag/esmf -DESMF_MPIUNI -DESMF_NO_F2018ASSUMEDTYPE ESMF_TestHarnessReportMod.F90 -o ESMF_TestHarnessReportMod.o
NAG Fortran Compiler Release 7.0(Yurakucho) Build 7005
Questionable: ESMF_TestHarnessReportMod.F90, line 289: Variable ISTATUS set but never referenced
Questionable: ESMF_TestHarnessReportMod.F90, line 289: Variable LSTATUS set but never referenced
[NAG Fortran Compiler normal termination, 2 warnings]
nagfor -c -g -pic -DESMF_NAG_UNIX_MODULE -dusty -thread_safe  -openmp -I/project/esmf/himanshu/nag/esmf/src/test_harness -I/project/esmf/himanshu/nag/esmf/build_config/Linux.nag.default -I/project/esmf/himanshu/nag/esmf/src/Infrastructure -I/project/esmf/himanshu/nag/esmf/src/Superstructure -I/project/esmf/himanshu/nag/esmf/mod/modg/Linux.nag.64.mpiuni.default -I/project/esmf/himanshu/nag/esmf/src/include   -DESMF_NO_INTEGER_1_BYTE -DESMF_NO_INTEGER_2_BYTE -DESMFVERSIONGIT='"ESMF_8_1_0_beta_snapshot_43-28-g3831f9e170"' -DESMF_MOAB=1 -DESMF_LAPACK=1 -DESMF_LAPACK_INTERNAL=1 -DESMF_NO_ACC_SOFTWARE_STACK=1 -DESMF_YAMLCPP=1 -DESMF_YAML=1 -DESMF_NO_OPENACC -DESMF_TESTEXHAUSTIVE -DESMF_BOPT_g -DESMF_TESTCOMPTUNNEL -DS64=1 -DESMF_OS_Linux=1 -DESMF_COMM=mpiuni -DESMF_DIR=/project/esmf/himanshu/nag/esmf -DESMF_MPIUNI -DESMF_NO_F2018ASSUMEDTYPE ESMF_TestHarnessMod.F90 -o ESMF_TestHarnessMod.o
NAG Fortran Compiler Release 7.0(Yurakucho) Build 7005
Warning: ESMF_TestHarnessMod.F90, line 1765: Unused dummy variable DISTGRID
Warning: ESMF_TestHarnessMod.F90, line 2030: Unused dummy variable MEMORY
Warning: ESMF_TestHarnessMod.F90, line 2618: Unused dummy variable GRID
Warning: ESMF_TestHarnessMod.F90, line 2890: Unused dummy variable GRID
Warning: ESMF_TestHarnessMod.F90, line 3366: Unused dummy variable GRID
Questionable: ESMF_TestHarnessMod.F90, line 3595: Variable S set but never referenced
[NAG Fortran Compiler normal termination, 6 warnings]
nagfor -c -g -pic -DESMF_NAG_UNIX_MODULE -dusty -thread_safe  -openmp -I/project/esmf/himanshu/nag/esmf/src/test_harness -I/project/esmf/himanshu/nag/esmf/build_config/Linux.nag.default -I/project/esmf/himanshu/nag/esmf/src/Infrastructure -I/project/esmf/himanshu/nag/esmf/src/Superstructure -I/project/esmf/himanshu/nag/esmf/mod/modg/Linux.nag.64.mpiuni.default -I/project/esmf/himanshu/nag/esmf/src/include   -DESMF_NO_INTEGER_1_BYTE -DESMF_NO_INTEGER_2_BYTE -DESMFVERSIONGIT='"ESMF_8_1_0_beta_snapshot_43-28-g3831f9e170"' -DESMF_MOAB=1 -DESMF_LAPACK=1 -DESMF_LAPACK_INTERNAL=1 -DESMF_NO_ACC_SOFTWARE_STACK=1 -DESMF_YAMLCPP=1 -DESMF_YAML=1 -DESMF_NO_OPENACC -DESMF_TESTEXHAUSTIVE -DESMF_BOPT_g -DESMF_TESTCOMPTUNNEL -DS64=1 -DESMF_OS_Linux=1 -DESMF_COMM=mpiuni -DESMF_DIR=/project/esmf/himanshu/nag/esmf -DESMF_MPIUNI -DESMF_NO_F2018ASSUMEDTYPE ESMF_TestHarnessGridMod.F90 -o ESMF_TestHarnessGridMod.o
NAG Fortran Compiler Release 7.0(Yurakucho) Build 7005
Questionable: ESMF_TestHarnessGridMod.F90, line 1143: Variable OUT_COUNTER set but never referenced
Warning: ESMF_TestHarnessGridMod.F90, line 1175: Unused dummy variable GRID
[NAG Fortran Compiler normal termination, 2 warnings]
nagfor -c -g -pic -DESMF_NAG_UNIX_MODULE -dusty -thread_safe  -openmp -I/project/esmf/himanshu/nag/esmf/src/test_harness -I/project/esmf/himanshu/nag/esmf/build_config/Linux.nag.default -I/project/esmf/himanshu/nag/esmf/src/Infrastructure -I/project/esmf/himanshu/nag/esmf/src/Superstructure -I/project/esmf/himanshu/nag/esmf/mod/modg/Linux.nag.64.mpiuni.default -I/project/esmf/himanshu/nag/esmf/src/include   -DESMF_NO_INTEGER_1_BYTE -DESMF_NO_INTEGER_2_BYTE -DESMFVERSIONGIT='"ESMF_8_1_0_beta_snapshot_43-28-g3831f9e170"' -DESMF_MOAB=1 -DESMF_LAPACK=1 -DESMF_LAPACK_INTERNAL=1 -DESMF_NO_ACC_SOFTWARE_STACK=1 -DESMF_YAMLCPP=1 -DESMF_YAML=1 -DESMF_NO_OPENACC -DESMF_TESTEXHAUSTIVE -DESMF_BOPT_g -DESMF_TESTCOMPTUNNEL -DS64=1 -DESMF_OS_Linux=1 -DESMF_COMM=mpiuni -DESMF_DIR=/project/esmf/himanshu/nag/esmf -DESMF_MPIUNI -DESMF_NO_F2018ASSUMEDTYPE ESMF_TestHarnessDistMod.F90 -o ESMF_TestHarnessDistMod.o
NAG Fortran Compiler Release 7.0(Yurakucho) Build 7005
[NAG Fortran Compiler normal termination]
nagfor -c -g -pic -DESMF_NAG_UNIX_MODULE -dusty -thread_safe  -openmp -I/project/esmf/himanshu/nag/esmf/src/test_harness -I/project/esmf/himanshu/nag/esmf/build_config/Linux.nag.default -I/project/esmf/himanshu/nag/esmf/src/Infrastructure -I/project/esmf/himanshu/nag/esmf/src/Superstructure -I/project/esmf/himanshu/nag/esmf/mod/modg/Linux.nag.64.mpiuni.default -I/project/esmf/himanshu/nag/esmf/src/include   -DESMF_NO_INTEGER_1_BYTE -DESMF_NO_INTEGER_2_BYTE -DESMFVERSIONGIT='"ESMF_8_1_0_beta_snapshot_43-28-g3831f9e170"' -DESMF_MOAB=1 -DESMF_LAPACK=1 -DESMF_LAPACK_INTERNAL=1 -DESMF_NO_ACC_SOFTWARE_STACK=1 -DESMF_YAMLCPP=1 -DESMF_YAML=1 -DESMF_NO_OPENACC -DESMF_TESTEXHAUSTIVE -DESMF_BOPT_g -DESMF_TESTCOMPTUNNEL -DS64=1 -DESMF_OS_Linux=1 -DESMF_COMM=mpiuni -DESMF_DIR=/project/esmf/himanshu/nag/esmf -DESMF_MPIUNI -DESMF_NO_F2018ASSUMEDTYPE ESMF_TestHarnessParser.F90 -o ESMF_TestHarnessParser.o
NAG Fortran Compiler Release 7.0(Yurakucho) Build 7005
Warning: ESMF_TestHarnessParser.F90, line 1381: Unused dummy variable NSTRINGS
Warning: ESMF_TestHarnessParser.F90, line 123: Assignment to HAR in thread-safe procedure READ_TESTHARNESS_CONFIG
Warning: ESMF_TestHarnessParser.F90, line 126: Assignment to HAR in thread-safe procedure READ_TESTHARNESS_CONFIG
Warning: ESMF_TestHarnessParser.F90, line 151: Assignment to HAR in thread-safe procedure READ_TESTHARNESS_CONFIG
Warning: ESMF_TestHarnessParser.F90, line 178: Assignment to HAR in thread-safe procedure READ_TESTHARNESS_CONFIG
Warning: ESMF_TestHarnessParser.F90, line 200: Assignment to HAR in thread-safe procedure READ_TESTHARNESS_CONFIG
Warning: ESMF_TestHarnessParser.F90, line 227: HAR cannot be INTENT(OUT) actual arg in thread-safe procedure READ_TESTHARNESS_CONFIG
Warning: ESMF_TestHarnessParser.F90, line 250: ALLOCATE of HAR in thread-safe procedure READ_TESTHARNESS_CONFIG
Warning: ESMF_TestHarnessParser.F90, line 258: FLAG cannot be INTENT(OUT) actual arg in thread-safe procedure READ_TESTHARNESS_CONFIG
Warning: ESMF_TestHarnessParser.F90, line 268: Assignment to HAR in thread-safe procedure READ_TESTHARNESS_CONFIG
Warning: ESMF_TestHarnessParser.F90, line 350: HAR cannot be INTENT(INOUT) actual arg in thread-safe procedure READ_TESTHARNESS_SPECIFIER
Warning: ESMF_TestHarnessParser.F90, line 359: HAR cannot be INTENT(INOUT) actual arg in thread-safe procedure READ_TESTHARNESS_SPECIFIER
Warning: ESMF_TestHarnessParser.F90, line 371: HAR cannot be INTENT(INOUT) actual arg in thread-safe procedure READ_TESTHARNESS_SPECIFIER
Warning: ESMF_TestHarnessParser.F90, line 382: ALLOCATE of HAR in thread-safe procedure READ_TESTHARNESS_SPECIFIER
Warning: ESMF_TestHarnessParser.F90, line 395: ALLOCATE of HAR in thread-safe procedure READ_TESTHARNESS_SPECIFIER
Warning: ESMF_TestHarnessParser.F90, line 401: ALLOCATE of HAR in thread-safe procedure READ_TESTHARNESS_SPECIFIER
Warning: ESMF_TestHarnessParser.F90, line 409: Assignment to HAR in thread-safe procedure READ_TESTHARNESS_SPECIFIER
Warning: ESMF_TestHarnessParser.F90, line 427: HAR cannot be INTENT(INOUT) actual arg in thread-safe procedure READ_TESTHARNESS_SPECIFIER
[NAG Fortran Compiler normal termination, 18 warnings]
nagfor -c -g -pic -DESMF_NAG_UNIX_MODULE -dusty -thread_safe  -openmp -I/project/esmf/himanshu/nag/esmf/src/test_harness -I/project/esmf/himanshu/nag/esmf/build_config/Linux.nag.default -I/project/esmf/himanshu/nag/esmf/src/Infrastructure -I/project/esmf/himanshu/nag/esmf/src/Superstructure -I/project/esmf/himanshu/nag/esmf/mod/modg/Linux.nag.64.mpiuni.default -I/project/esmf/himanshu/nag/esmf/src/include   -DESMF_NO_INTEGER_1_BYTE -DESMF_NO_INTEGER_2_BYTE -DESMFVERSIONGIT='"ESMF_8_1_0_beta_snapshot_43-28-g3831f9e170"' -DESMF_MOAB=1 -DESMF_LAPACK=1 -DESMF_LAPACK_INTERNAL=1 -DESMF_NO_ACC_SOFTWARE_STACK=1 -DESMF_YAMLCPP=1 -DESMF_YAML=1 -DESMF_NO_OPENACC -DESMF_TESTEXHAUSTIVE -DESMF_BOPT_g -DESMF_TESTCOMPTUNNEL -DS64=1 -DESMF_OS_Linux=1 -DESMF_COMM=mpiuni -DESMF_DIR=/project/esmf/himanshu/nag/esmf -DESMF_MPIUNI -DESMF_NO_F2018ASSUMEDTYPE ESMF_TestHarnessUTest.F90 -o ESMF_TestHarnessUTest.o
NAG Fortran Compiler Release 7.0(Yurakucho) Build 7005
Warning: ESMF_TestHarnessUTest.F90, line 347: HAR cannot be INTENT(INOUT) actual arg in thread-safe procedure RUNTESTS
Warning: ESMF_TestHarnessUTest.F90, line 347: HAR cannot be INTENT(INOUT) actual arg in thread-safe procedure RUNTESTS
Warning: ESMF_TestHarnessUTest.F90, line 379: HAR cannot be INTENT(INOUT) actual arg in thread-safe procedure RUNTESTS
Warning: ESMF_TestHarnessUTest.F90, line 379: HAR cannot be INTENT(INOUT) actual arg in thread-safe procedure RUNTESTS
Warning: ESMF_TestHarnessUTest.F90, line 387: HAR cannot be INTENT(INOUT) actual arg in thread-safe procedure RUNTESTS
Warning: ESMF_TestHarnessUTest.F90, line 387: HAR cannot be INTENT(INOUT) actual arg in thread-safe procedure RUNTESTS
[NAG Fortran Compiler normal termination, 6 warnings]
nagfor    -thread_safe -Wl,-Wl,,--no-as-needed  -openmp -L/project/esmf/himanshu/nag/esmf/lib/libg/Linux.nag.64.mpiuni.default  -L/usr/local/gcc-g++-gfortran-9.3.0/lib/gcc/x86_64-pc-linux-gnu/9.3.0/../../../../lib64/ -Wl,-Wl,,-rpath,,/project/esmf/himanshu/nag/esmf/lib/libg/Linux.nag.64.mpiuni.default  -Wl,-Wl,,-rpath,,/usr/local/gcc-g++-gfortran-9.3.0/lib/gcc/x86_64-pc-linux-gnu/9.3.0/../../../../lib64/ -o /project/esmf/himanshu/nag/esmf/test/testg/Linux.nag.64.mpiuni.default/ESMF_TestHarnessUTest ESMF_TestHarnessTypesMod.o ESMF_TestHarnessMod.o ESMF_TestHarnessParser.o ESMF_TestHarnessUtilMod.o ESMF_TestHarnessGridMod.o  ESMF_TestHarnessDistMod.o ESMF_TestHarnessReportMod.o  ESMF_TestHarnessUTest.o -lesmf  -lrt -lstdc++ -ldl
NAG Fortran Compiler Release 7.0(Yurakucho) Build 7005
rm -rf -f *.o *.mod
g++ -c -std=c++11 -g -fPIC -pthread  -fopenmp -I/project/esmf/himanshu/nag/esmf/src/test_harness -I/project/esmf/himanshu/nag/esmf/src/test_harness/../include -I/project/esmf/himanshu/nag/esmf/build_config/Linux.nag.default -I/project/esmf/himanshu/nag/esmf/src/Infrastructure -I/project/esmf/himanshu/nag/esmf/src/Superstructure -I/project/esmf/himanshu/nag/esmf/src/Infrastructure/stubs/pthread  -I/project/esmf/himanshu/nag/esmf/src/include   -I/project/esmf/himanshu/nag/esmf/src/Infrastructure/stubs/mpiuni -I/project/esmf/himanshu/nag/esmf/src/prologue/yaml-cpp/include -DESMF_NO_INTEGER_1_BYTE -DESMF_NO_INTEGER_2_BYTE -DESMFVERSIONGIT='"ESMF_8_1_0_beta_snapshot_43-28-g3831f9e170"' -DESMF_MOAB=1 -DESMF_LAPACK=1 -DESMF_LAPACK_INTERNAL=1 -DESMF_NO_ACC_SOFTWARE_STACK=1 -DESMF_YAMLCPP=1 -DESMF_YAML=1 -DESMF_NO_OPENACC -DESMF_TESTEXHAUSTIVE -DESMF_BOPT_g -DESMF_TESTCOMPTUNNEL -DS64=1 -DESMF_OS_Linux=1 -DESMF_COMM=mpiuni -DESMF_DIR=/project/esmf/himanshu/nag/esmf -D__SDIR__='"src/test_harness"' -DESMF_CXXSTD=11 -DESMF_MPIUNI -DESMF_NO_F2018ASSUMEDTYPE ESMC_TestHarnessLatexPPUTest.C -o ESMC_TestHarnessLatexPPUTest.o
g++    -pthread -Wl,--no-as-needed  -fopenmp -L/project/esmf/himanshu/nag/esmf/lib/libg/Linux.nag.64.mpiuni.default  -Wl,-rpath,/project/esmf/himanshu/nag/esmf/lib/libg/Linux.nag.64.mpiuni.default  -o /project/esmf/himanshu/nag/esmf/test/testg/Linux.nag.64.mpiuni.default/ESMC_TestHarnessLatexPPUTest  ESMC_TestHarnessLatexPPUTest.o -lesmf  -lrt -ldl -m64 /usr/local/nag-7.0/lib/NAG_Fortran/quickfit.o -Wl,-rpath,/usr/local/nag-7.0/lib/NAG_Fortran /usr/local/nag-7.0/lib/NAG_Fortran/libf70rts.so /usr/local/nag-7.0/lib/NAG_Fortran/libf70rts.a -lm -lpthread
rm -rf -f *.o *.mod
gmake[4]: Leaving directory '/project/esmf/himanshu/nag/esmf/src/test_harness/src'
gmake[3]: Leaving directory '/project/esmf/himanshu/nag/esmf/src/test_harness'
tree_build_unit_tests in: /project/esmf/himanshu/nag/esmf/src/Infrastructure
gmake[3]: Entering directory '/project/esmf/himanshu/nag/esmf/src/Infrastructure'
tree_build_unit_tests in: /project/esmf/himanshu/nag/esmf/src/Infrastructure/stubs
gmake[4]: Entering directory '/project/esmf/himanshu/nag/esmf/src/Infrastructure/stubs'
tree_build_unit_tests in: /project/esmf/himanshu/nag/esmf/src/Infrastructure/stubs/mpiuni
gmake[5]: Entering directory '/project/esmf/himanshu/nag/esmf/src/Infrastructure/stubs/mpiuni'
gmake[5]: Leaving directory '/project/esmf/himanshu/nag/esmf/src/Infrastructure/stubs/mpiuni'
gmake[4]: Leaving directory '/project/esmf/himanshu/nag/esmf/src/Infrastructure/stubs'
tree_build_unit_tests in: /project/esmf/himanshu/nag/esmf/src/Infrastructure/Util
gmake[4]: Entering directory '/project/esmf/himanshu/nag/esmf/src/Infrastructure/Util'
tree_build_unit_tests in: /project/esmf/himanshu/nag/esmf/src/Infrastructure/Util/src
gmake[5]: Entering directory '/project/esmf/himanshu/nag/esmf/src/Infrastructure/Util/src'
gmake[5]: Leaving directory '/project/esmf/himanshu/nag/esmf/src/Infrastructure/Util/src'
tree_build_unit_tests in: /project/esmf/himanshu/nag/esmf/src/Infrastructure/Util/interface
gmake[5]: Entering directory '/project/esmf/himanshu/nag/esmf/src/Infrastructure/Util/interface'
gmake[5]: Leaving directory '/project/esmf/himanshu/nag/esmf/src/Infrastructure/Util/interface'
tree_build_unit_tests in: /project/esmf/himanshu/nag/esmf/src/Infrastructure/Util/tests
gmake[5]: Entering directory '/project/esmf/himanshu/nag/esmf/src/Infrastructure/Util/tests'
nagfor -c -g -pic -DESMF_NAG_UNIX_MODULE -dusty -thread_safe  -openmp -I/project/esmf/himanshu/nag/esmf/src/Infrastructure/Util/tests -I/project/esmf/himanshu/nag/esmf/build_config/Linux.nag.default -I/project/esmf/himanshu/nag/esmf/src/Infrastructure -I/project/esmf/himanshu/nag/esmf/src/Superstructure -I/project/esmf/himanshu/nag/esmf/mod/modg/Linux.nag.64.mpiuni.default -I/project/esmf/himanshu/nag/esmf/src/include   -DESMF_NO_INTEGER_1_BYTE -DESMF_NO_INTEGER_2_BYTE -DESMFVERSIONGIT='"ESMF_8_1_0_beta_snapshot_43-28-g3831f9e170"' -DESMF_MOAB=1 -DESMF_LAPACK=1 -DESMF_LAPACK_INTERNAL=1 -DESMF_NO_ACC_SOFTWARE_STACK=1 -DESMF_YAMLCPP=1 -DESMF_YAML=1 -DESMF_NO_OPENACC -DESMF_TESTEXHAUSTIVE -DESMF_BOPT_g -DESMF_TESTCOMPTUNNEL -DS64=1 -DESMF_OS_Linux=1 -DESMF_COMM=mpiuni -DESMF_DIR=/project/esmf/himanshu/nag/esmf -DESMF_MPIUNI -DESMF_NO_F2018ASSUMEDTYPE ESMF_UtilUTest.F90 -o ESMF_UtilUTest.o
NAG Fortran Compiler Release 7.0(Yurakucho) Build 7005
[NAG Fortran Compiler normal termination]
nagfor    -thread_safe -Wl,-Wl,,--no-as-needed  -openmp -L/project/esmf/himanshu/nag/esmf/lib/libg/Linux.nag.64.mpiuni.default  -L/usr/local/gcc-g++-gfortran-9.3.0/lib/gcc/x86_64-pc-linux-gnu/9.3.0/../../../../lib64/ -Wl,-Wl,,-rpath,,/project/esmf/himanshu/nag/esmf/lib/libg/Linux.nag.64.mpiuni.default  -Wl,-Wl,,-rpath,,/usr/local/gcc-g++-gfortran-9.3.0/lib/gcc/x86_64-pc-linux-gnu/9.3.0/../../../../lib64/ -o /project/esmf/himanshu/nag/esmf/test/testg/Linux.nag.64.mpiuni.default/ESMF_UtilUTest   ESMF_UtilUTest.o -lesmf  -lrt -lstdc++ -ldl
NAG Fortran Compiler Release 7.0(Yurakucho) Build 7005
rm -rf -f *.o *.mod
nagfor -c -g -pic -DESMF_NAG_UNIX_MODULE -dusty -thread_safe  -openmp -I/project/esmf/himanshu/nag/esmf/src/Infrastructure/Util/tests -I/project/esmf/himanshu/nag/esmf/build_config/Linux.nag.default -I/project/esmf/himanshu/nag/esmf/src/Infrastructure -I/project/esmf/himanshu/nag/esmf/src/Superstructure -I/project/esmf/himanshu/nag/esmf/mod/modg/Linux.nag.64.mpiuni.default -I/project/esmf/himanshu/nag/esmf/src/include   -DESMF_NO_INTEGER_1_BYTE -DESMF_NO_INTEGER_2_BYTE -DESMFVERSIONGIT='"ESMF_8_1_0_beta_snapshot_43-28-g3831f9e170"' -DESMF_MOAB=1 -DESMF_LAPACK=1 -DESMF_LAPACK_INTERNAL=1 -DESMF_NO_ACC_SOFTWARE_STACK=1 -DESMF_YAMLCPP=1 -DESMF_YAML=1 -DESMF_NO_OPENACC -DESMF_TESTEXHAUSTIVE -DESMF_BOPT_g -DESMF_TESTCOMPTUNNEL -DS64=1 -DESMF_OS_Linux=1 -DESMF_COMM=mpiuni -DESMF_DIR=/project/esmf/himanshu/nag/esmf -DESMF_MPIUNI -DESMF_NO_F2018ASSUMEDTYPE ESMF_FortranWordsizeUTest.F90 -o ESMF_FortranWordsizeUTest.o
NAG Fortran Compiler Release 7.0(Yurakucho) Build 7005
[NAG Fortran Compiler normal termination]
nagfor    -thread_safe -Wl,-Wl,,--no-as-needed  -openmp -L/project/esmf/himanshu/nag/esmf/lib/libg/Linux.nag.64.mpiuni.default  -L/usr/local/gcc-g++-gfortran-9.3.0/lib/gcc/x86_64-pc-linux-gnu/9.3.0/../../../../lib64/ -Wl,-Wl,,-rpath,,/project/esmf/himanshu/nag/esmf/lib/libg/Linux.nag.64.mpiuni.default  -Wl,-Wl,,-rpath,,/usr/local/gcc-g++-gfortran-9.3.0/lib/gcc/x86_64-pc-linux-gnu/9.3.0/../../../../lib64/ -o /project/esmf/himanshu/nag/esmf/test/testg/Linux.nag.64.mpiuni.default/ESMF_FortranWordsizeUTest   ESMF_FortranWordsizeUTest.o -lesmf  -lrt -lstdc++ -ldl
NAG Fortran Compiler Release 7.0(Yurakucho) Build 7005
rm -rf -f *.o *.mod
nagfor -c -g -pic -DESMF_NAG_UNIX_MODULE -dusty -thread_safe  -openmp -I/project/esmf/himanshu/nag/esmf/src/Infrastructure/Util/tests -I/project/esmf/himanshu/nag/esmf/build_config/Linux.nag.default -I/project/esmf/himanshu/nag/esmf/src/Infrastructure -I/project/esmf/himanshu/nag/esmf/src/Superstructure -I/project/esmf/himanshu/nag/esmf/mod/modg/Linux.nag.64.mpiuni.default -I/project/esmf/himanshu/nag/esmf/src/include   -DESMF_NO_INTEGER_1_BYTE -DESMF_NO_INTEGER_2_BYTE -DESMFVERSIONGIT='"ESMF_8_1_0_beta_snapshot_43-28-g3831f9e170"' -DESMF_MOAB=1 -DESMF_LAPACK=1 -DESMF_LAPACK_INTERNAL=1 -DESMF_NO_ACC_SOFTWARE_STACK=1 -DESMF_YAMLCPP=1 -DESMF_YAML=1 -DESMF_NO_OPENACC -DESMF_TESTEXHAUSTIVE -DESMF_BOPT_g -DESMF_TESTCOMPTUNNEL -DS64=1 -DESMF_OS_Linux=1 -DESMF_COMM=mpiuni -DESMF_DIR=/project/esmf/himanshu/nag/esmf -DESMF_MPIUNI -DESMF_NO_F2018ASSUMEDTYPE ESMF_TypeKindGetUTest.F90 -o ESMF_TypeKindGetUTest.o
NAG Fortran Compiler Release 7.0(Yurakucho) Build 7005
[NAG Fortran Compiler normal termination]
nagfor    -thread_safe -Wl,-Wl,,--no-as-needed  -openmp -L/project/esmf/himanshu/nag/esmf/lib/libg/Linux.nag.64.mpiuni.default  -L/usr/local/gcc-g++-gfortran-9.3.0/lib/gcc/x86_64-pc-linux-gnu/9.3.0/../../../../lib64/ -Wl,-Wl,,-rpath,,/project/esmf/himanshu/nag/esmf/lib/libg/Linux.nag.64.mpiuni.default  -Wl,-Wl,,-rpath,,/usr/local/gcc-g++-gfortran-9.3.0/lib/gcc/x86_64-pc-linux-gnu/9.3.0/../../../../lib64/ -o /project/esmf/himanshu/nag/esmf/test/testg/Linux.nag.64.mpiuni.default/ESMF_TypeKindGetUTest   ESMF_TypeKindGetUTest.o -lesmf  -lrt -lstdc++ -ldl
NAG Fortran Compiler Release 7.0(Yurakucho) Build 7005
rm -rf -f *.o *.mod
nagfor -c -g -pic -DESMF_NAG_UNIX_MODULE -dusty -thread_safe  -openmp -I/project/esmf/himanshu/nag/esmf/src/Infrastructure/Util/tests -I/project/esmf/himanshu/nag/esmf/build_config/Linux.nag.default -I/project/esmf/himanshu/nag/esmf/src/Infrastructure -I/project/esmf/himanshu/nag/esmf/src/Superstructure -I/project/esmf/himanshu/nag/esmf/mod/modg/Linux.nag.64.mpiuni.default -I/project/esmf/himanshu/nag/esmf/src/include   -DESMF_NO_INTEGER_1_BYTE -DESMF_NO_INTEGER_2_BYTE -DESMFVERSIONGIT='"ESMF_8_1_0_beta_snapshot_43-28-g3831f9e170"' -DESMF_MOAB=1 -DESMF_LAPACK=1 -DESMF_LAPACK_INTERNAL=1 -DESMF_NO_ACC_SOFTWARE_STACK=1 -DESMF_YAMLCPP=1 -DESMF_YAML=1 -DESMF_NO_OPENACC -DESMF_TESTEXHAUSTIVE -DESMF_BOPT_g -DESMF_TESTCOMPTUNNEL -DS64=1 -DESMF_OS_Linux=1 -DESMF_COMM=mpiuni -DESMF_DIR=/project/esmf/himanshu/nag/esmf -DESMF_MPIUNI -DESMF_NO_F2018ASSUMEDTYPE ESMF_InitMacrosTestTypes.F90 -o ESMF_InitMacrosTestTypes.o
NAG Fortran Compiler Release 7.0(Yurakucho) Build 7005
[NAG Fortran Compiler normal termination]
nagfor -c -g -pic -DESMF_NAG_UNIX_MODULE -dusty -thread_safe  -openmp -I/project/esmf/himanshu/nag/esmf/src/Infrastructure/Util/tests -I/project/esmf/himanshu/nag/esmf/build_config/Linux.nag.default -I/project/esmf/himanshu/nag/esmf/src/Infrastructure -I/project/esmf/himanshu/nag/esmf/src/Superstructure -I/project/esmf/himanshu/nag/esmf/mod/modg/Linux.nag.64.mpiuni.default -I/project/esmf/himanshu/nag/esmf/src/include   -DESMF_NO_INTEGER_1_BYTE -DESMF_NO_INTEGER_2_BYTE -DESMFVERSIONGIT='"ESMF_8_1_0_beta_snapshot_43-28-g3831f9e170"' -DESMF_MOAB=1 -DESMF_LAPACK=1 -DESMF_LAPACK_INTERNAL=1 -DESMF_NO_ACC_SOFTWARE_STACK=1 -DESMF_YAMLCPP=1 -DESMF_YAML=1 -DESMF_NO_OPENACC -DESMF_TESTEXHAUSTIVE -DESMF_BOPT_g -DESMF_TESTCOMPTUNNEL -DS64=1 -DESMF_OS_Linux=1 -DESMF_COMM=mpiuni -DESMF_DIR=/project/esmf/himanshu/nag/esmf -DESMF_MPIUNI -DESMF_NO_F2018ASSUMEDTYPE ESMF_InitMacrosUTest.F90 -o ESMF_InitMacrosUTest.o
NAG Fortran Compiler Release 7.0(Yurakucho) Build 7005
[NAG Fortran Compiler normal termination]
nagfor    -thread_safe -Wl,-Wl,,--no-as-needed  -openmp -L/project/esmf/himanshu/nag/esmf/lib/libg/Linux.nag.64.mpiuni.default  -L/usr/local/gcc-g++-gfortran-9.3.0/lib/gcc/x86_64-pc-linux-gnu/9.3.0/../../../../lib64/ -Wl,-Wl,,-rpath,,/project/esmf/himanshu/nag/esmf/lib/libg/Linux.nag.64.mpiuni.default  -Wl,-Wl,,-rpath,,/usr/local/gcc-g++-gfortran-9.3.0/lib/gcc/x86_64-pc-linux-gnu/9.3.0/../../../../lib64/ -o /project/esmf/himanshu/nag/esmf/test/testg/Linux.nag.64.mpiuni.default/ESMF_InitMacrosUTest ESMF_InitMacrosTestTypes.o  ESMF_InitMacrosUTest.o -lesmf  -lrt -lstdc++ -ldl
NAG Fortran Compiler Release 7.0(Yurakucho) Build 7005
rm -rf -f *.o *.mod
gmake[5]: Leaving directory '/project/esmf/himanshu/nag/esmf/src/Infrastructure/Util/tests'
tree_build_unit_tests in: /project/esmf/himanshu/nag/esmf/src/Infrastructure/Util/examples
gmake[5]: Entering directory '/project/esmf/himanshu/nag/esmf/src/Infrastructure/Util/examples'
gmake[5]: Leaving directory '/project/esmf/himanshu/nag/esmf/src/Infrastructure/Util/examples'
tree_build_unit_tests in: /project/esmf/himanshu/nag/esmf/src/Infrastructure/Util/doc
gmake[5]: Entering directory '/project/esmf/himanshu/nag/esmf/src/Infrastructure/Util/doc'
gmake[5]: Leaving directory '/project/esmf/himanshu/nag/esmf/src/Infrastructure/Util/doc'
gmake[4]: Leaving directory '/project/esmf/himanshu/nag/esmf/src/Infrastructure/Util'
tree_build_unit_tests in: /project/esmf/himanshu/nag/esmf/src/Infrastructure/LogErr
gmake[4]: Entering directory '/project/esmf/himanshu/nag/esmf/src/Infrastructure/LogErr'
tree_build_unit_tests in: /project/esmf/himanshu/nag/esmf/src/Infrastructure/LogErr/src
gmake[5]: Entering directory '/project/esmf/himanshu/nag/esmf/src/Infrastructure/LogErr/src'
gmake[5]: Leaving directory '/project/esmf/himanshu/nag/esmf/src/Infrastructure/LogErr/src'
tree_build_unit_tests in: /project/esmf/himanshu/nag/esmf/src/Infrastructure/LogErr/interface
gmake[5]: Entering directory '/project/esmf/himanshu/nag/esmf/src/Infrastructure/LogErr/interface'
gmake[5]: Leaving directory '/project/esmf/himanshu/nag/esmf/src/Infrastructure/LogErr/interface'
tree_build_unit_tests in: /project/esmf/himanshu/nag/esmf/src/Infrastructure/LogErr/examples
gmake[5]: Entering directory '/project/esmf/himanshu/nag/esmf/src/Infrastructure/LogErr/examples'
gmake[5]: Leaving directory '/project/esmf/himanshu/nag/esmf/src/Infrastructure/LogErr/examples'
tree_build_unit_tests in: /project/esmf/himanshu/nag/esmf/src/Infrastructure/LogErr/doc
gmake[5]: Entering directory '/project/esmf/himanshu/nag/esmf/src/Infrastructure/LogErr/doc'
gmake[5]: Leaving directory '/project/esmf/himanshu/nag/esmf/src/Infrastructure/LogErr/doc'
tree_build_unit_tests in: /project/esmf/himanshu/nag/esmf/src/Infrastructure/LogErr/tests
gmake[5]: Entering directory '/project/esmf/himanshu/nag/esmf/src/Infrastructure/LogErr/tests'
g++ -c -std=c++11 -g -fPIC -pthread  -fopenmp -I/project/esmf/himanshu/nag/esmf/src/Infrastructure/LogErr/tests -I/project/esmf/himanshu/nag/esmf/src/Infrastructure/LogErr/tests/../include -I/project/esmf/himanshu/nag/esmf/build_config/Linux.nag.default -I/project/esmf/himanshu/nag/esmf/src/Infrastructure -I/project/esmf/himanshu/nag/esmf/src/Superstructure -I/project/esmf/himanshu/nag/esmf/src/Infrastructure/stubs/pthread  -I/project/esmf/himanshu/nag/esmf/src/include   -I/project/esmf/himanshu/nag/esmf/src/Infrastructure/stubs/mpiuni -I/project/esmf/himanshu/nag/esmf/src/prologue/yaml-cpp/include -DESMF_NO_INTEGER_1_BYTE -DESMF_NO_INTEGER_2_BYTE -DESMFVERSIONGIT='"ESMF_8_1_0_beta_snapshot_43-28-g3831f9e170"' -DESMF_MOAB=1 -DESMF_LAPACK=1 -DESMF_LAPACK_INTERNAL=1 -DESMF_NO_ACC_SOFTWARE_STACK=1 -DESMF_YAMLCPP=1 -DESMF_YAML=1 -DESMF_NO_OPENACC -DESMF_TESTEXHAUSTIVE -DESMF_BOPT_g -DESMF_TESTCOMPTUNNEL -DS64=1 -DESMF_OS_Linux=1 -DESMF_COMM=mpiuni -DESMF_DIR=/project/esmf/himanshu/nag/esmf -D__SDIR__='"src/Infrastructure/LogErr/tests"' -DESMF_CXXSTD=11 -DESMF_MPIUNI -DESMF_NO_F2018ASSUMEDTYPE ESMC_LogErrUTest.C -o ESMC_LogErrUTest.o
g++    -pthread -Wl,--no-as-needed  -fopenmp -L/project/esmf/himanshu/nag/esmf/lib/libg/Linux.nag.64.mpiuni.default  -Wl,-rpath,/project/esmf/himanshu/nag/esmf/lib/libg/Linux.nag.64.mpiuni.default  -o /project/esmf/himanshu/nag/esmf/test/testg/Linux.nag.64.mpiuni.default/ESMC_LogErrUTest  ESMC_LogErrUTest.o -lesmf  -lrt -ldl -m64 /usr/local/nag-7.0/lib/NAG_Fortran/quickfit.o -Wl,-rpath,/usr/local/nag-7.0/lib/NAG_Fortran /usr/local/nag-7.0/lib/NAG_Fortran/libf70rts.so /usr/local/nag-7.0/lib/NAG_Fortran/libf70rts.a -lm -lpthread
rm -rf -f *.o *.mod
g++ -c -std=c++11 -g -fPIC -pthread  -fopenmp -I/project/esmf/himanshu/nag/esmf/src/Infrastructure/LogErr/tests -I/project/esmf/himanshu/nag/esmf/src/Infrastructure/LogErr/tests/../include -I/project/esmf/himanshu/nag/esmf/build_config/Linux.nag.default -I/project/esmf/himanshu/nag/esmf/src/Infrastructure -I/project/esmf/himanshu/nag/esmf/src/Superstructure -I/project/esmf/himanshu/nag/esmf/src/Infrastructure/stubs/pthread  -I/project/esmf/himanshu/nag/esmf/src/include   -I/project/esmf/himanshu/nag/esmf/src/Infrastructure/stubs/mpiuni -I/project/esmf/himanshu/nag/esmf/src/prologue/yaml-cpp/include -DESMF_NO_INTEGER_1_BYTE -DESMF_NO_INTEGER_2_BYTE -DESMFVERSIONGIT='"ESMF_8_1_0_beta_snapshot_43-28-g3831f9e170"' -DESMF_MOAB=1 -DESMF_LAPACK=1 -DESMF_LAPACK_INTERNAL=1 -DESMF_NO_ACC_SOFTWARE_STACK=1 -DESMF_YAMLCPP=1 -DESMF_YAML=1 -DESMF_NO_OPENACC -DESMF_TESTEXHAUSTIVE -DESMF_BOPT_g -DESMF_TESTCOMPTUNNEL -DS64=1 -DESMF_OS_Linux=1 -DESMF_COMM=mpiuni -DESMF_DIR=/project/esmf/himanshu/nag/esmf -D__SDIR__='"src/Infrastructure/LogErr/tests"' -DESMF_CXXSTD=11 -DESMF_MPIUNI -DESMF_NO_F2018ASSUMEDTYPE ESMC_LogErrPerfUTest.C -o ESMC_LogErrPerfUTest.o
In file included from /usr/local/gcc-g++-gfortran-9.3.0/include/c++/9.3.0/backward/strstream:50,
                 from /project/esmf/himanshu/nag/esmf/src/include/ESMCI_VMKernel.h:27,
                 from /project/esmf/himanshu/nag/esmf/src/include/ESMCI_VM.h:41,
                 from ESMC_LogErrPerfUTest.C:19:
/usr/local/gcc-g++-gfortran-9.3.0/include/c++/9.3.0/backward/backward_warning.h:32:2: warning: #warning This file includes at least one deprecated or antiquated header which may be removed without further notice at a future date. Please use a non-deprecated interface with equivalent functionality instead. For a listing of replacement headers and interfaces, consult the file backward_warning.h. To disable this warning use -Wno-deprecated. [-Wcpp]
   32 | #warning \
      |  ^~~~~~~
g++    -pthread -Wl,--no-as-needed  -fopenmp -L/project/esmf/himanshu/nag/esmf/lib/libg/Linux.nag.64.mpiuni.default  -Wl,-rpath,/project/esmf/himanshu/nag/esmf/lib/libg/Linux.nag.64.mpiuni.default  -o /project/esmf/himanshu/nag/esmf/test/testg/Linux.nag.64.mpiuni.default/ESMC_LogErrPerfUTest  ESMC_LogErrPerfUTest.o -lesmf  -lrt -ldl -m64 /usr/local/nag-7.0/lib/NAG_Fortran/quickfit.o -Wl,-rpath,/usr/local/nag-7.0/lib/NAG_Fortran /usr/local/nag-7.0/lib/NAG_Fortran/libf70rts.so /usr/local/nag-7.0/lib/NAG_Fortran/libf70rts.a -lm -lpthread
rm -rf -f *.o *.mod
g++ -c -std=c++11 -g -fPIC -pthread  -fopenmp -I/project/esmf/himanshu/nag/esmf/src/Infrastructure/LogErr/tests -I/project/esmf/himanshu/nag/esmf/src/Infrastructure/LogErr/tests/../include -I/project/esmf/himanshu/nag/esmf/build_config/Linux.nag.default -I/project/esmf/himanshu/nag/esmf/src/Infrastructure -I/project/esmf/himanshu/nag/esmf/src/Superstructure -I/project/esmf/himanshu/nag/esmf/src/Infrastructure/stubs/pthread  -I/project/esmf/himanshu/nag/esmf/src/include   -I/project/esmf/himanshu/nag/esmf/src/Infrastructure/stubs/mpiuni -I/project/esmf/himanshu/nag/esmf/src/prologue/yaml-cpp/include -DESMF_NO_INTEGER_1_BYTE -DESMF_NO_INTEGER_2_BYTE -DESMFVERSIONGIT='"ESMF_8_1_0_beta_snapshot_43-28-g3831f9e170"' -DESMF_MOAB=1 -DESMF_LAPACK=1 -DESMF_LAPACK_INTERNAL=1 -DESMF_NO_ACC_SOFTWARE_STACK=1 -DESMF_YAMLCPP=1 -DESMF_YAML=1 -DESMF_NO_OPENACC -DESMF_TESTEXHAUSTIVE -DESMF_BOPT_g -DESMF_TESTCOMPTUNNEL -DS64=1 -DESMF_OS_Linux=1 -DESMF_COMM=mpiuni -DESMF_DIR=/project/esmf/himanshu/nag/esmf -D__SDIR__='"src/Infrastructure/LogErr/tests"' -DESMF_CXXSTD=11 -DESMF_MPIUNI -DESMF_NO_F2018ASSUMEDTYPE ESMCI_TestError.C -o ESMCI_TestError.o
nagfor -c -g -pic -DESMF_NAG_UNIX_MODULE -dusty -thread_safe  -openmp -I/project/esmf/himanshu/nag/esmf/src/Infrastructure/LogErr/tests -I/project/esmf/himanshu/nag/esmf/build_config/Linux.nag.default -I/project/esmf/himanshu/nag/esmf/src/Infrastructure -I/project/esmf/himanshu/nag/esmf/src/Superstructure -I/project/esmf/himanshu/nag/esmf/mod/modg/Linux.nag.64.mpiuni.default -I/project/esmf/himanshu/nag/esmf/src/include   -DESMF_NO_INTEGER_1_BYTE -DESMF_NO_INTEGER_2_BYTE -DESMFVERSIONGIT='"ESMF_8_1_0_beta_snapshot_43-28-g3831f9e170"' -DESMF_MOAB=1 -DESMF_LAPACK=1 -DESMF_LAPACK_INTERNAL=1 -DESMF_NO_ACC_SOFTWARE_STACK=1 -DESMF_YAMLCPP=1 -DESMF_YAML=1 -DESMF_NO_OPENACC -DESMF_TESTEXHAUSTIVE -DESMF_BOPT_g -DESMF_TESTCOMPTUNNEL -DS64=1 -DESMF_OS_Linux=1 -DESMF_COMM=mpiuni -DESMF_DIR=/project/esmf/himanshu/nag/esmf -DESMF_MPIUNI -DESMF_NO_F2018ASSUMEDTYPE ESMF_LogErrUTest.F90 -o ESMF_LogErrUTest.o
NAG Fortran Compiler Release 7.0(Yurakucho) Build 7005
Warning: ESMF_LogErrUTest.F90, line 1538: Unused local variable FLUSH_FLAG
[NAG Fortran Compiler normal termination, 1 warning]
nagfor    -thread_safe -Wl,-Wl,,--no-as-needed  -openmp -L/project/esmf/himanshu/nag/esmf/lib/libg/Linux.nag.64.mpiuni.default  -L/usr/local/gcc-g++-gfortran-9.3.0/lib/gcc/x86_64-pc-linux-gnu/9.3.0/../../../../lib64/ -Wl,-Wl,,-rpath,,/project/esmf/himanshu/nag/esmf/lib/libg/Linux.nag.64.mpiuni.default  -Wl,-Wl,,-rpath,,/usr/local/gcc-g++-gfortran-9.3.0/lib/gcc/x86_64-pc-linux-gnu/9.3.0/../../../../lib64/ -o /project/esmf/himanshu/nag/esmf/test/testg/Linux.nag.64.mpiuni.default/ESMF_LogErrUTest ESMCI_TestError.o  ESMF_LogErrUTest.o -lesmf  -lrt -lstdc++ -ldl
NAG Fortran Compiler Release 7.0(Yurakucho) Build 7005
rm -rf -f *.o *.mod
nagfor -c -g -pic -DESMF_NAG_UNIX_MODULE -dusty -thread_safe  -openmp -I/project/esmf/himanshu/nag/esmf/src/Infrastructure/LogErr/tests -I/project/esmf/himanshu/nag/esmf/build_config/Linux.nag.default -I/project/esmf/himanshu/nag/esmf/src/Infrastructure -I/project/esmf/himanshu/nag/esmf/src/Superstructure -I/project/esmf/himanshu/nag/esmf/mod/modg/Linux.nag.64.mpiuni.default -I/project/esmf/himanshu/nag/esmf/src/include   -DESMF_NO_INTEGER_1_BYTE -DESMF_NO_INTEGER_2_BYTE -DESMFVERSIONGIT='"ESMF_8_1_0_beta_snapshot_43-28-g3831f9e170"' -DESMF_MOAB=1 -DESMF_LAPACK=1 -DESMF_LAPACK_INTERNAL=1 -DESMF_NO_ACC_SOFTWARE_STACK=1 -DESMF_YAMLCPP=1 -DESMF_YAML=1 -DESMF_NO_OPENACC -DESMF_TESTEXHAUSTIVE -DESMF_BOPT_g -DESMF_TESTCOMPTUNNEL -DS64=1 -DESMF_OS_Linux=1 -DESMF_COMM=mpiuni -DESMF_DIR=/project/esmf/himanshu/nag/esmf -DESMF_MPIUNI -DESMF_NO_F2018ASSUMEDTYPE ESMF_LogErrPerfUTest.F90 -o ESMF_LogErrPerfUTest.o
NAG Fortran Compiler Release 7.0(Yurakucho) Build 7005
Questionable: ESMF_LogErrPerfUTest.F90, line 135: Variable TESTFLAG set but never referenced
Warning: ESMF_LogErrPerfUTest.F90, line 118: RC cannot be INTENT(OUT) actual arg in thread-safe procedure PERFLOGFOUNDERROR
Warning: ESMF_LogErrPerfUTest.F90, line 125: RC cannot be INTENT(OUT) actual arg in thread-safe procedure PERFLOGFOUNDERROR
Warning: ESMF_LogErrPerfUTest.F90, line 129: RC cannot be INTENT(OUT) actual arg in thread-safe procedure PERFLOGFOUNDERROR
Warning: ESMF_LogErrPerfUTest.F90, line 134: Assignment to RC in thread-safe procedure PERFLOGFOUNDERROR
[NAG Fortran Compiler normal termination, 5 warnings]
nagfor    -thread_safe -Wl,-Wl,,--no-as-needed  -openmp -L/project/esmf/himanshu/nag/esmf/lib/libg/Linux.nag.64.mpiuni.default  -L/usr/local/gcc-g++-gfortran-9.3.0/lib/gcc/x86_64-pc-linux-gnu/9.3.0/../../../../lib64/ -Wl,-Wl,,-rpath,,/project/esmf/himanshu/nag/esmf/lib/libg/Linux.nag.64.mpiuni.default  -Wl,-Wl,,-rpath,,/usr/local/gcc-g++-gfortran-9.3.0/lib/gcc/x86_64-pc-linux-gnu/9.3.0/../../../../lib64/ -o /project/esmf/himanshu/nag/esmf/test/testg/Linux.nag.64.mpiuni.default/ESMF_LogErrPerfUTest   ESMF_LogErrPerfUTest.o -lesmf  -lrt -lstdc++ -ldl
NAG Fortran Compiler Release 7.0(Yurakucho) Build 7005
rm -rf -f *.o *.mod
gmake[5]: Leaving directory '/project/esmf/himanshu/nag/esmf/src/Infrastructure/LogErr/tests'
gmake[4]: Leaving directory '/project/esmf/himanshu/nag/esmf/src/Infrastructure/LogErr'
tree_build_unit_tests in: /project/esmf/himanshu/nag/esmf/src/Infrastructure/VM
gmake[4]: Entering directory '/project/esmf/himanshu/nag/esmf/src/Infrastructure/VM'
tree_build_unit_tests in: /project/esmf/himanshu/nag/esmf/src/Infrastructure/VM/src
gmake[5]: Entering directory '/project/esmf/himanshu/nag/esmf/src/Infrastructure/VM/src'
tree_build_unit_tests in: /project/esmf/himanshu/nag/esmf/src/Infrastructure/VM/src/acc
gmake[6]: Entering directory '/project/esmf/himanshu/nag/esmf/src/Infrastructure/VM/src/acc'
gmake[6]: Leaving directory '/project/esmf/himanshu/nag/esmf/src/Infrastructure/VM/src/acc'
gmake[5]: Leaving directory '/project/esmf/himanshu/nag/esmf/src/Infrastructure/VM/src'
tree_build_unit_tests in: /project/esmf/himanshu/nag/esmf/src/Infrastructure/VM/interface
gmake[5]: Entering directory '/project/esmf/himanshu/nag/esmf/src/Infrastructure/VM/interface'
gmake[5]: Leaving directory '/project/esmf/himanshu/nag/esmf/src/Infrastructure/VM/interface'
tree_build_unit_tests in: /project/esmf/himanshu/nag/esmf/src/Infrastructure/VM/doc
gmake[5]: Entering directory '/project/esmf/himanshu/nag/esmf/src/Infrastructure/VM/doc'
gmake[5]: Leaving directory '/project/esmf/himanshu/nag/esmf/src/Infrastructure/VM/doc'
tree_build_unit_tests in: /project/esmf/himanshu/nag/esmf/src/Infrastructure/VM/examples
gmake[5]: Entering directory '/project/esmf/himanshu/nag/esmf/src/Infrastructure/VM/examples'
gmake[5]: Leaving directory '/project/esmf/himanshu/nag/esmf/src/Infrastructure/VM/examples'
tree_build_unit_tests in: /project/esmf/himanshu/nag/esmf/src/Infrastructure/VM/tests
gmake[5]: Entering directory '/project/esmf/himanshu/nag/esmf/src/Infrastructure/VM/tests'
g++ -c -std=c++11 -g -fPIC -pthread  -fopenmp -I/project/esmf/himanshu/nag/esmf/src/Infrastructure/VM/tests -I/project/esmf/himanshu/nag/esmf/src/Infrastructure/VM/tests/../include -I/project/esmf/himanshu/nag/esmf/build_config/Linux.nag.default -I/project/esmf/himanshu/nag/esmf/src/Infrastructure -I/project/esmf/himanshu/nag/esmf/src/Superstructure -I/project/esmf/himanshu/nag/esmf/src/Infrastructure/stubs/pthread  -I/project/esmf/himanshu/nag/esmf/src/include   -I/project/esmf/himanshu/nag/esmf/src/Infrastructure/stubs/mpiuni -I/project/esmf/himanshu/nag/esmf/src/prologue/yaml-cpp/include -DESMF_NO_INTEGER_1_BYTE -DESMF_NO_INTEGER_2_BYTE -DESMFVERSIONGIT='"ESMF_8_1_0_beta_snapshot_43-28-g3831f9e170"' -DESMF_MOAB=1 -DESMF_LAPACK=1 -DESMF_LAPACK_INTERNAL=1 -DESMF_NO_ACC_SOFTWARE_STACK=1 -DESMF_YAMLCPP=1 -DESMF_YAML=1 -DESMF_NO_OPENACC -DESMF_TESTEXHAUSTIVE -DESMF_BOPT_g -DESMF_TESTCOMPTUNNEL -DS64=1 -DESMF_OS_Linux=1 -DESMF_COMM=mpiuni -DESMF_DIR=/project/esmf/himanshu/nag/esmf -D__SDIR__='"src/Infrastructure/VM/tests"' -DESMF_CXXSTD=11 -DESMF_MPIUNI -DESMF_NO_F2018ASSUMEDTYPE ESMC_VMUTest.C -o ESMC_VMUTest.o
g++    -pthread -Wl,--no-as-needed  -fopenmp -L/project/esmf/himanshu/nag/esmf/lib/libg/Linux.nag.64.mpiuni.default  -Wl,-rpath,/project/esmf/himanshu/nag/esmf/lib/libg/Linux.nag.64.mpiuni.default  -o /project/esmf/himanshu/nag/esmf/test/testg/Linux.nag.64.mpiuni.default/ESMC_VMUTest  ESMC_VMUTest.o -lesmf  -lrt -ldl -m64 /usr/local/nag-7.0/lib/NAG_Fortran/quickfit.o -Wl,-rpath,/usr/local/nag-7.0/lib/NAG_Fortran /usr/local/nag-7.0/lib/NAG_Fortran/libf70rts.so /usr/local/nag-7.0/lib/NAG_Fortran/libf70rts.a -lm -lpthread
rm -rf -f *.o *.mod
nagfor -c -g -pic -DESMF_NAG_UNIX_MODULE -dusty -thread_safe  -openmp -I/project/esmf/himanshu/nag/esmf/src/Infrastructure/VM/tests -I/project/esmf/himanshu/nag/esmf/build_config/Linux.nag.default -I/project/esmf/himanshu/nag/esmf/src/Infrastructure -I/project/esmf/himanshu/nag/esmf/src/Superstructure -I/project/esmf/himanshu/nag/esmf/mod/modg/Linux.nag.64.mpiuni.default -I/project/esmf/himanshu/nag/esmf/src/include   -DESMF_NO_INTEGER_1_BYTE -DESMF_NO_INTEGER_2_BYTE -DESMFVERSIONGIT='"ESMF_8_1_0_beta_snapshot_43-28-g3831f9e170"' -DESMF_MOAB=1 -DESMF_LAPACK=1 -DESMF_LAPACK_INTERNAL=1 -DESMF_NO_ACC_SOFTWARE_STACK=1 -DESMF_YAMLCPP=1 -DESMF_YAML=1 -DESMF_NO_OPENACC -DESMF_TESTEXHAUSTIVE -DESMF_BOPT_g -DESMF_TESTCOMPTUNNEL -DS64=1 -DESMF_OS_Linux=1 -DESMF_COMM=mpiuni -DESMF_DIR=/project/esmf/himanshu/nag/esmf -DESMF_MPIUNI -DESMF_NO_F2018ASSUMEDTYPE ESMF_VMUTest.F90 -o ESMF_VMUTest.o
NAG Fortran Compiler Release 7.0(Yurakucho) Build 7005
Warning: ESMF_VMUTest.F90, line 1474: Local variable BASE is default initialised but never used
Warning: ESMF_VMUTest.F90, line 70: Internal file WRITE to FAILMSG in thread-safe procedure TEST_VM_CURRENT
Warning: ESMF_VMUTest.F90, line 71: Internal file WRITE to NAME in thread-safe procedure TEST_VM_CURRENT
Warning: ESMF_VMUTest.F90, line 72: TEST_VM cannot be INTENT(OUT) actual arg in thread-safe procedure TEST_VM_CURRENT
Warning: ESMF_VMUTest.F90, line 72: RC cannot be INTENT(OUT) actual arg in thread-safe procedure TEST_VM_CURRENT
Warning: ESMF_VMUTest.F90, line 73: RESULT cannot be INTENT(INOUT) actual arg in thread-safe procedure TEST_VM_CURRENT
Warning: ESMF_VMUTest.F90, line 77: Internal file WRITE to FAILMSG in thread-safe procedure TEST_VM_CURRENT
Warning: ESMF_VMUTest.F90, line 78: Internal file WRITE to NAME in thread-safe procedure TEST_VM_CURRENT
Warning: ESMF_VMUTest.F90, line 79: TEST_LOCALPET cannot be INTENT(OUT) actual arg in thread-safe procedure TEST_VM_CURRENT
Warning: ESMF_VMUTest.F90, line 79: TEST_NPETS cannot be INTENT(OUT) actual arg in thread-safe procedure TEST_VM_CURRENT
Warning: ESMF_VMUTest.F90, line 79: SSIMAP cannot be INTENT(OUT) actual arg in thread-safe procedure TEST_VM_CURRENT
Warning: ESMF_VMUTest.F90, line 79: RC cannot be INTENT(OUT) actual arg in thread-safe procedure TEST_VM_CURRENT
Warning: ESMF_VMUTest.F90, line 81: RESULT cannot be INTENT(INOUT) actual arg in thread-safe procedure TEST_VM_CURRENT
Warning: ESMF_VMUTest.F90, line 83: Internal file WRITE to SSIMAPSTRING in thread-safe procedure TEST_VM_CURRENT
Warning: ESMF_VMUTest.F90, line 84: RC cannot be INTENT(OUT) actual arg in thread-safe procedure TEST_VM_CURRENT
Warning: ESMF_VMUTest.F90, line 89: Internal file WRITE to FAILMSG in thread-safe procedure TEST_VM_CURRENT
Warning: ESMF_VMUTest.F90, line 90: Internal file WRITE to NAME in thread-safe procedure TEST_VM_CURRENT
Warning: ESMF_VMUTest.F90, line 91: RESULT cannot be INTENT(INOUT) actual arg in thread-safe procedure TEST_VM_CURRENT
Warning: ESMF_VMUTest.F90, line 96: Internal file WRITE to FAILMSG in thread-safe procedure TEST_VM_CURRENT
Warning: ESMF_VMUTest.F90, line 97: Internal file WRITE to NAME in thread-safe procedure TEST_VM_CURRENT
Warning: ESMF_VMUTest.F90, line 98: RESULT cannot be INTENT(INOUT) actual arg in thread-safe procedure TEST_VM_CURRENT
Warning: ESMF_VMUTest.F90, line 105: VM cannot be INTENT(OUT) actual arg in thread-safe procedure TEST_VM_OPERATORS
Warning: ESMF_VMUTest.F90, line 105: RC cannot be INTENT(OUT) actual arg in thread-safe procedure TEST_VM_OPERATORS
Warning: ESMF_VMUTest.F90, line 109: Internal file WRITE to NAME in thread-safe procedure TEST_VM_OPERATORS
Warning: ESMF_VMUTest.F90, line 110: Internal file WRITE to FAILMSG in thread-safe procedure TEST_VM_OPERATORS
Warning: ESMF_VMUTest.F90, line 111: Assignment to VMBOOL in thread-safe procedure TEST_VM_OPERATORS
Warning: ESMF_VMUTest.F90, line 112: RESULT cannot be INTENT(INOUT) actual arg in thread-safe procedure TEST_VM_OPERATORS
Warning: ESMF_VMUTest.F90, line 117: Internal file WRITE to NAME in thread-safe procedure TEST_VM_OPERATORS
Warning: ESMF_VMUTest.F90, line 118: Internal file WRITE to FAILMSG in thread-safe procedure TEST_VM_OPERATORS
Warning: ESMF_VMUTest.F90, line 119: Assignment to VMALIAS in thread-safe procedure TEST_VM_OPERATORS
Warning: ESMF_VMUTest.F90, line 120: Assignment to VMBOOL in thread-safe procedure TEST_VM_OPERATORS
Warning: ESMF_VMUTest.F90, line 121: RESULT cannot be INTENT(INOUT) actual arg in thread-safe procedure TEST_VM_OPERATORS
Warning: ESMF_VMUTest.F90, line 126: Internal file WRITE to NAME in thread-safe procedure TEST_VM_OPERATORS
Warning: ESMF_VMUTest.F90, line 127: Internal file WRITE to FAILMSG in thread-safe procedure TEST_VM_OPERATORS
Warning: ESMF_VMUTest.F90, line 128: Assignment to VMBOOL in thread-safe procedure TEST_VM_OPERATORS
Warning: ESMF_VMUTest.F90, line 129: RESULT cannot be INTENT(INOUT) actual arg in thread-safe procedure TEST_VM_OPERATORS
Warning: ESMF_VMUTest.F90, line 134: Internal file WRITE to NAME in thread-safe procedure TEST_VM_OPERATORS
Warning: ESMF_VMUTest.F90, line 135: Internal file WRITE to FAILMSG in thread-safe procedure TEST_VM_OPERATORS
Warning: ESMF_VMUTest.F90, line 136: Assignment to VMBOOL in thread-safe procedure TEST_VM_OPERATORS
Warning: ESMF_VMUTest.F90, line 137: RESULT cannot be INTENT(INOUT) actual arg in thread-safe procedure TEST_VM_OPERATORS
Warning: ESMF_VMUTest.F90, line 147: Assignment to INIT_SEC in thread-safe procedure TEST_VM_TIME
Warning: ESMF_VMUTest.F90, line 150: Assignment to DELAY_INTERVAL in thread-safe procedure TEST_VM_TIME
Warning: ESMF_VMUTest.F90, line 151: Internal file WRITE to FAILMSG in thread-safe procedure TEST_VM_TIME
Warning: ESMF_VMUTest.F90, line 152: Internal file WRITE to NAME in thread-safe procedure TEST_VM_TIME
Warning: ESMF_VMUTest.F90, line 153: RC cannot be INTENT(OUT) actual arg in thread-safe procedure TEST_VM_TIME
Warning: ESMF_VMUTest.F90, line 154: RESULT cannot be INTENT(INOUT) actual arg in thread-safe procedure TEST_VM_TIME
Warning: ESMF_VMUTest.F90, line 159: Assignment to END_SEC in thread-safe procedure TEST_VM_TIME
Warning: ESMF_VMUTest.F90, line 160: Internal file WRITE to FAILMSG in thread-safe procedure TEST_VM_TIME
Warning: ESMF_VMUTest.F90, line 161: Internal file WRITE to NAME in thread-safe procedure TEST_VM_TIME
Warning: ESMF_VMUTest.F90, line 162: Assignment to DELAY_TIME in thread-safe procedure TEST_VM_TIME
Warning: ESMF_VMUTest.F90, line 167: Assignment to DELAY_TIME in thread-safe procedure TEST_VM_TIME
Warning: ESMF_VMUTest.F90, line 169: RESULT cannot be INTENT(INOUT) actual arg in thread-safe procedure TEST_VM_TIME
Warning: ESMF_VMUTest.F90, line 173: Internal file WRITE to FAILMSG in thread-safe procedure TEST_VM_TIME
Warning: ESMF_VMUTest.F90, line 174: Internal file WRITE to NAME in thread-safe procedure TEST_VM_TIME
Warning: ESMF_VMUTest.F90, line 175: VM_PREC cannot be INTENT(OUT) actual arg in thread-safe procedure TEST_VM_TIME
Warning: ESMF_VMUTest.F90, line 175: RC cannot be INTENT(OUT) actual arg in thread-safe procedure TEST_VM_TIME
Warning: ESMF_VMUTest.F90, line 176: RESULT cannot be INTENT(INOUT) actual arg in thread-safe procedure TEST_VM_TIME
Warning: ESMF_VMUTest.F90, line 181: Internal file WRITE to FAILMSG in thread-safe procedure TEST_VM_TIME
Warning: ESMF_VMUTest.F90, line 182: Internal file WRITE to NAME in thread-safe procedure TEST_VM_TIME
Warning: ESMF_VMUTest.F90, line 183: RESULT cannot be INTENT(INOUT) actual arg in thread-safe procedure TEST_VM_TIME
Warning: ESMF_VMUTest.F90, line 201: Assignment to ARRAY4 in thread-safe procedure TEST_REDUCE_SUM
Warning: ESMF_VMUTest.F90, line 204: Assignment to ARRAY5 in thread-safe procedure TEST_REDUCE_SUM
Warning: ESMF_VMUTest.F90, line 206: Assignment to ARRAY5 in thread-safe procedure TEST_REDUCE_SUM
Warning: ESMF_VMUTest.F90, line 208: Internal file WRITE to FAILMSG in thread-safe procedure TEST_REDUCE_SUM
Warning: ESMF_VMUTest.F90, line 209: Internal file WRITE to NAME in thread-safe procedure TEST_REDUCE_SUM
Warning: ESMF_VMUTest.F90, line 210: ARRAY4 cannot be INTENT(OUT) actual arg in thread-safe procedure TEST_REDUCE_SUM
Warning: ESMF_VMUTest.F90, line 210: RC cannot be INTENT(OUT) actual arg in thread-safe procedure TEST_REDUCE_SUM
Warning: ESMF_VMUTest.F90, line 212: RESULT cannot be INTENT(INOUT) actual arg in thread-safe procedure TEST_REDUCE_SUM
Warning: ESMF_VMUTest.F90, line 223: Internal file WRITE to FAILMSG in thread-safe procedure TEST_REDUCE_SUM
Warning: ESMF_VMUTest.F90, line 224: Internal file WRITE to NAME in thread-safe procedure TEST_REDUCE_SUM
Warning: ESMF_VMUTest.F90, line 230: RESULT cannot be INTENT(INOUT) actual arg in thread-safe procedure TEST_REDUCE_SUM
Warning: ESMF_VMUTest.F90, line 236: Assignment to FARRAY4 in thread-safe procedure TEST_REDUCE_SUM
Warning: ESMF_VMUTest.F90, line 239: Assignment to FARRAY5 in thread-safe procedure TEST_REDUCE_SUM
Warning: ESMF_VMUTest.F90, line 241: Assignment to FARRAY5 in thread-safe procedure TEST_REDUCE_SUM
Warning: ESMF_VMUTest.F90, line 243: Internal file WRITE to FAILMSG in thread-safe procedure TEST_REDUCE_SUM
Warning: ESMF_VMUTest.F90, line 244: Internal file WRITE to NAME in thread-safe procedure TEST_REDUCE_SUM
Warning: ESMF_VMUTest.F90, line 245: FARRAY4 cannot be INTENT(OUT) actual arg in thread-safe procedure TEST_REDUCE_SUM
Warning: ESMF_VMUTest.F90, line 245: RC cannot be INTENT(OUT) actual arg in thread-safe procedure TEST_REDUCE_SUM
Warning: ESMF_VMUTest.F90, line 247: RESULT cannot be INTENT(INOUT) actual arg in thread-safe procedure TEST_REDUCE_SUM
Warning: ESMF_VMUTest.F90, line 260: Internal file WRITE to FAILMSG in thread-safe procedure TEST_REDUCE_SUM
Warning: ESMF_VMUTest.F90, line 261: Internal file WRITE to NAME in thread-safe procedure TEST_REDUCE_SUM
Warning: ESMF_VMUTest.F90, line 267: RESULT cannot be INTENT(INOUT) actual arg in thread-safe procedure TEST_REDUCE_SUM
Warning: ESMF_VMUTest.F90, line 274: Assignment to F4ARRAY4 in thread-safe procedure TEST_REDUCE_SUM
Warning: ESMF_VMUTest.F90, line 277: Assignment to F4ARRAY5 in thread-safe procedure TEST_REDUCE_SUM
Warning: ESMF_VMUTest.F90, line 279: Assignment to F4ARRAY5 in thread-safe procedure TEST_REDUCE_SUM
Warning: ESMF_VMUTest.F90, line 282: Internal file WRITE to FAILMSG in thread-safe procedure TEST_REDUCE_SUM
Warning: ESMF_VMUTest.F90, line 283: Internal file WRITE to NAME in thread-safe procedure TEST_REDUCE_SUM
Warning: ESMF_VMUTest.F90, line 284: F4ARRAY4 cannot be INTENT(OUT) actual arg in thread-safe procedure TEST_REDUCE_SUM
Warning: ESMF_VMUTest.F90, line 284: RC cannot be INTENT(OUT) actual arg in thread-safe procedure TEST_REDUCE_SUM
Warning: ESMF_VMUTest.F90, line 286: RESULT cannot be INTENT(INOUT) actual arg in thread-safe procedure TEST_REDUCE_SUM
Warning: ESMF_VMUTest.F90, line 300: Internal file WRITE to FAILMSG in thread-safe procedure TEST_REDUCE_SUM
Warning: ESMF_VMUTest.F90, line 301: Internal file WRITE to NAME in thread-safe procedure TEST_REDUCE_SUM
Warning: ESMF_VMUTest.F90, line 307: RESULT cannot be INTENT(INOUT) actual arg in thread-safe procedure TEST_REDUCE_SUM
Warning: ESMF_VMUTest.F90, line 331: Assignment to ARRAY4 in thread-safe procedure TEST_REDUCE_MIN
Warning: ESMF_VMUTest.F90, line 333: Assignment to ARRAY5 in thread-safe procedure TEST_REDUCE_MIN
Warning: ESMF_VMUTest.F90, line 334: Internal file WRITE to FAILMSG in thread-safe procedure TEST_REDUCE_MIN
Warning: ESMF_VMUTest.F90, line 335: Internal file WRITE to NAME in thread-safe procedure TEST_REDUCE_MIN
Warning: ESMF_VMUTest.F90, line 336: ARRAY4 cannot be INTENT(OUT) actual arg in thread-safe procedure TEST_REDUCE_MIN
Warning: ESMF_VMUTest.F90, line 336: RC cannot be INTENT(OUT) actual arg in thread-safe procedure TEST_REDUCE_MIN
Warning: ESMF_VMUTest.F90, line 338: RESULT cannot be INTENT(INOUT) actual arg in thread-safe procedure TEST_REDUCE_MIN
Warning: ESMF_VMUTest.F90, line 349: Internal file WRITE to FAILMSG in thread-safe procedure TEST_REDUCE_MIN
Warning: ESMF_VMUTest.F90, line 350: Internal file WRITE to NAME in thread-safe procedure TEST_REDUCE_MIN
Warning: ESMF_VMUTest.F90, line 356: RESULT cannot be INTENT(INOUT) actual arg in thread-safe procedure TEST_REDUCE_MIN
Warning: ESMF_VMUTest.F90, line 362: Assignment to FARRAY4 in thread-safe procedure TEST_REDUCE_MIN
Warning: ESMF_VMUTest.F90, line 364: Assignment to FARRAY5 in thread-safe procedure TEST_REDUCE_MIN
Warning: ESMF_VMUTest.F90, line 365: Internal file WRITE to FAILMSG in thread-safe procedure TEST_REDUCE_MIN
Warning: ESMF_VMUTest.F90, line 366: Internal file WRITE to NAME in thread-safe procedure TEST_REDUCE_MIN
Warning: ESMF_VMUTest.F90, line 367: FARRAY4 cannot be INTENT(OUT) actual arg in thread-safe procedure TEST_REDUCE_MIN
Warning: ESMF_VMUTest.F90, line 367: RC cannot be INTENT(OUT) actual arg in thread-safe procedure TEST_REDUCE_MIN
Warning: ESMF_VMUTest.F90, line 369: RESULT cannot be INTENT(INOUT) actual arg in thread-safe procedure TEST_REDUCE_MIN
Warning: ESMF_VMUTest.F90, line 382: Internal file WRITE to FAILMSG in thread-safe procedure TEST_REDUCE_MIN
Warning: ESMF_VMUTest.F90, line 383: Internal file WRITE to NAME in thread-safe procedure TEST_REDUCE_MIN
Warning: ESMF_VMUTest.F90, line 389: RESULT cannot be INTENT(INOUT) actual arg in thread-safe procedure TEST_REDUCE_MIN
Warning: ESMF_VMUTest.F90, line 396: Assignment to F4ARRAY4 in thread-safe procedure TEST_REDUCE_MIN
Warning: ESMF_VMUTest.F90, line 398: Assignment to F4ARRAY5 in thread-safe procedure TEST_REDUCE_MIN
Warning: ESMF_VMUTest.F90, line 400: Internal file WRITE to FAILMSG in thread-safe procedure TEST_REDUCE_MIN
Warning: ESMF_VMUTest.F90, line 401: Internal file WRITE to NAME in thread-safe procedure TEST_REDUCE_MIN
Warning: ESMF_VMUTest.F90, line 402: F4ARRAY4 cannot be INTENT(OUT) actual arg in thread-safe procedure TEST_REDUCE_MIN
Warning: ESMF_VMUTest.F90, line 402: RC cannot be INTENT(OUT) actual arg in thread-safe procedure TEST_REDUCE_MIN
Warning: ESMF_VMUTest.F90, line 404: RESULT cannot be INTENT(INOUT) actual arg in thread-safe procedure TEST_REDUCE_MIN
Warning: ESMF_VMUTest.F90, line 418: Internal file WRITE to FAILMSG in thread-safe procedure TEST_REDUCE_MIN
Warning: ESMF_VMUTest.F90, line 419: Internal file WRITE to NAME in thread-safe procedure TEST_REDUCE_MIN
Warning: ESMF_VMUTest.F90, line 425: RESULT cannot be INTENT(INOUT) actual arg in thread-safe procedure TEST_REDUCE_MIN
Warning: ESMF_VMUTest.F90, line 448: Assignment to ARRAY4 in thread-safe procedure TEST_REDUCE_MAX
Warning: ESMF_VMUTest.F90, line 451: Assignment to ARRAY5 in thread-safe procedure TEST_REDUCE_MAX
Warning: ESMF_VMUTest.F90, line 453: Assignment to ARRAY5 in thread-safe procedure TEST_REDUCE_MAX
Warning: ESMF_VMUTest.F90, line 455: Internal file WRITE to FAILMSG in thread-safe procedure TEST_REDUCE_MAX
Warning: ESMF_VMUTest.F90, line 456: Internal file WRITE to NAME in thread-safe procedure TEST_REDUCE_MAX
Warning: ESMF_VMUTest.F90, line 457: ARRAY4 cannot be INTENT(OUT) actual arg in thread-safe procedure TEST_REDUCE_MAX
Warning: ESMF_VMUTest.F90, line 457: RC cannot be INTENT(OUT) actual arg in thread-safe procedure TEST_REDUCE_MAX
Warning: ESMF_VMUTest.F90, line 459: RESULT cannot be INTENT(INOUT) actual arg in thread-safe procedure TEST_REDUCE_MAX
Warning: ESMF_VMUTest.F90, line 470: Internal file WRITE to FAILMSG in thread-safe procedure TEST_REDUCE_MAX
Warning: ESMF_VMUTest.F90, line 471: Internal file WRITE to NAME in thread-safe procedure TEST_REDUCE_MAX
Warning: ESMF_VMUTest.F90, line 477: RESULT cannot be INTENT(INOUT) actual arg in thread-safe procedure TEST_REDUCE_MAX
Warning: ESMF_VMUTest.F90, line 483: Assignment to FARRAY4 in thread-safe procedure TEST_REDUCE_MAX
Warning: ESMF_VMUTest.F90, line 486: Assignment to FARRAY5 in thread-safe procedure TEST_REDUCE_MAX
Warning: ESMF_VMUTest.F90, line 488: Assignment to FARRAY5 in thread-safe procedure TEST_REDUCE_MAX
Warning: ESMF_VMUTest.F90, line 490: Internal file WRITE to FAILMSG in thread-safe procedure TEST_REDUCE_MAX
Warning: ESMF_VMUTest.F90, line 491: Internal file WRITE to NAME in thread-safe procedure TEST_REDUCE_MAX
Warning: ESMF_VMUTest.F90, line 492: FARRAY4 cannot be INTENT(OUT) actual arg in thread-safe procedure TEST_REDUCE_MAX
Warning: ESMF_VMUTest.F90, line 492: RC cannot be INTENT(OUT) actual arg in thread-safe procedure TEST_REDUCE_MAX
Warning: ESMF_VMUTest.F90, line 494: RESULT cannot be INTENT(INOUT) actual arg in thread-safe procedure TEST_REDUCE_MAX
Warning: ESMF_VMUTest.F90, line 507: Internal file WRITE to FAILMSG in thread-safe procedure TEST_REDUCE_MAX
Warning: ESMF_VMUTest.F90, line 508: Internal file WRITE to NAME in thread-safe procedure TEST_REDUCE_MAX
Warning: ESMF_VMUTest.F90, line 514: RESULT cannot be INTENT(INOUT) actual arg in thread-safe procedure TEST_REDUCE_MAX
Warning: ESMF_VMUTest.F90, line 521: Assignment to F4ARRAY4 in thread-safe procedure TEST_REDUCE_MAX
Warning: ESMF_VMUTest.F90, line 524: Assignment to F4ARRAY5 in thread-safe procedure TEST_REDUCE_MAX
Warning: ESMF_VMUTest.F90, line 526: Assignment to F4ARRAY5 in thread-safe procedure TEST_REDUCE_MAX
Warning: ESMF_VMUTest.F90, line 529: Internal file WRITE to FAILMSG in thread-safe procedure TEST_REDUCE_MAX
Warning: ESMF_VMUTest.F90, line 530: Internal file WRITE to NAME in thread-safe procedure TEST_REDUCE_MAX
Warning: ESMF_VMUTest.F90, line 531: F4ARRAY4 cannot be INTENT(OUT) actual arg in thread-safe procedure TEST_REDUCE_MAX
Warning: ESMF_VMUTest.F90, line 531: RC cannot be INTENT(OUT) actual arg in thread-safe procedure TEST_REDUCE_MAX
Warning: ESMF_VMUTest.F90, line 533: RESULT cannot be INTENT(INOUT) actual arg in thread-safe procedure TEST_REDUCE_MAX
Warning: ESMF_VMUTest.F90, line 547: Internal file WRITE to FAILMSG in thread-safe procedure TEST_REDUCE_MAX
Warning: ESMF_VMUTest.F90, line 548: Internal file WRITE to NAME in thread-safe procedure TEST_REDUCE_MAX
Warning: ESMF_VMUTest.F90, line 554: RESULT cannot be INTENT(INOUT) actual arg in thread-safe procedure TEST_REDUCE_MAX
Warning: ESMF_VMUTest.F90, line 569: Internal file WRITE to FAILMSG in thread-safe procedure TEST_ALLFULLREDUCE_SUM
Warning: ESMF_VMUTest.F90, line 570: Internal file WRITE to NAME in thread-safe procedure TEST_ALLFULLREDUCE_SUM
Warning: ESMF_VMUTest.F90, line 571: FUNC_RESULTS cannot be INTENT(OUT) actual arg in thread-safe procedure TEST_ALLFULLREDUCE_SUM
Warning: ESMF_VMUTest.F90, line 571: RC cannot be INTENT(OUT) actual arg in thread-safe procedure TEST_ALLFULLREDUCE_SUM
Warning: ESMF_VMUTest.F90, line 573: RESULT cannot be INTENT(INOUT) actual arg in thread-safe procedure TEST_ALLFULLREDUCE_SUM
Warning: ESMF_VMUTest.F90, line 576: Assignment to MYRESULTS in thread-safe procedure TEST_ALLFULLREDUCE_SUM
Warning: ESMF_VMUTest.F90, line 582: Internal file WRITE to FAILMSG in thread-safe procedure TEST_ALLFULLREDUCE_SUM
Warning: ESMF_VMUTest.F90, line 583: Internal file WRITE to NAME in thread-safe procedure TEST_ALLFULLREDUCE_SUM
Warning: ESMF_VMUTest.F90, line 584: RESULT cannot be INTENT(INOUT) actual arg in thread-safe procedure TEST_ALLFULLREDUCE_SUM
Warning: ESMF_VMUTest.F90, line 591: Internal file WRITE to FAILMSG in thread-safe procedure TEST_ALLFULLREDUCE_SUM
Warning: ESMF_VMUTest.F90, line 592: Internal file WRITE to NAME in thread-safe procedure TEST_ALLFULLREDUCE_SUM
Warning: ESMF_VMUTest.F90, line 593: FLOAT_RESULTS cannot be INTENT(OUT) actual arg in thread-safe procedure TEST_ALLFULLREDUCE_SUM
Warning: ESMF_VMUTest.F90, line 593: RC cannot be INTENT(OUT) actual arg in thread-safe procedure TEST_ALLFULLREDUCE_SUM
Warning: ESMF_VMUTest.F90, line 595: RESULT cannot be INTENT(INOUT) actual arg in thread-safe procedure TEST_ALLFULLREDUCE_SUM
Warning: ESMF_VMUTest.F90, line 598: Assignment to MY_FLOAT_RESULTS in thread-safe procedure TEST_ALLFULLREDUCE_SUM
Warning: ESMF_VMUTest.F90, line 605: Internal file WRITE to FAILMSG in thread-safe procedure TEST_ALLFULLREDUCE_SUM
Warning: ESMF_VMUTest.F90, line 606: Internal file WRITE to NAME in thread-safe procedure TEST_ALLFULLREDUCE_SUM
Warning: ESMF_VMUTest.F90, line 607: RESULT cannot be INTENT(INOUT) actual arg in thread-safe procedure TEST_ALLFULLREDUCE_SUM
Warning: ESMF_VMUTest.F90, line 614: Internal file WRITE to FAILMSG in thread-safe procedure TEST_ALLFULLREDUCE_SUM
Warning: ESMF_VMUTest.F90, line 615: Internal file WRITE to NAME in thread-safe procedure TEST_ALLFULLREDUCE_SUM
Warning: ESMF_VMUTest.F90, line 616: FLOAT4_RESULTS cannot be INTENT(OUT) actual arg in thread-safe procedure TEST_ALLFULLREDUCE_SUM
Warning: ESMF_VMUTest.F90, line 616: RC cannot be INTENT(OUT) actual arg in thread-safe procedure TEST_ALLFULLREDUCE_SUM
Warning: ESMF_VMUTest.F90, line 618: RESULT cannot be INTENT(INOUT) actual arg in thread-safe procedure TEST_ALLFULLREDUCE_SUM
Warning: ESMF_VMUTest.F90, line 621: Assignment to MY_FLOAT4_RESULTS in thread-safe procedure TEST_ALLFULLREDUCE_SUM
Warning: ESMF_VMUTest.F90, line 628: Internal file WRITE to FAILMSG in thread-safe procedure TEST_ALLFULLREDUCE_SUM
Warning: ESMF_VMUTest.F90, line 629: Internal file WRITE to NAME in thread-safe procedure TEST_ALLFULLREDUCE_SUM
Warning: ESMF_VMUTest.F90, line 630: RESULT cannot be INTENT(INOUT) actual arg in thread-safe procedure TEST_ALLFULLREDUCE_SUM
Warning: ESMF_VMUTest.F90, line 645: Internal file WRITE to FAILMSG in thread-safe procedure TEST_ALLFULLREDUCE_MIN
Warning: ESMF_VMUTest.F90, line 646: Internal file WRITE to NAME in thread-safe procedure TEST_ALLFULLREDUCE_MIN
Warning: ESMF_VMUTest.F90, line 647: FUNC_RESULTS cannot be INTENT(OUT) actual arg in thread-safe procedure TEST_ALLFULLREDUCE_MIN
Warning: ESMF_VMUTest.F90, line 647: RC cannot be INTENT(OUT) actual arg in thread-safe procedure TEST_ALLFULLREDUCE_MIN
Warning: ESMF_VMUTest.F90, line 649: RESULT cannot be INTENT(INOUT) actual arg in thread-safe procedure TEST_ALLFULLREDUCE_MIN
Warning: ESMF_VMUTest.F90, line 653: Assignment to MYRESULTS in thread-safe procedure TEST_ALLFULLREDUCE_MIN
Warning: ESMF_VMUTest.F90, line 654: Internal file WRITE to FAILMSG in thread-safe procedure TEST_ALLFULLREDUCE_MIN
Warning: ESMF_VMUTest.F90, line 655: Internal file WRITE to NAME in thread-safe procedure TEST_ALLFULLREDUCE_MIN
Warning: ESMF_VMUTest.F90, line 656: RESULT cannot be INTENT(INOUT) actual arg in thread-safe procedure TEST_ALLFULLREDUCE_MIN
Warning: ESMF_VMUTest.F90, line 665: Internal file WRITE to FAILMSG in thread-safe procedure TEST_ALLFULLREDUCE_MIN
Warning: ESMF_VMUTest.F90, line 666: Internal file WRITE to NAME in thread-safe procedure TEST_ALLFULLREDUCE_MIN
Warning: ESMF_VMUTest.F90, line 667: FLOAT_RESULTS cannot be INTENT(OUT) actual arg in thread-safe procedure TEST_ALLFULLREDUCE_MIN
Warning: ESMF_VMUTest.F90, line 667: RC cannot be INTENT(OUT) actual arg in thread-safe procedure TEST_ALLFULLREDUCE_MIN
Warning: ESMF_VMUTest.F90, line 669: RESULT cannot be INTENT(INOUT) actual arg in thread-safe procedure TEST_ALLFULLREDUCE_MIN
Warning: ESMF_VMUTest.F90, line 673: Assignment to MY_FLOAT_RESULTS in thread-safe procedure TEST_ALLFULLREDUCE_MIN
Warning: ESMF_VMUTest.F90, line 674: Internal file WRITE to FAILMSG in thread-safe procedure TEST_ALLFULLREDUCE_MIN
Warning: ESMF_VMUTest.F90, line 675: Internal file WRITE to NAME in thread-safe procedure TEST_ALLFULLREDUCE_MIN
Warning: ESMF_VMUTest.F90, line 676: RESULT cannot be INTENT(INOUT) actual arg in thread-safe procedure TEST_ALLFULLREDUCE_MIN
Warning: ESMF_VMUTest.F90, line 685: Internal file WRITE to FAILMSG in thread-safe procedure TEST_ALLFULLREDUCE_MIN
Warning: ESMF_VMUTest.F90, line 686: Internal file WRITE to NAME in thread-safe procedure TEST_ALLFULLREDUCE_MIN
Warning: ESMF_VMUTest.F90, line 687: FLOAT4_RESULTS cannot be INTENT(OUT) actual arg in thread-safe procedure TEST_ALLFULLREDUCE_MIN
Warning: ESMF_VMUTest.F90, line 687: RC cannot be INTENT(OUT) actual arg in thread-safe procedure TEST_ALLFULLREDUCE_MIN
Warning: ESMF_VMUTest.F90, line 689: RESULT cannot be INTENT(INOUT) actual arg in thread-safe procedure TEST_ALLFULLREDUCE_MIN
Warning: ESMF_VMUTest.F90, line 693: Assignment to MY_FLOAT4_RESULTS in thread-safe procedure TEST_ALLFULLREDUCE_MIN
Warning: ESMF_VMUTest.F90, line 694: Internal file WRITE to FAILMSG in thread-safe procedure TEST_ALLFULLREDUCE_MIN
Warning: ESMF_VMUTest.F90, line 695: Internal file WRITE to NAME in thread-safe procedure TEST_ALLFULLREDUCE_MIN
Warning: ESMF_VMUTest.F90, line 696: RESULT cannot be INTENT(INOUT) actual arg in thread-safe procedure TEST_ALLFULLREDUCE_MIN
Warning: ESMF_VMUTest.F90, line 714: Internal file WRITE to FAILMSG in thread-safe procedure TEST_ALLFULLREDUCE_MAX
Warning: ESMF_VMUTest.F90, line 715: Internal file WRITE to NAME in thread-safe procedure TEST_ALLFULLREDUCE_MAX
Warning: ESMF_VMUTest.F90, line 716: FUNC_RESULTS cannot be INTENT(OUT) actual arg in thread-safe procedure TEST_ALLFULLREDUCE_MAX
Warning: ESMF_VMUTest.F90, line 716: RC cannot be INTENT(OUT) actual arg in thread-safe procedure TEST_ALLFULLREDUCE_MAX
Warning: ESMF_VMUTest.F90, line 718: RESULT cannot be INTENT(INOUT) actual arg in thread-safe procedure TEST_ALLFULLREDUCE_MAX
Warning: ESMF_VMUTest.F90, line 722: Assignment to MYRESULTS in thread-safe procedure TEST_ALLFULLREDUCE_MAX
Warning: ESMF_VMUTest.F90, line 723: Internal file WRITE to FAILMSG in thread-safe procedure TEST_ALLFULLREDUCE_MAX
Warning: ESMF_VMUTest.F90, line 724: Internal file WRITE to NAME in thread-safe procedure TEST_ALLFULLREDUCE_MAX
Warning: ESMF_VMUTest.F90, line 725: RESULT cannot be INTENT(INOUT) actual arg in thread-safe procedure TEST_ALLFULLREDUCE_MAX
Warning: ESMF_VMUTest.F90, line 735: Internal file WRITE to FAILMSG in thread-safe procedure TEST_ALLFULLREDUCE_MAX
Warning: ESMF_VMUTest.F90, line 736: Internal file WRITE to NAME in thread-safe procedure TEST_ALLFULLREDUCE_MAX
Warning: ESMF_VMUTest.F90, line 737: FLOAT_RESULTS cannot be INTENT(OUT) actual arg in thread-safe procedure TEST_ALLFULLREDUCE_MAX
Warning: ESMF_VMUTest.F90, line 737: RC cannot be INTENT(OUT) actual arg in thread-safe procedure TEST_ALLFULLREDUCE_MAX
Warning: ESMF_VMUTest.F90, line 739: RESULT cannot be INTENT(INOUT) actual arg in thread-safe procedure TEST_ALLFULLREDUCE_MAX
Warning: ESMF_VMUTest.F90, line 743: Assignment to MY_FLOAT_RESULTS in thread-safe procedure TEST_ALLFULLREDUCE_MAX
Warning: ESMF_VMUTest.F90, line 744: Internal file WRITE to FAILMSG in thread-safe procedure TEST_ALLFULLREDUCE_MAX
Warning: ESMF_VMUTest.F90, line 745: Internal file WRITE to NAME in thread-safe procedure TEST_ALLFULLREDUCE_MAX
Warning: ESMF_VMUTest.F90, line 746: RESULT cannot be INTENT(INOUT) actual arg in thread-safe procedure TEST_ALLFULLREDUCE_MAX
Warning: ESMF_VMUTest.F90, line 756: Internal file WRITE to FAILMSG in thread-safe procedure TEST_ALLFULLREDUCE_MAX
Warning: ESMF_VMUTest.F90, line 757: Internal file WRITE to NAME in thread-safe procedure TEST_ALLFULLREDUCE_MAX
Warning: ESMF_VMUTest.F90, line 758: FLOAT4_RESULTS cannot be INTENT(OUT) actual arg in thread-safe procedure TEST_ALLFULLREDUCE_MAX
Warning: ESMF_VMUTest.F90, line 758: RC cannot be INTENT(OUT) actual arg in thread-safe procedure TEST_ALLFULLREDUCE_MAX
Warning: ESMF_VMUTest.F90, line 760: RESULT cannot be INTENT(INOUT) actual arg in thread-safe procedure TEST_ALLFULLREDUCE_MAX
Warning: ESMF_VMUTest.F90, line 764: Assignment to MY_FLOAT4_RESULTS in thread-safe procedure TEST_ALLFULLREDUCE_MAX
Warning: ESMF_VMUTest.F90, line 765: Internal file WRITE to FAILMSG in thread-safe procedure TEST_ALLFULLREDUCE_MAX
Warning: ESMF_VMUTest.F90, line 766: Internal file WRITE to NAME in thread-safe procedure TEST_ALLFULLREDUCE_MAX
Warning: ESMF_VMUTest.F90, line 767: RESULT cannot be INTENT(INOUT) actual arg in thread-safe procedure TEST_ALLFULLREDUCE_MAX
Warning: ESMF_VMUTest.F90, line 781: Internal file WRITE to FAILMSG in thread-safe procedure TEST_ALLREDUCE_SUM
Warning: ESMF_VMUTest.F90, line 782: Internal file WRITE to NAME in thread-safe procedure TEST_ALLREDUCE_SUM
Warning: ESMF_VMUTest.F90, line 783: ARRAY3 cannot be INTENT(OUT) actual arg in thread-safe procedure TEST_ALLREDUCE_SUM
Warning: ESMF_VMUTest.F90, line 783: RC cannot be INTENT(OUT) actual arg in thread-safe procedure TEST_ALLREDUCE_SUM
Warning: ESMF_VMUTest.F90, line 785: RESULT cannot be INTENT(INOUT) actual arg in thread-safe procedure TEST_ALLREDUCE_SUM
Warning: ESMF_VMUTest.F90, line 789: Assignment to ISUM in thread-safe procedure TEST_ALLREDUCE_SUM
Warning: ESMF_VMUTest.F90, line 790: J cannot be DO variable in thread-safe procedure TEST_ALLREDUCE_SUM
Questionable: ESMF_VMUTest.F90, line 790: DO index variable J is not a local variable (it is from module ESMF_VMSUBRS)
Warning: ESMF_VMUTest.F90, line 792: I cannot be DO variable in thread-safe procedure TEST_ALLREDUCE_SUM
Questionable: ESMF_VMUTest.F90, line 792: DO index variable I is not a local variable (it is from module ESMF_VMSUBRS)
Warning: ESMF_VMUTest.F90, line 793: Assignment to ARRAY3_SOLN in thread-safe procedure TEST_ALLREDUCE_SUM
Warning: ESMF_VMUTest.F90, line 796: Assignment to ISUM in thread-safe procedure TEST_ALLREDUCE_SUM
Warning: ESMF_VMUTest.F90, line 798: Internal file WRITE to FAILMSG in thread-safe procedure TEST_ALLREDUCE_SUM
Warning: ESMF_VMUTest.F90, line 799: Internal file WRITE to NAME in thread-safe procedure TEST_ALLREDUCE_SUM
Warning: ESMF_VMUTest.F90, line 800: RESULT cannot be INTENT(INOUT) actual arg in thread-safe procedure TEST_ALLREDUCE_SUM
Warning: ESMF_VMUTest.F90, line 806: Internal file WRITE to FAILMSG in thread-safe procedure TEST_ALLREDUCE_SUM
Warning: ESMF_VMUTest.F90, line 807: Internal file WRITE to NAME in thread-safe procedure TEST_ALLREDUCE_SUM
Warning: ESMF_VMUTest.F90, line 808: Assignment to I in thread-safe procedure TEST_ALLREDUCE_SUM
Warning: ESMF_VMUTest.F90, line 809: Assignment to J in thread-safe procedure TEST_ALLREDUCE_SUM
Warning: ESMF_VMUTest.F90, line 810: J cannot be INTENT(OUT) actual arg in thread-safe procedure TEST_ALLREDUCE_SUM
Warning: ESMF_VMUTest.F90, line 810: RC cannot be INTENT(OUT) actual arg in thread-safe procedure TEST_ALLREDUCE_SUM
Warning: ESMF_VMUTest.F90, line 812: RESULT cannot be INTENT(INOUT) actual arg in thread-safe procedure TEST_ALLREDUCE_SUM
Warning: ESMF_VMUTest.F90, line 816: Internal file WRITE to FAILMSG in thread-safe procedure TEST_ALLREDUCE_SUM
Warning: ESMF_VMUTest.F90, line 817: Internal file WRITE to NAME in thread-safe procedure TEST_ALLREDUCE_SUM
Warning: ESMF_VMUTest.F90, line 818: RESULT cannot be INTENT(INOUT) actual arg in thread-safe procedure TEST_ALLREDUCE_SUM
Warning: ESMF_VMUTest.F90, line 825: Internal file WRITE to FAILMSG in thread-safe procedure TEST_ALLREDUCE_SUM
Warning: ESMF_VMUTest.F90, line 826: Internal file WRITE to NAME in thread-safe procedure TEST_ALLREDUCE_SUM
Warning: ESMF_VMUTest.F90, line 827: FARRAY3 cannot be INTENT(OUT) actual arg in thread-safe procedure TEST_ALLREDUCE_SUM
Warning: ESMF_VMUTest.F90, line 827: RC cannot be INTENT(OUT) actual arg in thread-safe procedure TEST_ALLREDUCE_SUM
Warning: ESMF_VMUTest.F90, line 829: RESULT cannot be INTENT(INOUT) actual arg in thread-safe procedure TEST_ALLREDUCE_SUM
Warning: ESMF_VMUTest.F90, line 833: Assignment to FSUM in thread-safe procedure TEST_ALLREDUCE_SUM
Warning: ESMF_VMUTest.F90, line 834: I cannot be DO variable in thread-safe procedure TEST_ALLREDUCE_SUM
Questionable: ESMF_VMUTest.F90, line 834: DO index variable I is not a local variable (it is from module ESMF_VMSUBRS)
Warning: ESMF_VMUTest.F90, line 835: Assignment to FARRAY3_SOLN in thread-safe procedure TEST_ALLREDUCE_SUM
Warning: ESMF_VMUTest.F90, line 838: Assignment to FSUM in thread-safe procedure TEST_ALLREDUCE_SUM
Warning: ESMF_VMUTest.F90, line 840: Internal file WRITE to FAILMSG in thread-safe procedure TEST_ALLREDUCE_SUM
Warning: ESMF_VMUTest.F90, line 841: Internal file WRITE to NAME in thread-safe procedure TEST_ALLREDUCE_SUM
Warning: ESMF_VMUTest.F90, line 842: RESULT cannot be INTENT(INOUT) actual arg in thread-safe procedure TEST_ALLREDUCE_SUM
Warning: ESMF_VMUTest.F90, line 848: Internal file WRITE to FAILMSG in thread-safe procedure TEST_ALLREDUCE_SUM
Warning: ESMF_VMUTest.F90, line 849: Internal file WRITE to NAME in thread-safe procedure TEST_ALLREDUCE_SUM
Warning: ESMF_VMUTest.F90, line 850: F4ARRAY3 cannot be INTENT(OUT) actual arg in thread-safe procedure TEST_ALLREDUCE_SUM
Warning: ESMF_VMUTest.F90, line 850: RC cannot be INTENT(OUT) actual arg in thread-safe procedure TEST_ALLREDUCE_SUM
Warning: ESMF_VMUTest.F90, line 852: RESULT cannot be INTENT(INOUT) actual arg in thread-safe procedure TEST_ALLREDUCE_SUM
Warning: ESMF_VMUTest.F90, line 856: Assignment to FSUM4 in thread-safe procedure TEST_ALLREDUCE_SUM
Warning: ESMF_VMUTest.F90, line 857: I cannot be DO variable in thread-safe procedure TEST_ALLREDUCE_SUM
Questionable: ESMF_VMUTest.F90, line 857: DO index variable I is not a local variable (it is from module ESMF_VMSUBRS)
Warning: ESMF_VMUTest.F90, line 858: Assignment to F4ARRAY3_SOLN in thread-safe procedure TEST_ALLREDUCE_SUM
Warning: ESMF_VMUTest.F90, line 861: Assignment to FSUM4 in thread-safe procedure TEST_ALLREDUCE_SUM
Warning: ESMF_VMUTest.F90, line 863: Internal file WRITE to FAILMSG in thread-safe procedure TEST_ALLREDUCE_SUM
Warning: ESMF_VMUTest.F90, line 864: Internal file WRITE to NAME in thread-safe procedure TEST_ALLREDUCE_SUM
Warning: ESMF_VMUTest.F90, line 865: RESULT cannot be INTENT(INOUT) actual arg in thread-safe procedure TEST_ALLREDUCE_SUM
Warning: ESMF_VMUTest.F90, line 875: Internal file WRITE to FAILMSG in thread-safe procedure TEST_ALLREDUCE_MIN
Warning: ESMF_VMUTest.F90, line 876: Internal file WRITE to NAME in thread-safe procedure TEST_ALLREDUCE_MIN
Warning: ESMF_VMUTest.F90, line 877: ARRAY3 cannot be INTENT(OUT) actual arg in thread-safe procedure TEST_ALLREDUCE_MIN
Warning: ESMF_VMUTest.F90, line 877: RC cannot be INTENT(OUT) actual arg in thread-safe procedure TEST_ALLREDUCE_MIN
Warning: ESMF_VMUTest.F90, line 879: RESULT cannot be INTENT(INOUT) actual arg in thread-safe procedure TEST_ALLREDUCE_MIN
Warning: ESMF_VMUTest.F90, line 883: Assignment to ISUM in thread-safe procedure TEST_ALLREDUCE_MIN
Warning: ESMF_VMUTest.F90, line 884: I cannot be DO variable in thread-safe procedure TEST_ALLREDUCE_MIN
Questionable: ESMF_VMUTest.F90, line 884: DO index variable I is not a local variable (it is from module ESMF_VMSUBRS)
Warning: ESMF_VMUTest.F90, line 885: Assignment to ARRAY3_SOLN in thread-safe procedure TEST_ALLREDUCE_MIN
Warning: ESMF_VMUTest.F90, line 888: Assignment to ISUM in thread-safe procedure TEST_ALLREDUCE_MIN
Warning: ESMF_VMUTest.F90, line 890: Internal file WRITE to FAILMSG in thread-safe procedure TEST_ALLREDUCE_MIN
Warning: ESMF_VMUTest.F90, line 891: Internal file WRITE to NAME in thread-safe procedure TEST_ALLREDUCE_MIN
Warning: ESMF_VMUTest.F90, line 892: RESULT cannot be INTENT(INOUT) actual arg in thread-safe procedure TEST_ALLREDUCE_MIN
Warning: ESMF_VMUTest.F90, line 898: Internal file WRITE to FAILMSG in thread-safe procedure TEST_ALLREDUCE_MIN
Warning: ESMF_VMUTest.F90, line 899: Internal file WRITE to NAME in thread-safe procedure TEST_ALLREDUCE_MIN
Warning: ESMF_VMUTest.F90, line 900: Assignment to I in thread-safe procedure TEST_ALLREDUCE_MIN
Warning: ESMF_VMUTest.F90, line 901: Assignment to J in thread-safe procedure TEST_ALLREDUCE_MIN
Warning: ESMF_VMUTest.F90, line 902: J cannot be INTENT(OUT) actual arg in thread-safe procedure TEST_ALLREDUCE_MIN
Warning: ESMF_VMUTest.F90, line 902: RC cannot be INTENT(OUT) actual arg in thread-safe procedure TEST_ALLREDUCE_MIN
Warning: ESMF_VMUTest.F90, line 904: RESULT cannot be INTENT(INOUT) actual arg in thread-safe procedure TEST_ALLREDUCE_MIN
Warning: ESMF_VMUTest.F90, line 908: Internal file WRITE to FAILMSG in thread-safe procedure TEST_ALLREDUCE_MIN
Warning: ESMF_VMUTest.F90, line 909: Internal file WRITE to NAME in thread-safe procedure TEST_ALLREDUCE_MIN
Warning: ESMF_VMUTest.F90, line 910: RESULT cannot be INTENT(INOUT) actual arg in thread-safe procedure TEST_ALLREDUCE_MIN
Warning: ESMF_VMUTest.F90, line 917: Internal file WRITE to FAILMSG in thread-safe procedure TEST_ALLREDUCE_MIN
Warning: ESMF_VMUTest.F90, line 918: Internal file WRITE to NAME in thread-safe procedure TEST_ALLREDUCE_MIN
Warning: ESMF_VMUTest.F90, line 919: FARRAY3 cannot be INTENT(OUT) actual arg in thread-safe procedure TEST_ALLREDUCE_MIN
Warning: ESMF_VMUTest.F90, line 919: RC cannot be INTENT(OUT) actual arg in thread-safe procedure TEST_ALLREDUCE_MIN
Warning: ESMF_VMUTest.F90, line 921: RESULT cannot be INTENT(INOUT) actual arg in thread-safe procedure TEST_ALLREDUCE_MIN
Warning: ESMF_VMUTest.F90, line 925: Assignment to FSUM in thread-safe procedure TEST_ALLREDUCE_MIN
Warning: ESMF_VMUTest.F90, line 926: I cannot be DO variable in thread-safe procedure TEST_ALLREDUCE_MIN
Questionable: ESMF_VMUTest.F90, line 926: DO index variable I is not a local variable (it is from module ESMF_VMSUBRS)
Warning: ESMF_VMUTest.F90, line 927: Assignment to FARRAY3_SOLN in thread-safe procedure TEST_ALLREDUCE_MIN
Warning: ESMF_VMUTest.F90, line 930: Assignment to FSUM in thread-safe procedure TEST_ALLREDUCE_MIN
Warning: ESMF_VMUTest.F90, line 932: Internal file WRITE to FAILMSG in thread-safe procedure TEST_ALLREDUCE_MIN
Warning: ESMF_VMUTest.F90, line 933: Internal file WRITE to NAME in thread-safe procedure TEST_ALLREDUCE_MIN
Warning: ESMF_VMUTest.F90, line 934: RESULT cannot be INTENT(INOUT) actual arg in thread-safe procedure TEST_ALLREDUCE_MIN
Warning: ESMF_VMUTest.F90, line 941: Internal file WRITE to FAILMSG in thread-safe procedure TEST_ALLREDUCE_MIN
Warning: ESMF_VMUTest.F90, line 942: Internal file WRITE to NAME in thread-safe procedure TEST_ALLREDUCE_MIN
Warning: ESMF_VMUTest.F90, line 943: F4ARRAY3 cannot be INTENT(OUT) actual arg in thread-safe procedure TEST_ALLREDUCE_MIN
Warning: ESMF_VMUTest.F90, line 943: RC cannot be INTENT(OUT) actual arg in thread-safe procedure TEST_ALLREDUCE_MIN
Warning: ESMF_VMUTest.F90, line 945: RESULT cannot be INTENT(INOUT) actual arg in thread-safe procedure TEST_ALLREDUCE_MIN
Warning: ESMF_VMUTest.F90, line 949: Assignment to FSUM4 in thread-safe procedure TEST_ALLREDUCE_MIN
Warning: ESMF_VMUTest.F90, line 950: I cannot be DO variable in thread-safe procedure TEST_ALLREDUCE_MIN
Questionable: ESMF_VMUTest.F90, line 950: DO index variable I is not a local variable (it is from module ESMF_VMSUBRS)
Warning: ESMF_VMUTest.F90, line 951: Assignment to F4ARRAY3_SOLN in thread-safe procedure TEST_ALLREDUCE_MIN
Warning: ESMF_VMUTest.F90, line 954: Assignment to FSUM4 in thread-safe procedure TEST_ALLREDUCE_MIN
Warning: ESMF_VMUTest.F90, line 956: Internal file WRITE to FAILMSG in thread-safe procedure TEST_ALLREDUCE_MIN
Warning: ESMF_VMUTest.F90, line 957: Internal file WRITE to NAME in thread-safe procedure TEST_ALLREDUCE_MIN
Warning: ESMF_VMUTest.F90, line 958: RESULT cannot be INTENT(INOUT) actual arg in thread-safe procedure TEST_ALLREDUCE_MIN
Warning: ESMF_VMUTest.F90, line 969: Internal file WRITE to FAILMSG in thread-safe procedure TEST_ALLREDUCE_MAX
Warning: ESMF_VMUTest.F90, line 970: Internal file WRITE to NAME in thread-safe procedure TEST_ALLREDUCE_MAX
Warning: ESMF_VMUTest.F90, line 971: ARRAY3 cannot be INTENT(OUT) actual arg in thread-safe procedure TEST_ALLREDUCE_MAX
Warning: ESMF_VMUTest.F90, line 971: RC cannot be INTENT(OUT) actual arg in thread-safe procedure TEST_ALLREDUCE_MAX
Warning: ESMF_VMUTest.F90, line 973: RESULT cannot be INTENT(INOUT) actual arg in thread-safe procedure TEST_ALLREDUCE_MAX
Warning: ESMF_VMUTest.F90, line 977: Assignment to ISUM in thread-safe procedure TEST_ALLREDUCE_MAX
Warning: ESMF_VMUTest.F90, line 978: I cannot be DO variable in thread-safe procedure TEST_ALLREDUCE_MAX
Questionable: ESMF_VMUTest.F90, line 978: DO index variable I is not a local variable (it is from module ESMF_VMSUBRS)
Warning: ESMF_VMUTest.F90, line 979: Assignment to ARRAY3_SOLN in thread-safe procedure TEST_ALLREDUCE_MAX
Warning: ESMF_VMUTest.F90, line 982: Assignment to ISUM in thread-safe procedure TEST_ALLREDUCE_MAX
Warning: ESMF_VMUTest.F90, line 984: Internal file WRITE to FAILMSG in thread-safe procedure TEST_ALLREDUCE_MAX
Warning: ESMF_VMUTest.F90, line 985: Internal file WRITE to NAME in thread-safe procedure TEST_ALLREDUCE_MAX
Warning: ESMF_VMUTest.F90, line 986: RESULT cannot be INTENT(INOUT) actual arg in thread-safe procedure TEST_ALLREDUCE_MAX
Warning: ESMF_VMUTest.F90, line 992: Internal file WRITE to FAILMSG in thread-safe procedure TEST_ALLREDUCE_MAX
Warning: ESMF_VMUTest.F90, line 993: Internal file WRITE to NAME in thread-safe procedure TEST_ALLREDUCE_MAX
Warning: ESMF_VMUTest.F90, line 994: Assignment to I in thread-safe procedure TEST_ALLREDUCE_MAX
Warning: ESMF_VMUTest.F90, line 995: Assignment to J in thread-safe procedure TEST_ALLREDUCE_MAX
Warning: ESMF_VMUTest.F90, line 996: J cannot be INTENT(OUT) actual arg in thread-safe procedure TEST_ALLREDUCE_MAX
Warning: ESMF_VMUTest.F90, line 996: RC cannot be INTENT(OUT) actual arg in thread-safe procedure TEST_ALLREDUCE_MAX
Warning: ESMF_VMUTest.F90, line 998: RESULT cannot be INTENT(INOUT) actual arg in thread-safe procedure TEST_ALLREDUCE_MAX
Warning: ESMF_VMUTest.F90, line 1002: Internal file WRITE to FAILMSG in thread-safe procedure TEST_ALLREDUCE_MAX
Warning: ESMF_VMUTest.F90, line 1003: Internal file WRITE to NAME in thread-safe procedure TEST_ALLREDUCE_MAX
Warning: ESMF_VMUTest.F90, line 1004: RESULT cannot be INTENT(INOUT) actual arg in thread-safe procedure TEST_ALLREDUCE_MAX
Warning: ESMF_VMUTest.F90, line 1011: Internal file WRITE to FAILMSG in thread-safe procedure TEST_ALLREDUCE_MAX
Warning: ESMF_VMUTest.F90, line 1012: Internal file WRITE to NAME in thread-safe procedure TEST_ALLREDUCE_MAX
Warning: ESMF_VMUTest.F90, line 1013: FARRAY3 cannot be INTENT(OUT) actual arg in thread-safe procedure TEST_ALLREDUCE_MAX
Warning: ESMF_VMUTest.F90, line 1013: RC cannot be INTENT(OUT) actual arg in thread-safe procedure TEST_ALLREDUCE_MAX
Warning: ESMF_VMUTest.F90, line 1015: RESULT cannot be INTENT(INOUT) actual arg in thread-safe procedure TEST_ALLREDUCE_MAX
Warning: ESMF_VMUTest.F90, line 1019: Assignment to FSUM in thread-safe procedure TEST_ALLREDUCE_MAX
Warning: ESMF_VMUTest.F90, line 1020: I cannot be DO variable in thread-safe procedure TEST_ALLREDUCE_MAX
Questionable: ESMF_VMUTest.F90, line 1020: DO index variable I is not a local variable (it is from module ESMF_VMSUBRS)
Warning: ESMF_VMUTest.F90, line 1021: Assignment to FARRAY3_SOLN in thread-safe procedure TEST_ALLREDUCE_MAX
Warning: ESMF_VMUTest.F90, line 1024: Assignment to FSUM in thread-safe procedure TEST_ALLREDUCE_MAX
Warning: ESMF_VMUTest.F90, line 1026: Internal file WRITE to FAILMSG in thread-safe procedure TEST_ALLREDUCE_MAX
Warning: ESMF_VMUTest.F90, line 1027: Internal file WRITE to NAME in thread-safe procedure TEST_ALLREDUCE_MAX
Warning: ESMF_VMUTest.F90, line 1028: RESULT cannot be INTENT(INOUT) actual arg in thread-safe procedure TEST_ALLREDUCE_MAX
Warning: ESMF_VMUTest.F90, line 1035: Internal file WRITE to FAILMSG in thread-safe procedure TEST_ALLREDUCE_MAX
Warning: ESMF_VMUTest.F90, line 1036: Internal file WRITE to NAME in thread-safe procedure TEST_ALLREDUCE_MAX
Warning: ESMF_VMUTest.F90, line 1037: F4ARRAY3 cannot be INTENT(OUT) actual arg in thread-safe procedure TEST_ALLREDUCE_MAX
Warning: ESMF_VMUTest.F90, line 1037: RC cannot be INTENT(OUT) actual arg in thread-safe procedure TEST_ALLREDUCE_MAX
Warning: ESMF_VMUTest.F90, line 1039: RESULT cannot be INTENT(INOUT) actual arg in thread-safe procedure TEST_ALLREDUCE_MAX
Warning: ESMF_VMUTest.F90, line 1043: Assignment to FSUM4 in thread-safe procedure TEST_ALLREDUCE_MAX
Warning: ESMF_VMUTest.F90, line 1044: I cannot be DO variable in thread-safe procedure TEST_ALLREDUCE_MAX
Questionable: ESMF_VMUTest.F90, line 1044: DO index variable I is not a local variable (it is from module ESMF_VMSUBRS)
Warning: ESMF_VMUTest.F90, line 1045: Assignment to F4ARRAY3_SOLN in thread-safe procedure TEST_ALLREDUCE_MAX
Warning: ESMF_VMUTest.F90, line 1048: Assignment to FSUM4 in thread-safe procedure TEST_ALLREDUCE_MAX
Warning: ESMF_VMUTest.F90, line 1050: Internal file WRITE to FAILMSG in thread-safe procedure TEST_ALLREDUCE_MAX
Warning: ESMF_VMUTest.F90, line 1051: Internal file WRITE to NAME in thread-safe procedure TEST_ALLREDUCE_MAX
Warning: ESMF_VMUTest.F90, line 1052: RESULT cannot be INTENT(INOUT) actual arg in thread-safe procedure TEST_ALLREDUCE_MAX
Questionable: ESMF_VMUTest.F90, line 1204: DO index variable I is not a local variable (it is from module ESMF_VMSUBRS)
Questionable: ESMF_VMUTest.F90, line 1214: DO index variable J is not a local variable (it is from module ESMF_VMSUBRS)
Questionable: ESMF_VMUTest.F90, line 1215: DO index variable I is not a local variable (it is from module ESMF_VMSUBRS)
[NAG Fortran Compiler normal termination, 389 warnings]
nagfor    -thread_safe -Wl,-Wl,,--no-as-needed  -openmp -L/project/esmf/himanshu/nag/esmf/lib/libg/Linux.nag.64.mpiuni.default  -L/usr/local/gcc-g++-gfortran-9.3.0/lib/gcc/x86_64-pc-linux-gnu/9.3.0/../../../../lib64/ -Wl,-Wl,,-rpath,,/project/esmf/himanshu/nag/esmf/lib/libg/Linux.nag.64.mpiuni.default  -Wl,-Wl,,-rpath,,/usr/local/gcc-g++-gfortran-9.3.0/lib/gcc/x86_64-pc-linux-gnu/9.3.0/../../../../lib64/ -o /project/esmf/himanshu/nag/esmf/test/testg/Linux.nag.64.mpiuni.default/ESMF_VMUTest   ESMF_VMUTest.o -lesmf  -lrt -lstdc++ -ldl
NAG Fortran Compiler Release 7.0(Yurakucho) Build 7005
rm -rf -f *.o *.mod
nagfor -c -g -pic -DESMF_NAG_UNIX_MODULE -dusty -thread_safe  -openmp -I/project/esmf/himanshu/nag/esmf/src/Infrastructure/VM/tests -I/project/esmf/himanshu/nag/esmf/build_config/Linux.nag.default -I/project/esmf/himanshu/nag/esmf/src/Infrastructure -I/project/esmf/himanshu/nag/esmf/src/Superstructure -I/project/esmf/himanshu/nag/esmf/mod/modg/Linux.nag.64.mpiuni.default -I/project/esmf/himanshu/nag/esmf/src/include   -DESMF_NO_INTEGER_1_BYTE -DESMF_NO_INTEGER_2_BYTE -DESMFVERSIONGIT='"ESMF_8_1_0_beta_snapshot_43-28-g3831f9e170"' -DESMF_MOAB=1 -DESMF_LAPACK=1 -DESMF_LAPACK_INTERNAL=1 -DESMF_NO_ACC_SOFTWARE_STACK=1 -DESMF_YAMLCPP=1 -DESMF_YAML=1 -DESMF_NO_OPENACC -DESMF_TESTEXHAUSTIVE -DESMF_BOPT_g -DESMF_TESTCOMPTUNNEL -DS64=1 -DESMF_OS_Linux=1 -DESMF_COMM=mpiuni -DESMF_DIR=/project/esmf/himanshu/nag/esmf -DESMF_MPIUNI -DESMF_NO_F2018ASSUMEDTYPE ESMF_VMAccUTest.F90 -o ESMF_VMAccUTest.o
NAG Fortran Compiler Release 7.0(Yurakucho) Build 7005
[NAG Fortran Compiler normal termination]
nagfor    -thread_safe -Wl,-Wl,,--no-as-needed  -openmp -L/project/esmf/himanshu/nag/esmf/lib/libg/Linux.nag.64.mpiuni.default  -L/usr/local/gcc-g++-gfortran-9.3.0/lib/gcc/x86_64-pc-linux-gnu/9.3.0/../../../../lib64/ -Wl,-Wl,,-rpath,,/project/esmf/himanshu/nag/esmf/lib/libg/Linux.nag.64.mpiuni.default  -Wl,-Wl,,-rpath,,/usr/local/gcc-g++-gfortran-9.3.0/lib/gcc/x86_64-pc-linux-gnu/9.3.0/../../../../lib64/ -o /project/esmf/himanshu/nag/esmf/test/testg/Linux.nag.64.mpiuni.default/ESMF_VMAccUTest   ESMF_VMAccUTest.o -lesmf  -lrt -lstdc++ -ldl
NAG Fortran Compiler Release 7.0(Yurakucho) Build 7005
rm -rf -f *.o *.mod
nagfor -c -g -pic -DESMF_NAG_UNIX_MODULE -dusty -thread_safe  -openmp -I/project/esmf/himanshu/nag/esmf/src/Infrastructure/VM/tests -I/project/esmf/himanshu/nag/esmf/build_config/Linux.nag.default -I/project/esmf/himanshu/nag/esmf/src/Infrastructure -I/project/esmf/himanshu/nag/esmf/src/Superstructure -I/project/esmf/himanshu/nag/esmf/mod/modg/Linux.nag.64.mpiuni.default -I/project/esmf/himanshu/nag/esmf/src/include   -DESMF_NO_INTEGER_1_BYTE -DESMF_NO_INTEGER_2_BYTE -DESMFVERSIONGIT='"ESMF_8_1_0_beta_snapshot_43-28-g3831f9e170"' -DESMF_MOAB=1 -DESMF_LAPACK=1 -DESMF_LAPACK_INTERNAL=1 -DESMF_NO_ACC_SOFTWARE_STACK=1 -DESMF_YAMLCPP=1 -DESMF_YAML=1 -DESMF_NO_OPENACC -DESMF_TESTEXHAUSTIVE -DESMF_BOPT_g -DESMF_TESTCOMPTUNNEL -DS64=1 -DESMF_OS_Linux=1 -DESMF_COMM=mpiuni -DESMF_DIR=/project/esmf/himanshu/nag/esmf -DESMF_MPIUNI -DESMF_NO_F2018ASSUMEDTYPE ESMF_VMOpenMPUTest.F90 -o ESMF_VMOpenMPUTest.o
NAG Fortran Compiler Release 7.0(Yurakucho) Build 7005
[NAG Fortran Compiler normal termination]
nagfor    -thread_safe -Wl,-Wl,,--no-as-needed  -openmp -L/project/esmf/himanshu/nag/esmf/lib/libg/Linux.nag.64.mpiuni.default  -L/usr/local/gcc-g++-gfortran-9.3.0/lib/gcc/x86_64-pc-linux-gnu/9.3.0/../../../../lib64/ -Wl,-Wl,,-rpath,,/project/esmf/himanshu/nag/esmf/lib/libg/Linux.nag.64.mpiuni.default  -Wl,-Wl,,-rpath,,/usr/local/gcc-g++-gfortran-9.3.0/lib/gcc/x86_64-pc-linux-gnu/9.3.0/../../../../lib64/ -o /project/esmf/himanshu/nag/esmf/test/testg/Linux.nag.64.mpiuni.default/ESMF_VMOpenMPUTest   ESMF_VMOpenMPUTest.o -lesmf  -lrt -lstdc++ -ldl
NAG Fortran Compiler Release 7.0(Yurakucho) Build 7005
rm -rf -f *.o *.mod
nagfor -c -g -pic -DESMF_NAG_UNIX_MODULE -dusty -thread_safe  -openmp -I/project/esmf/himanshu/nag/esmf/src/Infrastructure/VM/tests -I/project/esmf/himanshu/nag/esmf/build_config/Linux.nag.default -I/project/esmf/himanshu/nag/esmf/src/Infrastructure -I/project/esmf/himanshu/nag/esmf/src/Superstructure -I/project/esmf/himanshu/nag/esmf/mod/modg/Linux.nag.64.mpiuni.default -I/project/esmf/himanshu/nag/esmf/src/include   -DESMF_NO_INTEGER_1_BYTE -DESMF_NO_INTEGER_2_BYTE -DESMFVERSIONGIT='"ESMF_8_1_0_beta_snapshot_43-28-g3831f9e170"' -DESMF_MOAB=1 -DESMF_LAPACK=1 -DESMF_LAPACK_INTERNAL=1 -DESMF_NO_ACC_SOFTWARE_STACK=1 -DESMF_YAMLCPP=1 -DESMF_YAML=1 -DESMF_NO_OPENACC -DESMF_TESTEXHAUSTIVE -DESMF_BOPT_g -DESMF_TESTCOMPTUNNEL -DS64=1 -DESMF_OS_Linux=1 -DESMF_COMM=mpiuni -DESMF_DIR=/project/esmf/himanshu/nag/esmf -DESMF_MPIUNI -DESMF_NO_F2018ASSUMEDTYPE ESMF_VMUserMpiInitUTest.F90 -o ESMF_VMUserMpiInitUTest.o
NAG Fortran Compiler Release 7.0(Yurakucho) Build 7005
Warning: ESMF_VMUserMpiInitUTest.F90, line 60: Internal file WRITE to FAILMSG in thread-safe procedure TEST_ALLFULLREDUCE_SUM
Warning: ESMF_VMUserMpiInitUTest.F90, line 61: Internal file WRITE to NAME in thread-safe procedure TEST_ALLFULLREDUCE_SUM
Warning: ESMF_VMUserMpiInitUTest.F90, line 62: FUNC_RESULTS cannot be INTENT(OUT) actual arg in thread-safe procedure TEST_ALLFULLREDUCE_SUM
Warning: ESMF_VMUserMpiInitUTest.F90, line 62: RC cannot be INTENT(OUT) actual arg in thread-safe procedure TEST_ALLFULLREDUCE_SUM
Warning: ESMF_VMUserMpiInitUTest.F90, line 64: RESULT cannot be INTENT(INOUT) actual arg in thread-safe procedure TEST_ALLFULLREDUCE_SUM
Warning: ESMF_VMUserMpiInitUTest.F90, line 67: Assignment to MYRESULTS in thread-safe procedure TEST_ALLFULLREDUCE_SUM
Warning: ESMF_VMUserMpiInitUTest.F90, line 73: Internal file WRITE to FAILMSG in thread-safe procedure TEST_ALLFULLREDUCE_SUM
Warning: ESMF_VMUserMpiInitUTest.F90, line 74: Internal file WRITE to NAME in thread-safe procedure TEST_ALLFULLREDUCE_SUM
Warning: ESMF_VMUserMpiInitUTest.F90, line 75: RESULT cannot be INTENT(INOUT) actual arg in thread-safe procedure TEST_ALLFULLREDUCE_SUM
Warning: ESMF_VMUserMpiInitUTest.F90, line 82: Internal file WRITE to FAILMSG in thread-safe procedure TEST_ALLFULLREDUCE_SUM
Warning: ESMF_VMUserMpiInitUTest.F90, line 83: Internal file WRITE to NAME in thread-safe procedure TEST_ALLFULLREDUCE_SUM
Warning: ESMF_VMUserMpiInitUTest.F90, line 84: FLOAT_RESULTS cannot be INTENT(OUT) actual arg in thread-safe procedure TEST_ALLFULLREDUCE_SUM
Warning: ESMF_VMUserMpiInitUTest.F90, line 84: RC cannot be INTENT(OUT) actual arg in thread-safe procedure TEST_ALLFULLREDUCE_SUM
Warning: ESMF_VMUserMpiInitUTest.F90, line 86: RESULT cannot be INTENT(INOUT) actual arg in thread-safe procedure TEST_ALLFULLREDUCE_SUM
Warning: ESMF_VMUserMpiInitUTest.F90, line 89: Assignment to MY_FLOAT_RESULTS in thread-safe procedure TEST_ALLFULLREDUCE_SUM
Warning: ESMF_VMUserMpiInitUTest.F90, line 96: Internal file WRITE to FAILMSG in thread-safe procedure TEST_ALLFULLREDUCE_SUM
Warning: ESMF_VMUserMpiInitUTest.F90, line 97: Internal file WRITE to NAME in thread-safe procedure TEST_ALLFULLREDUCE_SUM
Warning: ESMF_VMUserMpiInitUTest.F90, line 98: RESULT cannot be INTENT(INOUT) actual arg in thread-safe procedure TEST_ALLFULLREDUCE_SUM
Warning: ESMF_VMUserMpiInitUTest.F90, line 105: Internal file WRITE to FAILMSG in thread-safe procedure TEST_ALLFULLREDUCE_SUM
Warning: ESMF_VMUserMpiInitUTest.F90, line 106: Internal file WRITE to NAME in thread-safe procedure TEST_ALLFULLREDUCE_SUM
Warning: ESMF_VMUserMpiInitUTest.F90, line 107: FLOAT4_RESULTS cannot be INTENT(OUT) actual arg in thread-safe procedure TEST_ALLFULLREDUCE_SUM
Warning: ESMF_VMUserMpiInitUTest.F90, line 107: RC cannot be INTENT(OUT) actual arg in thread-safe procedure TEST_ALLFULLREDUCE_SUM
Warning: ESMF_VMUserMpiInitUTest.F90, line 109: RESULT cannot be INTENT(INOUT) actual arg in thread-safe procedure TEST_ALLFULLREDUCE_SUM
Warning: ESMF_VMUserMpiInitUTest.F90, line 112: Assignment to MY_FLOAT4_RESULTS in thread-safe procedure TEST_ALLFULLREDUCE_SUM
Warning: ESMF_VMUserMpiInitUTest.F90, line 119: Internal file WRITE to FAILMSG in thread-safe procedure TEST_ALLFULLREDUCE_SUM
Warning: ESMF_VMUserMpiInitUTest.F90, line 120: Internal file WRITE to NAME in thread-safe procedure TEST_ALLFULLREDUCE_SUM
Warning: ESMF_VMUserMpiInitUTest.F90, line 121: RESULT cannot be INTENT(INOUT) actual arg in thread-safe procedure TEST_ALLFULLREDUCE_SUM
Warning: ESMF_VMUserMpiInitUTest.F90, line 136: Internal file WRITE to FAILMSG in thread-safe procedure TEST_ALLFULLREDUCE_MIN
Warning: ESMF_VMUserMpiInitUTest.F90, line 137: Internal file WRITE to NAME in thread-safe procedure TEST_ALLFULLREDUCE_MIN
Warning: ESMF_VMUserMpiInitUTest.F90, line 138: FUNC_RESULTS cannot be INTENT(OUT) actual arg in thread-safe procedure TEST_ALLFULLREDUCE_MIN
Warning: ESMF_VMUserMpiInitUTest.F90, line 138: RC cannot be INTENT(OUT) actual arg in thread-safe procedure TEST_ALLFULLREDUCE_MIN
Warning: ESMF_VMUserMpiInitUTest.F90, line 140: RESULT cannot be INTENT(INOUT) actual arg in thread-safe procedure TEST_ALLFULLREDUCE_MIN
Warning: ESMF_VMUserMpiInitUTest.F90, line 144: Assignment to MYRESULTS in thread-safe procedure TEST_ALLFULLREDUCE_MIN
Warning: ESMF_VMUserMpiInitUTest.F90, line 145: Internal file WRITE to FAILMSG in thread-safe procedure TEST_ALLFULLREDUCE_MIN
Warning: ESMF_VMUserMpiInitUTest.F90, line 146: Internal file WRITE to NAME in thread-safe procedure TEST_ALLFULLREDUCE_MIN
Warning: ESMF_VMUserMpiInitUTest.F90, line 147: RESULT cannot be INTENT(INOUT) actual arg in thread-safe procedure TEST_ALLFULLREDUCE_MIN
Warning: ESMF_VMUserMpiInitUTest.F90, line 156: Internal file WRITE to FAILMSG in thread-safe procedure TEST_ALLFULLREDUCE_MIN
Warning: ESMF_VMUserMpiInitUTest.F90, line 157: Internal file WRITE to NAME in thread-safe procedure TEST_ALLFULLREDUCE_MIN
Warning: ESMF_VMUserMpiInitUTest.F90, line 158: FLOAT_RESULTS cannot be INTENT(OUT) actual arg in thread-safe procedure TEST_ALLFULLREDUCE_MIN
Warning: ESMF_VMUserMpiInitUTest.F90, line 158: RC cannot be INTENT(OUT) actual arg in thread-safe procedure TEST_ALLFULLREDUCE_MIN
Warning: ESMF_VMUserMpiInitUTest.F90, line 160: RESULT cannot be INTENT(INOUT) actual arg in thread-safe procedure TEST_ALLFULLREDUCE_MIN
Warning: ESMF_VMUserMpiInitUTest.F90, line 164: Assignment to MY_FLOAT_RESULTS in thread-safe procedure TEST_ALLFULLREDUCE_MIN
Warning: ESMF_VMUserMpiInitUTest.F90, line 165: Internal file WRITE to FAILMSG in thread-safe procedure TEST_ALLFULLREDUCE_MIN
Warning: ESMF_VMUserMpiInitUTest.F90, line 166: Internal file WRITE to NAME in thread-safe procedure TEST_ALLFULLREDUCE_MIN
Warning: ESMF_VMUserMpiInitUTest.F90, line 167: RESULT cannot be INTENT(INOUT) actual arg in thread-safe procedure TEST_ALLFULLREDUCE_MIN
Warning: ESMF_VMUserMpiInitUTest.F90, line 176: Internal file WRITE to FAILMSG in thread-safe procedure TEST_ALLFULLREDUCE_MIN
Warning: ESMF_VMUserMpiInitUTest.F90, line 177: Internal file WRITE to NAME in thread-safe procedure TEST_ALLFULLREDUCE_MIN
Warning: ESMF_VMUserMpiInitUTest.F90, line 178: FLOAT4_RESULTS cannot be INTENT(OUT) actual arg in thread-safe procedure TEST_ALLFULLREDUCE_MIN
Warning: ESMF_VMUserMpiInitUTest.F90, line 178: RC cannot be INTENT(OUT) actual arg in thread-safe procedure TEST_ALLFULLREDUCE_MIN
Warning: ESMF_VMUserMpiInitUTest.F90, line 180: RESULT cannot be INTENT(INOUT) actual arg in thread-safe procedure TEST_ALLFULLREDUCE_MIN
Warning: ESMF_VMUserMpiInitUTest.F90, line 184: Assignment to MY_FLOAT4_RESULTS in thread-safe procedure TEST_ALLFULLREDUCE_MIN
Warning: ESMF_VMUserMpiInitUTest.F90, line 185: Internal file WRITE to FAILMSG in thread-safe procedure TEST_ALLFULLREDUCE_MIN
Warning: ESMF_VMUserMpiInitUTest.F90, line 186: Internal file WRITE to NAME in thread-safe procedure TEST_ALLFULLREDUCE_MIN
Warning: ESMF_VMUserMpiInitUTest.F90, line 187: RESULT cannot be INTENT(INOUT) actual arg in thread-safe procedure TEST_ALLFULLREDUCE_MIN
Warning: ESMF_VMUserMpiInitUTest.F90, line 205: Internal file WRITE to FAILMSG in thread-safe procedure TEST_ALLFULLREDUCE_MAX
Warning: ESMF_VMUserMpiInitUTest.F90, line 206: Internal file WRITE to NAME in thread-safe procedure TEST_ALLFULLREDUCE_MAX
Warning: ESMF_VMUserMpiInitUTest.F90, line 207: FUNC_RESULTS cannot be INTENT(OUT) actual arg in thread-safe procedure TEST_ALLFULLREDUCE_MAX
Warning: ESMF_VMUserMpiInitUTest.F90, line 207: RC cannot be INTENT(OUT) actual arg in thread-safe procedure TEST_ALLFULLREDUCE_MAX
Warning: ESMF_VMUserMpiInitUTest.F90, line 209: RESULT cannot be INTENT(INOUT) actual arg in thread-safe procedure TEST_ALLFULLREDUCE_MAX
Warning: ESMF_VMUserMpiInitUTest.F90, line 213: Assignment to MYRESULTS in thread-safe procedure TEST_ALLFULLREDUCE_MAX
Warning: ESMF_VMUserMpiInitUTest.F90, line 214: Internal file WRITE to FAILMSG in thread-safe procedure TEST_ALLFULLREDUCE_MAX
Warning: ESMF_VMUserMpiInitUTest.F90, line 215: Internal file WRITE to NAME in thread-safe procedure TEST_ALLFULLREDUCE_MAX
Warning: ESMF_VMUserMpiInitUTest.F90, line 216: RESULT cannot be INTENT(INOUT) actual arg in thread-safe procedure TEST_ALLFULLREDUCE_MAX
Warning: ESMF_VMUserMpiInitUTest.F90, line 226: Internal file WRITE to FAILMSG in thread-safe procedure TEST_ALLFULLREDUCE_MAX
Warning: ESMF_VMUserMpiInitUTest.F90, line 227: Internal file WRITE to NAME in thread-safe procedure TEST_ALLFULLREDUCE_MAX
Warning: ESMF_VMUserMpiInitUTest.F90, line 228: FLOAT_RESULTS cannot be INTENT(OUT) actual arg in thread-safe procedure TEST_ALLFULLREDUCE_MAX
Warning: ESMF_VMUserMpiInitUTest.F90, line 228: RC cannot be INTENT(OUT) actual arg in thread-safe procedure TEST_ALLFULLREDUCE_MAX
Warning: ESMF_VMUserMpiInitUTest.F90, line 230: RESULT cannot be INTENT(INOUT) actual arg in thread-safe procedure TEST_ALLFULLREDUCE_MAX
Warning: ESMF_VMUserMpiInitUTest.F90, line 234: Assignment to MY_FLOAT_RESULTS in thread-safe procedure TEST_ALLFULLREDUCE_MAX
Warning: ESMF_VMUserMpiInitUTest.F90, line 235: Internal file WRITE to FAILMSG in thread-safe procedure TEST_ALLFULLREDUCE_MAX
Warning: ESMF_VMUserMpiInitUTest.F90, line 236: Internal file WRITE to NAME in thread-safe procedure TEST_ALLFULLREDUCE_MAX
Warning: ESMF_VMUserMpiInitUTest.F90, line 237: RESULT cannot be INTENT(INOUT) actual arg in thread-safe procedure TEST_ALLFULLREDUCE_MAX
Warning: ESMF_VMUserMpiInitUTest.F90, line 247: Internal file WRITE to FAILMSG in thread-safe procedure TEST_ALLFULLREDUCE_MAX
Warning: ESMF_VMUserMpiInitUTest.F90, line 248: Internal file WRITE to NAME in thread-safe procedure TEST_ALLFULLREDUCE_MAX
Warning: ESMF_VMUserMpiInitUTest.F90, line 249: FLOAT4_RESULTS cannot be INTENT(OUT) actual arg in thread-safe procedure TEST_ALLFULLREDUCE_MAX
Warning: ESMF_VMUserMpiInitUTest.F90, line 249: RC cannot be INTENT(OUT) actual arg in thread-safe procedure TEST_ALLFULLREDUCE_MAX
Warning: ESMF_VMUserMpiInitUTest.F90, line 251: RESULT cannot be INTENT(INOUT) actual arg in thread-safe procedure TEST_ALLFULLREDUCE_MAX
Warning: ESMF_VMUserMpiInitUTest.F90, line 255: Assignment to MY_FLOAT4_RESULTS in thread-safe procedure TEST_ALLFULLREDUCE_MAX
Warning: ESMF_VMUserMpiInitUTest.F90, line 256: Internal file WRITE to FAILMSG in thread-safe procedure TEST_ALLFULLREDUCE_MAX
Warning: ESMF_VMUserMpiInitUTest.F90, line 257: Internal file WRITE to NAME in thread-safe procedure TEST_ALLFULLREDUCE_MAX
Warning: ESMF_VMUserMpiInitUTest.F90, line 258: RESULT cannot be INTENT(INOUT) actual arg in thread-safe procedure TEST_ALLFULLREDUCE_MAX
Warning: ESMF_VMUserMpiInitUTest.F90, line 272: Internal file WRITE to FAILMSG in thread-safe procedure TEST_ALLREDUCE_SUM
Warning: ESMF_VMUserMpiInitUTest.F90, line 273: Internal file WRITE to NAME in thread-safe procedure TEST_ALLREDUCE_SUM
Warning: ESMF_VMUserMpiInitUTest.F90, line 274: ARRAY3 cannot be INTENT(OUT) actual arg in thread-safe procedure TEST_ALLREDUCE_SUM
Warning: ESMF_VMUserMpiInitUTest.F90, line 274: RC cannot be INTENT(OUT) actual arg in thread-safe procedure TEST_ALLREDUCE_SUM
Warning: ESMF_VMUserMpiInitUTest.F90, line 276: RESULT cannot be INTENT(INOUT) actual arg in thread-safe procedure TEST_ALLREDUCE_SUM
Warning: ESMF_VMUserMpiInitUTest.F90, line 280: Assignment to ISUM in thread-safe procedure TEST_ALLREDUCE_SUM
Warning: ESMF_VMUserMpiInitUTest.F90, line 281: J cannot be DO variable in thread-safe procedure TEST_ALLREDUCE_SUM
Questionable: ESMF_VMUserMpiInitUTest.F90, line 281: DO index variable J is not a local variable (it is from module ESMF_VMSUBRS_UMI)
Warning: ESMF_VMUserMpiInitUTest.F90, line 283: I cannot be DO variable in thread-safe procedure TEST_ALLREDUCE_SUM
Questionable: ESMF_VMUserMpiInitUTest.F90, line 283: DO index variable I is not a local variable (it is from module ESMF_VMSUBRS_UMI)
Warning: ESMF_VMUserMpiInitUTest.F90, line 284: Assignment to ARRAY3_SOLN in thread-safe procedure TEST_ALLREDUCE_SUM
Warning: ESMF_VMUserMpiInitUTest.F90, line 287: Assignment to ISUM in thread-safe procedure TEST_ALLREDUCE_SUM
Warning: ESMF_VMUserMpiInitUTest.F90, line 289: Internal file WRITE to FAILMSG in thread-safe procedure TEST_ALLREDUCE_SUM
Warning: ESMF_VMUserMpiInitUTest.F90, line 290: Internal file WRITE to NAME in thread-safe procedure TEST_ALLREDUCE_SUM
Warning: ESMF_VMUserMpiInitUTest.F90, line 291: RESULT cannot be INTENT(INOUT) actual arg in thread-safe procedure TEST_ALLREDUCE_SUM
Warning: ESMF_VMUserMpiInitUTest.F90, line 297: Internal file WRITE to FAILMSG in thread-safe procedure TEST_ALLREDUCE_SUM
Warning: ESMF_VMUserMpiInitUTest.F90, line 298: Internal file WRITE to NAME in thread-safe procedure TEST_ALLREDUCE_SUM
Warning: ESMF_VMUserMpiInitUTest.F90, line 299: FARRAY3 cannot be INTENT(OUT) actual arg in thread-safe procedure TEST_ALLREDUCE_SUM
Warning: ESMF_VMUserMpiInitUTest.F90, line 299: RC cannot be INTENT(OUT) actual arg in thread-safe procedure TEST_ALLREDUCE_SUM
Warning: ESMF_VMUserMpiInitUTest.F90, line 301: RESULT cannot be INTENT(INOUT) actual arg in thread-safe procedure TEST_ALLREDUCE_SUM
Warning: ESMF_VMUserMpiInitUTest.F90, line 305: Assignment to FSUM in thread-safe procedure TEST_ALLREDUCE_SUM
Warning: ESMF_VMUserMpiInitUTest.F90, line 306: I cannot be DO variable in thread-safe procedure TEST_ALLREDUCE_SUM
Questionable: ESMF_VMUserMpiInitUTest.F90, line 306: DO index variable I is not a local variable (it is from module ESMF_VMSUBRS_UMI)
Warning: ESMF_VMUserMpiInitUTest.F90, line 307: Assignment to FARRAY3_SOLN in thread-safe procedure TEST_ALLREDUCE_SUM
Warning: ESMF_VMUserMpiInitUTest.F90, line 310: Assignment to FSUM in thread-safe procedure TEST_ALLREDUCE_SUM
Warning: ESMF_VMUserMpiInitUTest.F90, line 312: Internal file WRITE to FAILMSG in thread-safe procedure TEST_ALLREDUCE_SUM
Warning: ESMF_VMUserMpiInitUTest.F90, line 313: Internal file WRITE to NAME in thread-safe procedure TEST_ALLREDUCE_SUM
Warning: ESMF_VMUserMpiInitUTest.F90, line 314: RESULT cannot be INTENT(INOUT) actual arg in thread-safe procedure TEST_ALLREDUCE_SUM
Warning: ESMF_VMUserMpiInitUTest.F90, line 320: Internal file WRITE to FAILMSG in thread-safe procedure TEST_ALLREDUCE_SUM
Warning: ESMF_VMUserMpiInitUTest.F90, line 321: Internal file WRITE to NAME in thread-safe procedure TEST_ALLREDUCE_SUM
Warning: ESMF_VMUserMpiInitUTest.F90, line 322: F4ARRAY3 cannot be INTENT(OUT) actual arg in thread-safe procedure TEST_ALLREDUCE_SUM
Warning: ESMF_VMUserMpiInitUTest.F90, line 322: RC cannot be INTENT(OUT) actual arg in thread-safe procedure TEST_ALLREDUCE_SUM
Warning: ESMF_VMUserMpiInitUTest.F90, line 324: RESULT cannot be INTENT(INOUT) actual arg in thread-safe procedure TEST_ALLREDUCE_SUM
Warning: ESMF_VMUserMpiInitUTest.F90, line 328: Assignment to FSUM in thread-safe procedure TEST_ALLREDUCE_SUM
Warning: ESMF_VMUserMpiInitUTest.F90, line 329: I cannot be DO variable in thread-safe procedure TEST_ALLREDUCE_SUM
Questionable: ESMF_VMUserMpiInitUTest.F90, line 329: DO index variable I is not a local variable (it is from module ESMF_VMSUBRS_UMI)
Warning: ESMF_VMUserMpiInitUTest.F90, line 330: Assignment to F4ARRAY3_SOLN in thread-safe procedure TEST_ALLREDUCE_SUM
Warning: ESMF_VMUserMpiInitUTest.F90, line 333: Assignment to FSUM in thread-safe procedure TEST_ALLREDUCE_SUM
Warning: ESMF_VMUserMpiInitUTest.F90, line 335: Internal file WRITE to FAILMSG in thread-safe procedure TEST_ALLREDUCE_SUM
Warning: ESMF_VMUserMpiInitUTest.F90, line 336: Internal file WRITE to NAME in thread-safe procedure TEST_ALLREDUCE_SUM
Warning: ESMF_VMUserMpiInitUTest.F90, line 337: RESULT cannot be INTENT(INOUT) actual arg in thread-safe procedure TEST_ALLREDUCE_SUM
Warning: ESMF_VMUserMpiInitUTest.F90, line 347: Internal file WRITE to FAILMSG in thread-safe procedure TEST_ALLREDUCE_MIN
Warning: ESMF_VMUserMpiInitUTest.F90, line 348: Internal file WRITE to NAME in thread-safe procedure TEST_ALLREDUCE_MIN
Warning: ESMF_VMUserMpiInitUTest.F90, line 349: ARRAY3 cannot be INTENT(OUT) actual arg in thread-safe procedure TEST_ALLREDUCE_MIN
Warning: ESMF_VMUserMpiInitUTest.F90, line 349: RC cannot be INTENT(OUT) actual arg in thread-safe procedure TEST_ALLREDUCE_MIN
Warning: ESMF_VMUserMpiInitUTest.F90, line 351: RESULT cannot be INTENT(INOUT) actual arg in thread-safe procedure TEST_ALLREDUCE_MIN
Warning: ESMF_VMUserMpiInitUTest.F90, line 355: Assignment to ISUM in thread-safe procedure TEST_ALLREDUCE_MIN
Warning: ESMF_VMUserMpiInitUTest.F90, line 356: I cannot be DO variable in thread-safe procedure TEST_ALLREDUCE_MIN
Questionable: ESMF_VMUserMpiInitUTest.F90, line 356: DO index variable I is not a local variable (it is from module ESMF_VMSUBRS_UMI)
Warning: ESMF_VMUserMpiInitUTest.F90, line 357: Assignment to ARRAY3_SOLN in thread-safe procedure TEST_ALLREDUCE_MIN
Warning: ESMF_VMUserMpiInitUTest.F90, line 360: Assignment to ISUM in thread-safe procedure TEST_ALLREDUCE_MIN
Warning: ESMF_VMUserMpiInitUTest.F90, line 362: Internal file WRITE to FAILMSG in thread-safe procedure TEST_ALLREDUCE_MIN
Warning: ESMF_VMUserMpiInitUTest.F90, line 363: Internal file WRITE to NAME in thread-safe procedure TEST_ALLREDUCE_MIN
Warning: ESMF_VMUserMpiInitUTest.F90, line 364: RESULT cannot be INTENT(INOUT) actual arg in thread-safe procedure TEST_ALLREDUCE_MIN
Warning: ESMF_VMUserMpiInitUTest.F90, line 370: Internal file WRITE to FAILMSG in thread-safe procedure TEST_ALLREDUCE_MIN
Warning: ESMF_VMUserMpiInitUTest.F90, line 371: Internal file WRITE to NAME in thread-safe procedure TEST_ALLREDUCE_MIN
Warning: ESMF_VMUserMpiInitUTest.F90, line 372: FARRAY3 cannot be INTENT(OUT) actual arg in thread-safe procedure TEST_ALLREDUCE_MIN
Warning: ESMF_VMUserMpiInitUTest.F90, line 372: RC cannot be INTENT(OUT) actual arg in thread-safe procedure TEST_ALLREDUCE_MIN
Warning: ESMF_VMUserMpiInitUTest.F90, line 374: RESULT cannot be INTENT(INOUT) actual arg in thread-safe procedure TEST_ALLREDUCE_MIN
Warning: ESMF_VMUserMpiInitUTest.F90, line 378: Assignment to FSUM in thread-safe procedure TEST_ALLREDUCE_MIN
Warning: ESMF_VMUserMpiInitUTest.F90, line 379: I cannot be DO variable in thread-safe procedure TEST_ALLREDUCE_MIN
Questionable: ESMF_VMUserMpiInitUTest.F90, line 379: DO index variable I is not a local variable (it is from module ESMF_VMSUBRS_UMI)
Warning: ESMF_VMUserMpiInitUTest.F90, line 380: Assignment to FARRAY3_SOLN in thread-safe procedure TEST_ALLREDUCE_MIN
Warning: ESMF_VMUserMpiInitUTest.F90, line 383: Assignment to FSUM in thread-safe procedure TEST_ALLREDUCE_MIN
Warning: ESMF_VMUserMpiInitUTest.F90, line 385: Internal file WRITE to FAILMSG in thread-safe procedure TEST_ALLREDUCE_MIN
Warning: ESMF_VMUserMpiInitUTest.F90, line 386: Internal file WRITE to NAME in thread-safe procedure TEST_ALLREDUCE_MIN
Warning: ESMF_VMUserMpiInitUTest.F90, line 387: RESULT cannot be INTENT(INOUT) actual arg in thread-safe procedure TEST_ALLREDUCE_MIN
Warning: ESMF_VMUserMpiInitUTest.F90, line 394: Internal file WRITE to FAILMSG in thread-safe procedure TEST_ALLREDUCE_MIN
Warning: ESMF_VMUserMpiInitUTest.F90, line 395: Internal file WRITE to NAME in thread-safe procedure TEST_ALLREDUCE_MIN
Warning: ESMF_VMUserMpiInitUTest.F90, line 396: F4ARRAY3 cannot be INTENT(OUT) actual arg in thread-safe procedure TEST_ALLREDUCE_MIN
Warning: ESMF_VMUserMpiInitUTest.F90, line 396: RC cannot be INTENT(OUT) actual arg in thread-safe procedure TEST_ALLREDUCE_MIN
Warning: ESMF_VMUserMpiInitUTest.F90, line 398: RESULT cannot be INTENT(INOUT) actual arg in thread-safe procedure TEST_ALLREDUCE_MIN
Warning: ESMF_VMUserMpiInitUTest.F90, line 402: Assignment to FSUM in thread-safe procedure TEST_ALLREDUCE_MIN
Warning: ESMF_VMUserMpiInitUTest.F90, line 403: I cannot be DO variable in thread-safe procedure TEST_ALLREDUCE_MIN
Questionable: ESMF_VMUserMpiInitUTest.F90, line 403: DO index variable I is not a local variable (it is from module ESMF_VMSUBRS_UMI)
Warning: ESMF_VMUserMpiInitUTest.F90, line 404: Assignment to F4ARRAY3_SOLN in thread-safe procedure TEST_ALLREDUCE_MIN
Warning: ESMF_VMUserMpiInitUTest.F90, line 407: Assignment to FSUM in thread-safe procedure TEST_ALLREDUCE_MIN
Warning: ESMF_VMUserMpiInitUTest.F90, line 409: Internal file WRITE to FAILMSG in thread-safe procedure TEST_ALLREDUCE_MIN
Warning: ESMF_VMUserMpiInitUTest.F90, line 410: Internal file WRITE to NAME in thread-safe procedure TEST_ALLREDUCE_MIN
Warning: ESMF_VMUserMpiInitUTest.F90, line 411: RESULT cannot be INTENT(INOUT) actual arg in thread-safe procedure TEST_ALLREDUCE_MIN
Warning: ESMF_VMUserMpiInitUTest.F90, line 422: Internal file WRITE to FAILMSG in thread-safe procedure TEST_ALLREDUCE_MAX
Warning: ESMF_VMUserMpiInitUTest.F90, line 423: Internal file WRITE to NAME in thread-safe procedure TEST_ALLREDUCE_MAX
Warning: ESMF_VMUserMpiInitUTest.F90, line 424: ARRAY3 cannot be INTENT(OUT) actual arg in thread-safe procedure TEST_ALLREDUCE_MAX
Warning: ESMF_VMUserMpiInitUTest.F90, line 424: RC cannot be INTENT(OUT) actual arg in thread-safe procedure TEST_ALLREDUCE_MAX
Warning: ESMF_VMUserMpiInitUTest.F90, line 426: RESULT cannot be INTENT(INOUT) actual arg in thread-safe procedure TEST_ALLREDUCE_MAX
Warning: ESMF_VMUserMpiInitUTest.F90, line 430: Assignment to ISUM in thread-safe procedure TEST_ALLREDUCE_MAX
Warning: ESMF_VMUserMpiInitUTest.F90, line 431: I cannot be DO variable in thread-safe procedure TEST_ALLREDUCE_MAX
Questionable: ESMF_VMUserMpiInitUTest.F90, line 431: DO index variable I is not a local variable (it is from module ESMF_VMSUBRS_UMI)
Warning: ESMF_VMUserMpiInitUTest.F90, line 432: Assignment to ARRAY3_SOLN in thread-safe procedure TEST_ALLREDUCE_MAX
Warning: ESMF_VMUserMpiInitUTest.F90, line 435: Assignment to ISUM in thread-safe procedure TEST_ALLREDUCE_MAX
Warning: ESMF_VMUserMpiInitUTest.F90, line 437: Internal file WRITE to FAILMSG in thread-safe procedure TEST_ALLREDUCE_MAX
Warning: ESMF_VMUserMpiInitUTest.F90, line 438: Internal file WRITE to NAME in thread-safe procedure TEST_ALLREDUCE_MAX
Warning: ESMF_VMUserMpiInitUTest.F90, line 439: RESULT cannot be INTENT(INOUT) actual arg in thread-safe procedure TEST_ALLREDUCE_MAX
Warning: ESMF_VMUserMpiInitUTest.F90, line 446: Internal file WRITE to FAILMSG in thread-safe procedure TEST_ALLREDUCE_MAX
Warning: ESMF_VMUserMpiInitUTest.F90, line 447: Internal file WRITE to NAME in thread-safe procedure TEST_ALLREDUCE_MAX
Warning: ESMF_VMUserMpiInitUTest.F90, line 448: FARRAY3 cannot be INTENT(OUT) actual arg in thread-safe procedure TEST_ALLREDUCE_MAX
Warning: ESMF_VMUserMpiInitUTest.F90, line 448: RC cannot be INTENT(OUT) actual arg in thread-safe procedure TEST_ALLREDUCE_MAX
Warning: ESMF_VMUserMpiInitUTest.F90, line 450: RESULT cannot be INTENT(INOUT) actual arg in thread-safe procedure TEST_ALLREDUCE_MAX
Warning: ESMF_VMUserMpiInitUTest.F90, line 454: Assignment to ISUM in thread-safe procedure TEST_ALLREDUCE_MAX
Warning: ESMF_VMUserMpiInitUTest.F90, line 455: I cannot be DO variable in thread-safe procedure TEST_ALLREDUCE_MAX
Questionable: ESMF_VMUserMpiInitUTest.F90, line 455: DO index variable I is not a local variable (it is from module ESMF_VMSUBRS_UMI)
Warning: ESMF_VMUserMpiInitUTest.F90, line 456: Assignment to FARRAY3_SOLN in thread-safe procedure TEST_ALLREDUCE_MAX
Warning: ESMF_VMUserMpiInitUTest.F90, line 459: Assignment to ISUM in thread-safe procedure TEST_ALLREDUCE_MAX
Warning: ESMF_VMUserMpiInitUTest.F90, line 461: Internal file WRITE to FAILMSG in thread-safe procedure TEST_ALLREDUCE_MAX
Warning: ESMF_VMUserMpiInitUTest.F90, line 462: Internal file WRITE to NAME in thread-safe procedure TEST_ALLREDUCE_MAX
Warning: ESMF_VMUserMpiInitUTest.F90, line 463: RESULT cannot be INTENT(INOUT) actual arg in thread-safe procedure TEST_ALLREDUCE_MAX
Warning: ESMF_VMUserMpiInitUTest.F90, line 470: Internal file WRITE to FAILMSG in thread-safe procedure TEST_ALLREDUCE_MAX
Warning: ESMF_VMUserMpiInitUTest.F90, line 471: Internal file WRITE to NAME in thread-safe procedure TEST_ALLREDUCE_MAX
Warning: ESMF_VMUserMpiInitUTest.F90, line 472: F4ARRAY3 cannot be INTENT(OUT) actual arg in thread-safe procedure TEST_ALLREDUCE_MAX
Warning: ESMF_VMUserMpiInitUTest.F90, line 472: RC cannot be INTENT(OUT) actual arg in thread-safe procedure TEST_ALLREDUCE_MAX
Warning: ESMF_VMUserMpiInitUTest.F90, line 474: RESULT cannot be INTENT(INOUT) actual arg in thread-safe procedure TEST_ALLREDUCE_MAX
Warning: ESMF_VMUserMpiInitUTest.F90, line 478: Assignment to ISUM in thread-safe procedure TEST_ALLREDUCE_MAX
Warning: ESMF_VMUserMpiInitUTest.F90, line 479: I cannot be DO variable in thread-safe procedure TEST_ALLREDUCE_MAX
Questionable: ESMF_VMUserMpiInitUTest.F90, line 479: DO index variable I is not a local variable (it is from module ESMF_VMSUBRS_UMI)
Warning: ESMF_VMUserMpiInitUTest.F90, line 480: Assignment to F4ARRAY3_SOLN in thread-safe procedure TEST_ALLREDUCE_MAX
Warning: ESMF_VMUserMpiInitUTest.F90, line 483: Assignment to ISUM in thread-safe procedure TEST_ALLREDUCE_MAX
Warning: ESMF_VMUserMpiInitUTest.F90, line 485: Internal file WRITE to FAILMSG in thread-safe procedure TEST_ALLREDUCE_MAX
Warning: ESMF_VMUserMpiInitUTest.F90, line 486: Internal file WRITE to NAME in thread-safe procedure TEST_ALLREDUCE_MAX
Warning: ESMF_VMUserMpiInitUTest.F90, line 487: RESULT cannot be INTENT(INOUT) actual arg in thread-safe procedure TEST_ALLREDUCE_MAX
Questionable: ESMF_VMUserMpiInitUTest.F90, line 599: DO index variable I is not a local variable (it is from module ESMF_VMSUBRS_UMI)
Questionable: ESMF_VMUserMpiInitUTest.F90, line 609: DO index variable J is not a local variable (it is from module ESMF_VMSUBRS_UMI)
Questionable: ESMF_VMUserMpiInitUTest.F90, line 610: DO index variable I is not a local variable (it is from module ESMF_VMSUBRS_UMI)
[NAG Fortran Compiler normal termination, 203 warnings]
nagfor    -thread_safe -Wl,-Wl,,--no-as-needed  -openmp -L/project/esmf/himanshu/nag/esmf/lib/libg/Linux.nag.64.mpiuni.default  -L/usr/local/gcc-g++-gfortran-9.3.0/lib/gcc/x86_64-pc-linux-gnu/9.3.0/../../../../lib64/ -Wl,-Wl,,-rpath,,/project/esmf/himanshu/nag/esmf/lib/libg/Linux.nag.64.mpiuni.default  -Wl,-Wl,,-rpath,,/usr/local/gcc-g++-gfortran-9.3.0/lib/gcc/x86_64-pc-linux-gnu/9.3.0/../../../../lib64/ -o /project/esmf/himanshu/nag/esmf/test/testg/Linux.nag.64.mpiuni.default/ESMF_VMUserMpiInitUTest   ESMF_VMUserMpiInitUTest.o -lesmf  -lrt -lstdc++ -ldl
NAG Fortran Compiler Release 7.0(Yurakucho) Build 7005
rm -rf -f *.o *.mod
nagfor -c -g -pic -DESMF_NAG_UNIX_MODULE -dusty -thread_safe  -openmp -I/project/esmf/himanshu/nag/esmf/src/Infrastructure/VM/tests -I/project/esmf/himanshu/nag/esmf/build_config/Linux.nag.default -I/project/esmf/himanshu/nag/esmf/src/Infrastructure -I/project/esmf/himanshu/nag/esmf/src/Superstructure -I/project/esmf/himanshu/nag/esmf/mod/modg/Linux.nag.64.mpiuni.default -I/project/esmf/himanshu/nag/esmf/src/include   -DESMF_NO_INTEGER_1_BYTE -DESMF_NO_INTEGER_2_BYTE -DESMFVERSIONGIT='"ESMF_8_1_0_beta_snapshot_43-28-g3831f9e170"' -DESMF_MOAB=1 -DESMF_LAPACK=1 -DESMF_LAPACK_INTERNAL=1 -DESMF_NO_ACC_SOFTWARE_STACK=1 -DESMF_YAMLCPP=1 -DESMF_YAML=1 -DESMF_NO_OPENACC -DESMF_TESTEXHAUSTIVE -DESMF_BOPT_g -DESMF_TESTCOMPTUNNEL -DS64=1 -DESMF_OS_Linux=1 -DESMF_COMM=mpiuni -DESMF_DIR=/project/esmf/himanshu/nag/esmf -DESMF_MPIUNI -DESMF_NO_F2018ASSUMEDTYPE ESMF_VMSendVMRecvUTest.F90 -o ESMF_VMSendVMRecvUTest.o
NAG Fortran Compiler Release 7.0(Yurakucho) Build 7005
[NAG Fortran Compiler normal termination]
nagfor    -thread_safe -Wl,-Wl,,--no-as-needed  -openmp -L/project/esmf/himanshu/nag/esmf/lib/libg/Linux.nag.64.mpiuni.default  -L/usr/local/gcc-g++-gfortran-9.3.0/lib/gcc/x86_64-pc-linux-gnu/9.3.0/../../../../lib64/ -Wl,-Wl,,-rpath,,/project/esmf/himanshu/nag/esmf/lib/libg/Linux.nag.64.mpiuni.default  -Wl,-Wl,,-rpath,,/usr/local/gcc-g++-gfortran-9.3.0/lib/gcc/x86_64-pc-linux-gnu/9.3.0/../../../../lib64/ -o /project/esmf/himanshu/nag/esmf/test/testg/Linux.nag.64.mpiuni.default/ESMF_VMSendVMRecvUTest   ESMF_VMSendVMRecvUTest.o -lesmf  -lrt -lstdc++ -ldl
NAG Fortran Compiler Release 7.0(Yurakucho) Build 7005
rm -rf -f *.o *.mod
nagfor -c -g -pic -DESMF_NAG_UNIX_MODULE -dusty -thread_safe  -openmp -I/project/esmf/himanshu/nag/esmf/src/Infrastructure/VM/tests -I/project/esmf/himanshu/nag/esmf/build_config/Linux.nag.default -I/project/esmf/himanshu/nag/esmf/src/Infrastructure -I/project/esmf/himanshu/nag/esmf/src/Superstructure -I/project/esmf/himanshu/nag/esmf/mod/modg/Linux.nag.64.mpiuni.default -I/project/esmf/himanshu/nag/esmf/src/include   -DESMF_NO_INTEGER_1_BYTE -DESMF_NO_INTEGER_2_BYTE -DESMFVERSIONGIT='"ESMF_8_1_0_beta_snapshot_43-28-g3831f9e170"' -DESMF_MOAB=1 -DESMF_LAPACK=1 -DESMF_LAPACK_INTERNAL=1 -DESMF_NO_ACC_SOFTWARE_STACK=1 -DESMF_YAMLCPP=1 -DESMF_YAML=1 -DESMF_NO_OPENACC -DESMF_TESTEXHAUSTIVE -DESMF_BOPT_g -DESMF_TESTCOMPTUNNEL -DS64=1 -DESMF_OS_Linux=1 -DESMF_COMM=mpiuni -DESMF_DIR=/project/esmf/himanshu/nag/esmf -DESMF_MPIUNI -DESMF_NO_F2018ASSUMEDTYPE ESMF_VMSendNbVMRecvNbUTest.F90 -o ESMF_VMSendNbVMRecvNbUTest.o
NAG Fortran Compiler Release 7.0(Yurakucho) Build 7005
[NAG Fortran Compiler normal termination]
nagfor    -thread_safe -Wl,-Wl,,--no-as-needed  -openmp -L/project/esmf/himanshu/nag/esmf/lib/libg/Linux.nag.64.mpiuni.default  -L/usr/local/gcc-g++-gfortran-9.3.0/lib/gcc/x86_64-pc-linux-gnu/9.3.0/../../../../lib64/ -Wl,-Wl,,-rpath,,/project/esmf/himanshu/nag/esmf/lib/libg/Linux.nag.64.mpiuni.default  -Wl,-Wl,,-rpath,,/usr/local/gcc-g++-gfortran-9.3.0/lib/gcc/x86_64-pc-linux-gnu/9.3.0/../../../../lib64/ -o /project/esmf/himanshu/nag/esmf/test/testg/Linux.nag.64.mpiuni.default/ESMF_VMSendNbVMRecvNbUTest   ESMF_VMSendNbVMRecvNbUTest.o -lesmf  -lrt -lstdc++ -ldl
NAG Fortran Compiler Release 7.0(Yurakucho) Build 7005
rm -rf -f *.o *.mod
nagfor -c -g -pic -DESMF_NAG_UNIX_MODULE -dusty -thread_safe  -openmp -I/project/esmf/himanshu/nag/esmf/src/Infrastructure/VM/tests -I/project/esmf/himanshu/nag/esmf/build_config/Linux.nag.default -I/project/esmf/himanshu/nag/esmf/src/Infrastructure -I/project/esmf/himanshu/nag/esmf/src/Superstructure -I/project/esmf/himanshu/nag/esmf/mod/modg/Linux.nag.64.mpiuni.default -I/project/esmf/himanshu/nag/esmf/src/include   -DESMF_NO_INTEGER_1_BYTE -DESMF_NO_INTEGER_2_BYTE -DESMFVERSIONGIT='"ESMF_8_1_0_beta_snapshot_43-28-g3831f9e170"' -DESMF_MOAB=1 -DESMF_LAPACK=1 -DESMF_LAPACK_INTERNAL=1 -DESMF_NO_ACC_SOFTWARE_STACK=1 -DESMF_YAMLCPP=1 -DESMF_YAML=1 -DESMF_NO_OPENACC -DESMF_TESTEXHAUSTIVE -DESMF_BOPT_g -DESMF_TESTCOMPTUNNEL -DS64=1 -DESMF_OS_Linux=1 -DESMF_COMM=mpiuni -DESMF_DIR=/project/esmf/himanshu/nag/esmf -DESMF_MPIUNI -DESMF_NO_F2018ASSUMEDTYPE ESMF_VMSendRecvUTest.F90 -o ESMF_VMSendRecvUTest.o
NAG Fortran Compiler Release 7.0(Yurakucho) Build 7005
[NAG Fortran Compiler normal termination]
nagfor    -thread_safe -Wl,-Wl,,--no-as-needed  -openmp -L/project/esmf/himanshu/nag/esmf/lib/libg/Linux.nag.64.mpiuni.default  -L/usr/local/gcc-g++-gfortran-9.3.0/lib/gcc/x86_64-pc-linux-gnu/9.3.0/../../../../lib64/ -Wl,-Wl,,-rpath,,/project/esmf/himanshu/nag/esmf/lib/libg/Linux.nag.64.mpiuni.default  -Wl,-Wl,,-rpath,,/usr/local/gcc-g++-gfortran-9.3.0/lib/gcc/x86_64-pc-linux-gnu/9.3.0/../../../../lib64/ -o /project/esmf/himanshu/nag/esmf/test/testg/Linux.nag.64.mpiuni.default/ESMF_VMSendRecvUTest   ESMF_VMSendRecvUTest.o -lesmf  -lrt -lstdc++ -ldl
NAG Fortran Compiler Release 7.0(Yurakucho) Build 7005
rm -rf -f *.o *.mod
nagfor -c -g -pic -DESMF_NAG_UNIX_MODULE -dusty -thread_safe  -openmp -I/project/esmf/himanshu/nag/esmf/src/Infrastructure/VM/tests -I/project/esmf/himanshu/nag/esmf/build_config/Linux.nag.default -I/project/esmf/himanshu/nag/esmf/src/Infrastructure -I/project/esmf/himanshu/nag/esmf/src/Superstructure -I/project/esmf/himanshu/nag/esmf/mod/modg/Linux.nag.64.mpiuni.default -I/project/esmf/himanshu/nag/esmf/src/include   -DESMF_NO_INTEGER_1_BYTE -DESMF_NO_INTEGER_2_BYTE -DESMFVERSIONGIT='"ESMF_8_1_0_beta_snapshot_43-28-g3831f9e170"' -DESMF_MOAB=1 -DESMF_LAPACK=1 -DESMF_LAPACK_INTERNAL=1 -DESMF_NO_ACC_SOFTWARE_STACK=1 -DESMF_YAMLCPP=1 -DESMF_YAML=1 -DESMF_NO_OPENACC -DESMF_TESTEXHAUSTIVE -DESMF_BOPT_g -DESMF_TESTCOMPTUNNEL -DS64=1 -DESMF_OS_Linux=1 -DESMF_COMM=mpiuni -DESMF_DIR=/project/esmf/himanshu/nag/esmf -DESMF_MPIUNI -DESMF_NO_F2018ASSUMEDTYPE ESMF_VMSendRecvNbUTest.F90 -o ESMF_VMSendRecvNbUTest.o
NAG Fortran Compiler Release 7.0(Yurakucho) Build 7005
[NAG Fortran Compiler normal termination]
nagfor    -thread_safe -Wl,-Wl,,--no-as-needed  -openmp -L/project/esmf/himanshu/nag/esmf/lib/libg/Linux.nag.64.mpiuni.default  -L/usr/local/gcc-g++-gfortran-9.3.0/lib/gcc/x86_64-pc-linux-gnu/9.3.0/../../../../lib64/ -Wl,-Wl,,-rpath,,/project/esmf/himanshu/nag/esmf/lib/libg/Linux.nag.64.mpiuni.default  -Wl,-Wl,,-rpath,,/usr/local/gcc-g++-gfortran-9.3.0/lib/gcc/x86_64-pc-linux-gnu/9.3.0/../../../../lib64/ -o /project/esmf/himanshu/nag/esmf/test/testg/Linux.nag.64.mpiuni.default/ESMF_VMSendRecvNbUTest   ESMF_VMSendRecvNbUTest.o -lesmf  -lrt -lstdc++ -ldl
NAG Fortran Compiler Release 7.0(Yurakucho) Build 7005
rm -rf -f *.o *.mod
nagfor -c -g -pic -DESMF_NAG_UNIX_MODULE -dusty -thread_safe  -openmp -I/project/esmf/himanshu/nag/esmf/src/Infrastructure/VM/tests -I/project/esmf/himanshu/nag/esmf/build_config/Linux.nag.default -I/project/esmf/himanshu/nag/esmf/src/Infrastructure -I/project/esmf/himanshu/nag/esmf/src/Superstructure -I/project/esmf/himanshu/nag/esmf/mod/modg/Linux.nag.64.mpiuni.default -I/project/esmf/himanshu/nag/esmf/src/include   -DESMF_NO_INTEGER_1_BYTE -DESMF_NO_INTEGER_2_BYTE -DESMFVERSIONGIT='"ESMF_8_1_0_beta_snapshot_43-28-g3831f9e170"' -DESMF_MOAB=1 -DESMF_LAPACK=1 -DESMF_LAPACK_INTERNAL=1 -DESMF_NO_ACC_SOFTWARE_STACK=1 -DESMF_YAMLCPP=1 -DESMF_YAML=1 -DESMF_NO_OPENACC -DESMF_TESTEXHAUSTIVE -DESMF_BOPT_g -DESMF_TESTCOMPTUNNEL -DS64=1 -DESMF_OS_Linux=1 -DESMF_COMM=mpiuni -DESMF_DIR=/project/esmf/himanshu/nag/esmf -DESMF_MPIUNI -DESMF_NO_F2018ASSUMEDTYPE ESMF_VMScatterUTest.F90 -o ESMF_VMScatterUTest.o
NAG Fortran Compiler Release 7.0(Yurakucho) Build 7005
[NAG Fortran Compiler normal termination]
nagfor    -thread_safe -Wl,-Wl,,--no-as-needed  -openmp -L/project/esmf/himanshu/nag/esmf/lib/libg/Linux.nag.64.mpiuni.default  -L/usr/local/gcc-g++-gfortran-9.3.0/lib/gcc/x86_64-pc-linux-gnu/9.3.0/../../../../lib64/ -Wl,-Wl,,-rpath,,/project/esmf/himanshu/nag/esmf/lib/libg/Linux.nag.64.mpiuni.default  -Wl,-Wl,,-rpath,,/usr/local/gcc-g++-gfortran-9.3.0/lib/gcc/x86_64-pc-linux-gnu/9.3.0/../../../../lib64/ -o /project/esmf/himanshu/nag/esmf/test/testg/Linux.nag.64.mpiuni.default/ESMF_VMScatterUTest   ESMF_VMScatterUTest.o -lesmf  -lrt -lstdc++ -ldl
NAG Fortran Compiler Release 7.0(Yurakucho) Build 7005
rm -rf -f *.o *.mod
nagfor -c -g -pic -DESMF_NAG_UNIX_MODULE -dusty -thread_safe  -openmp -I/project/esmf/himanshu/nag/esmf/src/Infrastructure/VM/tests -I/project/esmf/himanshu/nag/esmf/build_config/Linux.nag.default -I/project/esmf/himanshu/nag/esmf/src/Infrastructure -I/project/esmf/himanshu/nag/esmf/src/Superstructure -I/project/esmf/himanshu/nag/esmf/mod/modg/Linux.nag.64.mpiuni.default -I/project/esmf/himanshu/nag/esmf/src/include   -DESMF_NO_INTEGER_1_BYTE -DESMF_NO_INTEGER_2_BYTE -DESMFVERSIONGIT='"ESMF_8_1_0_beta_snapshot_43-28-g3831f9e170"' -DESMF_MOAB=1 -DESMF_LAPACK=1 -DESMF_LAPACK_INTERNAL=1 -DESMF_NO_ACC_SOFTWARE_STACK=1 -DESMF_YAMLCPP=1 -DESMF_YAML=1 -DESMF_NO_OPENACC -DESMF_TESTEXHAUSTIVE -DESMF_BOPT_g -DESMF_TESTCOMPTUNNEL -DS64=1 -DESMF_OS_Linux=1 -DESMF_COMM=mpiuni -DESMF_DIR=/project/esmf/himanshu/nag/esmf -DESMF_MPIUNI -DESMF_NO_F2018ASSUMEDTYPE ESMF_VMGatherUTest.F90 -o ESMF_VMGatherUTest.o
NAG Fortran Compiler Release 7.0(Yurakucho) Build 7005
[NAG Fortran Compiler normal termination]
nagfor    -thread_safe -Wl,-Wl,,--no-as-needed  -openmp -L/project/esmf/himanshu/nag/esmf/lib/libg/Linux.nag.64.mpiuni.default  -L/usr/local/gcc-g++-gfortran-9.3.0/lib/gcc/x86_64-pc-linux-gnu/9.3.0/../../../../lib64/ -Wl,-Wl,,-rpath,,/project/esmf/himanshu/nag/esmf/lib/libg/Linux.nag.64.mpiuni.default  -Wl,-Wl,,-rpath,,/usr/local/gcc-g++-gfortran-9.3.0/lib/gcc/x86_64-pc-linux-gnu/9.3.0/../../../../lib64/ -o /project/esmf/himanshu/nag/esmf/test/testg/Linux.nag.64.mpiuni.default/ESMF_VMGatherUTest   ESMF_VMGatherUTest.o -lesmf  -lrt -lstdc++ -ldl
NAG Fortran Compiler Release 7.0(Yurakucho) Build 7005
rm -rf -f *.o *.mod
nagfor -c -g -pic -DESMF_NAG_UNIX_MODULE -dusty -thread_safe  -openmp -I/project/esmf/himanshu/nag/esmf/src/Infrastructure/VM/tests -I/project/esmf/himanshu/nag/esmf/build_config/Linux.nag.default -I/project/esmf/himanshu/nag/esmf/src/Infrastructure -I/project/esmf/himanshu/nag/esmf/src/Superstructure -I/project/esmf/himanshu/nag/esmf/mod/modg/Linux.nag.64.mpiuni.default -I/project/esmf/himanshu/nag/esmf/src/include   -DESMF_NO_INTEGER_1_BYTE -DESMF_NO_INTEGER_2_BYTE -DESMFVERSIONGIT='"ESMF_8_1_0_beta_snapshot_43-28-g3831f9e170"' -DESMF_MOAB=1 -DESMF_LAPACK=1 -DESMF_LAPACK_INTERNAL=1 -DESMF_NO_ACC_SOFTWARE_STACK=1 -DESMF_YAMLCPP=1 -DESMF_YAML=1 -DESMF_NO_OPENACC -DESMF_TESTEXHAUSTIVE -DESMF_BOPT_g -DESMF_TESTCOMPTUNNEL -DS64=1 -DESMF_OS_Linux=1 -DESMF_COMM=mpiuni -DESMF_DIR=/project/esmf/himanshu/nag/esmf -DESMF_MPIUNI -DESMF_NO_F2018ASSUMEDTYPE ESMF_VMAllGatherUTest.F90 -o ESMF_VMAllGatherUTest.o
NAG Fortran Compiler Release 7.0(Yurakucho) Build 7005
[NAG Fortran Compiler normal termination]
nagfor    -thread_safe -Wl,-Wl,,--no-as-needed  -openmp -L/project/esmf/himanshu/nag/esmf/lib/libg/Linux.nag.64.mpiuni.default  -L/usr/local/gcc-g++-gfortran-9.3.0/lib/gcc/x86_64-pc-linux-gnu/9.3.0/../../../../lib64/ -Wl,-Wl,,-rpath,,/project/esmf/himanshu/nag/esmf/lib/libg/Linux.nag.64.mpiuni.default  -Wl,-Wl,,-rpath,,/usr/local/gcc-g++-gfortran-9.3.0/lib/gcc/x86_64-pc-linux-gnu/9.3.0/../../../../lib64/ -o /project/esmf/himanshu/nag/esmf/test/testg/Linux.nag.64.mpiuni.default/ESMF_VMAllGatherUTest   ESMF_VMAllGatherUTest.o -lesmf  -lrt -lstdc++ -ldl
NAG Fortran Compiler Release 7.0(Yurakucho) Build 7005
rm -rf -f *.o *.mod
nagfor -c -g -pic -DESMF_NAG_UNIX_MODULE -dusty -thread_safe  -openmp -I/project/esmf/himanshu/nag/esmf/src/Infrastructure/VM/tests -I/project/esmf/himanshu/nag/esmf/build_config/Linux.nag.default -I/project/esmf/himanshu/nag/esmf/src/Infrastructure -I/project/esmf/himanshu/nag/esmf/src/Superstructure -I/project/esmf/himanshu/nag/esmf/mod/modg/Linux.nag.64.mpiuni.default -I/project/esmf/himanshu/nag/esmf/src/include   -DESMF_NO_INTEGER_1_BYTE -DESMF_NO_INTEGER_2_BYTE -DESMFVERSIONGIT='"ESMF_8_1_0_beta_snapshot_43-28-g3831f9e170"' -DESMF_MOAB=1 -DESMF_LAPACK=1 -DESMF_LAPACK_INTERNAL=1 -DESMF_NO_ACC_SOFTWARE_STACK=1 -DESMF_YAMLCPP=1 -DESMF_YAML=1 -DESMF_NO_OPENACC -DESMF_TESTEXHAUSTIVE -DESMF_BOPT_g -DESMF_TESTCOMPTUNNEL -DS64=1 -DESMF_OS_Linux=1 -DESMF_COMM=mpiuni -DESMF_DIR=/project/esmf/himanshu/nag/esmf -DESMF_MPIUNI -DESMF_NO_F2018ASSUMEDTYPE ESMF_VMAllGatherVUTest.F90 -o ESMF_VMAllGatherVUTest.o
NAG Fortran Compiler Release 7.0(Yurakucho) Build 7005
Questionable: ESMF_VMAllGatherVUTest.F90, line 384: Variable NSIZE set but never referenced
Warning: ESMF_VMAllGatherVUTest.F90, line 384: Unused local variable VMIDARRAY3
[NAG Fortran Compiler normal termination, 2 warnings]
nagfor    -thread_safe -Wl,-Wl,,--no-as-needed  -openmp -L/project/esmf/himanshu/nag/esmf/lib/libg/Linux.nag.64.mpiuni.default  -L/usr/local/gcc-g++-gfortran-9.3.0/lib/gcc/x86_64-pc-linux-gnu/9.3.0/../../../../lib64/ -Wl,-Wl,,-rpath,,/project/esmf/himanshu/nag/esmf/lib/libg/Linux.nag.64.mpiuni.default  -Wl,-Wl,,-rpath,,/usr/local/gcc-g++-gfortran-9.3.0/lib/gcc/x86_64-pc-linux-gnu/9.3.0/../../../../lib64/ -o /project/esmf/himanshu/nag/esmf/test/testg/Linux.nag.64.mpiuni.default/ESMF_VMAllGatherVUTest   ESMF_VMAllGatherVUTest.o -lesmf  -lrt -lstdc++ -ldl
NAG Fortran Compiler Release 7.0(Yurakucho) Build 7005
rm -rf -f *.o *.mod
nagfor -c -g -pic -DESMF_NAG_UNIX_MODULE -dusty -thread_safe  -openmp -I/project/esmf/himanshu/nag/esmf/src/Infrastructure/VM/tests -I/project/esmf/himanshu/nag/esmf/build_config/Linux.nag.default -I/project/esmf/himanshu/nag/esmf/src/Infrastructure -I/project/esmf/himanshu/nag/esmf/src/Superstructure -I/project/esmf/himanshu/nag/esmf/mod/modg/Linux.nag.64.mpiuni.default -I/project/esmf/himanshu/nag/esmf/src/include   -DESMF_NO_INTEGER_1_BYTE -DESMF_NO_INTEGER_2_BYTE -DESMFVERSIONGIT='"ESMF_8_1_0_beta_snapshot_43-28-g3831f9e170"' -DESMF_MOAB=1 -DESMF_LAPACK=1 -DESMF_LAPACK_INTERNAL=1 -DESMF_NO_ACC_SOFTWARE_STACK=1 -DESMF_YAMLCPP=1 -DESMF_YAML=1 -DESMF_NO_OPENACC -DESMF_TESTEXHAUSTIVE -DESMF_BOPT_g -DESMF_TESTCOMPTUNNEL -DS64=1 -DESMF_OS_Linux=1 -DESMF_COMM=mpiuni -DESMF_DIR=/project/esmf/himanshu/nag/esmf -DESMF_MPIUNI -DESMF_NO_F2018ASSUMEDTYPE ESMF_VMBroadcastUTest.F90 -o ESMF_VMBroadcastUTest.o
NAG Fortran Compiler Release 7.0(Yurakucho) Build 7005
Warning: ESMF_VMBroadcastUTest.F90, line 424: Unused local variable ISUM
Warning: ESMF_VMBroadcastUTest.F90, line 424: Unused local variable R4SUM
Warning: ESMF_VMBroadcastUTest.F90, line 424: Unused local variable R8SUM
Warning: ESMF_VMBroadcastUTest.F90, line 424: Unused local variable STRVALUE
[NAG Fortran Compiler normal termination, 4 warnings]
nagfor    -thread_safe -Wl,-Wl,,--no-as-needed  -openmp -L/project/esmf/himanshu/nag/esmf/lib/libg/Linux.nag.64.mpiuni.default  -L/usr/local/gcc-g++-gfortran-9.3.0/lib/gcc/x86_64-pc-linux-gnu/9.3.0/../../../../lib64/ -Wl,-Wl,,-rpath,,/project/esmf/himanshu/nag/esmf/lib/libg/Linux.nag.64.mpiuni.default  -Wl,-Wl,,-rpath,,/usr/local/gcc-g++-gfortran-9.3.0/lib/gcc/x86_64-pc-linux-gnu/9.3.0/../../../../lib64/ -o /project/esmf/himanshu/nag/esmf/test/testg/Linux.nag.64.mpiuni.default/ESMF_VMBroadcastUTest   ESMF_VMBroadcastUTest.o -lesmf  -lrt -lstdc++ -ldl
NAG Fortran Compiler Release 7.0(Yurakucho) Build 7005
rm -rf -f *.o *.mod
nagfor -c -g -pic -DESMF_NAG_UNIX_MODULE -dusty -thread_safe  -openmp -I/project/esmf/himanshu/nag/esmf/src/Infrastructure/VM/tests -I/project/esmf/himanshu/nag/esmf/build_config/Linux.nag.default -I/project/esmf/himanshu/nag/esmf/src/Infrastructure -I/project/esmf/himanshu/nag/esmf/src/Superstructure -I/project/esmf/himanshu/nag/esmf/mod/modg/Linux.nag.64.mpiuni.default -I/project/esmf/himanshu/nag/esmf/src/include   -DESMF_NO_INTEGER_1_BYTE -DESMF_NO_INTEGER_2_BYTE -DESMFVERSIONGIT='"ESMF_8_1_0_beta_snapshot_43-28-g3831f9e170"' -DESMF_MOAB=1 -DESMF_LAPACK=1 -DESMF_LAPACK_INTERNAL=1 -DESMF_NO_ACC_SOFTWARE_STACK=1 -DESMF_YAMLCPP=1 -DESMF_YAML=1 -DESMF_NO_OPENACC -DESMF_TESTEXHAUSTIVE -DESMF_BOPT_g -DESMF_TESTCOMPTUNNEL -DS64=1 -DESMF_OS_Linux=1 -DESMF_COMM=mpiuni -DESMF_DIR=/project/esmf/himanshu/nag/esmf -DESMF_MPIUNI -DESMF_NO_F2018ASSUMEDTYPE ESMF_VMAllToAllUTest.F90 -o ESMF_VMAllToAllUTest.o
NAG Fortran Compiler Release 7.0(Yurakucho) Build 7005
Warning: ESMF_VMAllToAllUTest.F90, line 284: Unused local variable J
Warning: ESMF_VMAllToAllUTest.F90, line 284: Unused local variable K
Warning: ESMF_VMAllToAllUTest.F90, line 284: Unused local variable LOCALRC
Warning: ESMF_VMAllToAllUTest.F90, line 284: Unused local variable NLEN1
Warning: ESMF_VMAllToAllUTest.F90, line 284: Unused local variable NLEN2
Warning: ESMF_VMAllToAllUTest.F90, line 284: Unused local variable NSIZE
[NAG Fortran Compiler normal termination, 6 warnings]
nagfor    -thread_safe -Wl,-Wl,,--no-as-needed  -openmp -L/project/esmf/himanshu/nag/esmf/lib/libg/Linux.nag.64.mpiuni.default  -L/usr/local/gcc-g++-gfortran-9.3.0/lib/gcc/x86_64-pc-linux-gnu/9.3.0/../../../../lib64/ -Wl,-Wl,,-rpath,,/project/esmf/himanshu/nag/esmf/lib/libg/Linux.nag.64.mpiuni.default  -Wl,-Wl,,-rpath,,/usr/local/gcc-g++-gfortran-9.3.0/lib/gcc/x86_64-pc-linux-gnu/9.3.0/../../../../lib64/ -o /project/esmf/himanshu/nag/esmf/test/testg/Linux.nag.64.mpiuni.default/ESMF_VMAllToAllUTest   ESMF_VMAllToAllUTest.o -lesmf  -lrt -lstdc++ -ldl
NAG Fortran Compiler Release 7.0(Yurakucho) Build 7005
rm -rf -f *.o *.mod
nagfor -c -g -pic -DESMF_NAG_UNIX_MODULE -dusty -thread_safe  -openmp -I/project/esmf/himanshu/nag/esmf/src/Infrastructure/VM/tests -I/project/esmf/himanshu/nag/esmf/build_config/Linux.nag.default -I/project/esmf/himanshu/nag/esmf/src/Infrastructure -I/project/esmf/himanshu/nag/esmf/src/Superstructure -I/project/esmf/himanshu/nag/esmf/mod/modg/Linux.nag.64.mpiuni.default -I/project/esmf/himanshu/nag/esmf/src/include   -DESMF_NO_INTEGER_1_BYTE -DESMF_NO_INTEGER_2_BYTE -DESMFVERSIONGIT='"ESMF_8_1_0_beta_snapshot_43-28-g3831f9e170"' -DESMF_MOAB=1 -DESMF_LAPACK=1 -DESMF_LAPACK_INTERNAL=1 -DESMF_NO_ACC_SOFTWARE_STACK=1 -DESMF_YAMLCPP=1 -DESMF_YAML=1 -DESMF_NO_OPENACC -DESMF_TESTEXHAUSTIVE -DESMF_BOPT_g -DESMF_TESTCOMPTUNNEL -DS64=1 -DESMF_OS_Linux=1 -DESMF_COMM=mpiuni -DESMF_DIR=/project/esmf/himanshu/nag/esmf -DESMF_MPIUNI -DESMF_NO_F2018ASSUMEDTYPE ESMF_VMAllToAllVUTest.F90 -o ESMF_VMAllToAllVUTest.o
NAG Fortran Compiler Release 7.0(Yurakucho) Build 7005
Warning: ESMF_VMAllToAllVUTest.F90, line 410: Unused local variable ALL_VERIFY
Warning: ESMF_VMAllToAllVUTest.F90, line 410: Unused local variable IDDATA
Warning: ESMF_VMAllToAllVUTest.F90, line 410: Unused local variable KEYDATA
Warning: ESMF_VMAllToAllVUTest.F90, line 410: Unused local variable LOCALRC
Warning: ESMF_VMAllToAllVUTest.F90, line 410: Unused local variable VMIDS_ARRAY1
Warning: ESMF_VMAllToAllVUTest.F90, line 410: Unused local variable VMIDS_ARRAY2
Warning: ESMF_VMAllToAllVUTest.F90, line 410: Unused local variable VMIDS_ARRAY3
[NAG Fortran Compiler normal termination, 7 warnings]
nagfor    -thread_safe -Wl,-Wl,,--no-as-needed  -openmp -L/project/esmf/himanshu/nag/esmf/lib/libg/Linux.nag.64.mpiuni.default  -L/usr/local/gcc-g++-gfortran-9.3.0/lib/gcc/x86_64-pc-linux-gnu/9.3.0/../../../../lib64/ -Wl,-Wl,,-rpath,,/project/esmf/himanshu/nag/esmf/lib/libg/Linux.nag.64.mpiuni.default  -Wl,-Wl,,-rpath,,/usr/local/gcc-g++-gfortran-9.3.0/lib/gcc/x86_64-pc-linux-gnu/9.3.0/../../../../lib64/ -o /project/esmf/himanshu/nag/esmf/test/testg/Linux.nag.64.mpiuni.default/ESMF_VMAllToAllVUTest   ESMF_VMAllToAllVUTest.o -lesmf  -lrt -lstdc++ -ldl
NAG Fortran Compiler Release 7.0(Yurakucho) Build 7005
rm -rf -f *.o *.mod
nagfor -c -g -pic -DESMF_NAG_UNIX_MODULE -dusty -thread_safe  -openmp -I/project/esmf/himanshu/nag/esmf/src/Infrastructure/VM/tests -I/project/esmf/himanshu/nag/esmf/build_config/Linux.nag.default -I/project/esmf/himanshu/nag/esmf/src/Infrastructure -I/project/esmf/himanshu/nag/esmf/src/Superstructure -I/project/esmf/himanshu/nag/esmf/mod/modg/Linux.nag.64.mpiuni.default -I/project/esmf/himanshu/nag/esmf/src/include   -DESMF_NO_INTEGER_1_BYTE -DESMF_NO_INTEGER_2_BYTE -DESMFVERSIONGIT='"ESMF_8_1_0_beta_snapshot_43-28-g3831f9e170"' -DESMF_MOAB=1 -DESMF_LAPACK=1 -DESMF_LAPACK_INTERNAL=1 -DESMF_NO_ACC_SOFTWARE_STACK=1 -DESMF_YAMLCPP=1 -DESMF_YAML=1 -DESMF_NO_OPENACC -DESMF_TESTEXHAUSTIVE -DESMF_BOPT_g -DESMF_TESTCOMPTUNNEL -DS64=1 -DESMF_OS_Linux=1 -DESMF_COMM=mpiuni -DESMF_DIR=/project/esmf/himanshu/nag/esmf -DESMF_MPIUNI -DESMF_NO_F2018ASSUMEDTYPE ESMF_VMBarrierUTest.F90 -o ESMF_VMBarrierUTest.o
NAG Fortran Compiler Release 7.0(Yurakucho) Build 7005
[NAG Fortran Compiler normal termination]
nagfor    -thread_safe -Wl,-Wl,,--no-as-needed  -openmp -L/project/esmf/himanshu/nag/esmf/lib/libg/Linux.nag.64.mpiuni.default  -L/usr/local/gcc-g++-gfortran-9.3.0/lib/gcc/x86_64-pc-linux-gnu/9.3.0/../../../../lib64/ -Wl,-Wl,,-rpath,,/project/esmf/himanshu/nag/esmf/lib/libg/Linux.nag.64.mpiuni.default  -Wl,-Wl,,-rpath,,/usr/local/gcc-g++-gfortran-9.3.0/lib/gcc/x86_64-pc-linux-gnu/9.3.0/../../../../lib64/ -o /project/esmf/himanshu/nag/esmf/test/testg/Linux.nag.64.mpiuni.default/ESMF_VMBarrierUTest   ESMF_VMBarrierUTest.o -lesmf  -lrt -lstdc++ -ldl
NAG Fortran Compiler Release 7.0(Yurakucho) Build 7005
rm -rf -f *.o *.mod
nagfor -c -g -pic -DESMF_NAG_UNIX_MODULE -dusty -thread_safe  -openmp -I/project/esmf/himanshu/nag/esmf/src/Infrastructure/VM/tests -I/project/esmf/himanshu/nag/esmf/build_config/Linux.nag.default -I/project/esmf/himanshu/nag/esmf/src/Infrastructure -I/project/esmf/himanshu/nag/esmf/src/Superstructure -I/project/esmf/himanshu/nag/esmf/mod/modg/Linux.nag.64.mpiuni.default -I/project/esmf/himanshu/nag/esmf/src/include   -DESMF_NO_INTEGER_1_BYTE -DESMF_NO_INTEGER_2_BYTE -DESMFVERSIONGIT='"ESMF_8_1_0_beta_snapshot_43-28-g3831f9e170"' -DESMF_MOAB=1 -DESMF_LAPACK=1 -DESMF_LAPACK_INTERNAL=1 -DESMF_NO_ACC_SOFTWARE_STACK=1 -DESMF_YAMLCPP=1 -DESMF_YAML=1 -DESMF_NO_OPENACC -DESMF_TESTEXHAUSTIVE -DESMF_BOPT_g -DESMF_TESTCOMPTUNNEL -DS64=1 -DESMF_OS_Linux=1 -DESMF_COMM=mpiuni -DESMF_DIR=/project/esmf/himanshu/nag/esmf -DESMF_MPIUNI -DESMF_NO_F2018ASSUMEDTYPE ESMF_VMComponentUTest.F90 -o ESMF_VMComponentUTest.o
NAG Fortran Compiler Release 7.0(Yurakucho) Build 7005
Warning: ESMF_VMComponentUTest.F90, line 54: Unused dummy variable GCOMP
Warning: ESMF_VMComponentUTest.F90, line 112: Unused dummy variable CLOCK
Warning: ESMF_VMComponentUTest.F90, line 112: Unused dummy variable ESTATE
Warning: ESMF_VMComponentUTest.F90, line 112: Unused dummy variable GCOMP
Warning: ESMF_VMComponentUTest.F90, line 112: Unused dummy variable ISTATE
Warning: ESMF_VMComponentUTest.F90, line 124: Unused dummy variable CLOCK
Warning: ESMF_VMComponentUTest.F90, line 124: Unused dummy variable ESTATE
Warning: ESMF_VMComponentUTest.F90, line 124: Unused dummy variable GCOMP
Warning: ESMF_VMComponentUTest.F90, line 124: Unused dummy variable ISTATE
Warning: ESMF_VMComponentUTest.F90, line 136: Unused dummy variable CLOCK
Warning: ESMF_VMComponentUTest.F90, line 136: Unused dummy variable ESTATE
Warning: ESMF_VMComponentUTest.F90, line 136: Unused dummy variable GCOMP
Warning: ESMF_VMComponentUTest.F90, line 136: Unused dummy variable ISTATE
[NAG Fortran Compiler normal termination, 13 warnings]
nagfor    -thread_safe -Wl,-Wl,,--no-as-needed  -openmp -L/project/esmf/himanshu/nag/esmf/lib/libg/Linux.nag.64.mpiuni.default  -L/usr/local/gcc-g++-gfortran-9.3.0/lib/gcc/x86_64-pc-linux-gnu/9.3.0/../../../../lib64/ -Wl,-Wl,,-rpath,,/project/esmf/himanshu/nag/esmf/lib/libg/Linux.nag.64.mpiuni.default  -Wl,-Wl,,-rpath,,/usr/local/gcc-g++-gfortran-9.3.0/lib/gcc/x86_64-pc-linux-gnu/9.3.0/../../../../lib64/ -o /project/esmf/himanshu/nag/esmf/test/testg/Linux.nag.64.mpiuni.default/ESMF_VMComponentUTest   ESMF_VMComponentUTest.o -lesmf  -lrt -lstdc++ -ldl
NAG Fortran Compiler Release 7.0(Yurakucho) Build 7005
rm -rf -f *.o *.mod
gmake[5]: Leaving directory '/project/esmf/himanshu/nag/esmf/src/Infrastructure/VM/tests'
gmake[4]: Leaving directory '/project/esmf/himanshu/nag/esmf/src/Infrastructure/VM'
tree_build_unit_tests in: /project/esmf/himanshu/nag/esmf/src/Infrastructure/Trace
gmake[4]: Entering directory '/project/esmf/himanshu/nag/esmf/src/Infrastructure/Trace'
tree_build_unit_tests in: /project/esmf/himanshu/nag/esmf/src/Infrastructure/Trace/src
gmake[5]: Entering directory '/project/esmf/himanshu/nag/esmf/src/Infrastructure/Trace/src'
gmake[5]: Leaving directory '/project/esmf/himanshu/nag/esmf/src/Infrastructure/Trace/src'
tree_build_unit_tests in: /project/esmf/himanshu/nag/esmf/src/Infrastructure/Trace/interface
gmake[5]: Entering directory '/project/esmf/himanshu/nag/esmf/src/Infrastructure/Trace/interface'
gmake[5]: Leaving directory '/project/esmf/himanshu/nag/esmf/src/Infrastructure/Trace/interface'
tree_build_unit_tests in: /project/esmf/himanshu/nag/esmf/src/Infrastructure/Trace/tests
gmake[5]: Entering directory '/project/esmf/himanshu/nag/esmf/src/Infrastructure/Trace/tests'
nagfor -c -g -pic -DESMF_NAG_UNIX_MODULE -dusty -thread_safe  -openmp -DESMF_TESTTRACE -I/project/esmf/himanshu/nag/esmf/src/Infrastructure/Trace/tests -I/project/esmf/himanshu/nag/esmf/build_config/Linux.nag.default -I/project/esmf/himanshu/nag/esmf/src/Infrastructure -I/project/esmf/himanshu/nag/esmf/src/Superstructure -I/project/esmf/himanshu/nag/esmf/mod/modg/Linux.nag.64.mpiuni.default -I/project/esmf/himanshu/nag/esmf/src/include   -DESMF_NO_INTEGER_1_BYTE -DESMF_NO_INTEGER_2_BYTE -DESMFVERSIONGIT='"ESMF_8_1_0_beta_snapshot_43-28-g3831f9e170"' -DESMF_MOAB=1 -DESMF_LAPACK=1 -DESMF_LAPACK_INTERNAL=1 -DESMF_NO_ACC_SOFTWARE_STACK=1 -DESMF_YAMLCPP=1 -DESMF_YAML=1 -DESMF_NO_OPENACC -DESMF_TESTEXHAUSTIVE -DESMF_BOPT_g -DESMF_TESTCOMPTUNNEL -DS64=1 -DESMF_OS_Linux=1 -DESMF_COMM=mpiuni -DESMF_DIR=/project/esmf/himanshu/nag/esmf -DESMF_MPIUNI -DESMF_NO_F2018ASSUMEDTYPE ESMF_TraceClkMonoUTest.F90 -o ESMF_TraceClkMonoUTest.o
NAG Fortran Compiler Release 7.0(Yurakucho) Build 7005
Warning: ESMF_TraceClkMonoUTest.F90, line 190: Local variable GRIDCOMP is default initialised but never used
Warning: ESMF_TraceClkMonoUTest.F90, line 190: Unused local variable I
[NAG Fortran Compiler normal termination, 2 warnings]
nagfor    -thread_safe -Wl,-Wl,,--no-as-needed  -openmp -L/project/esmf/himanshu/nag/esmf/lib/libg/Linux.nag.64.mpiuni.default  -L/usr/local/gcc-g++-gfortran-9.3.0/lib/gcc/x86_64-pc-linux-gnu/9.3.0/../../../../lib64/ -Wl,-Wl,,-rpath,,/project/esmf/himanshu/nag/esmf/lib/libg/Linux.nag.64.mpiuni.default  -Wl,-Wl,,-rpath,,/usr/local/gcc-g++-gfortran-9.3.0/lib/gcc/x86_64-pc-linux-gnu/9.3.0/../../../../lib64/ -o /project/esmf/himanshu/nag/esmf/test/testg/Linux.nag.64.mpiuni.default/ESMF_TraceClkMonoUTest   ESMF_TraceClkMonoUTest.o -lesmf  -lrt -lstdc++ -ldl
NAG Fortran Compiler Release 7.0(Yurakucho) Build 7005
rm -rf -f *.o *.mod
nagfor -c -g -pic -DESMF_NAG_UNIX_MODULE -dusty -thread_safe  -openmp -DESMF_TESTTRACE -I/project/esmf/himanshu/nag/esmf/src/Infrastructure/Trace/tests -I/project/esmf/himanshu/nag/esmf/build_config/Linux.nag.default -I/project/esmf/himanshu/nag/esmf/src/Infrastructure -I/project/esmf/himanshu/nag/esmf/src/Superstructure -I/project/esmf/himanshu/nag/esmf/mod/modg/Linux.nag.64.mpiuni.default -I/project/esmf/himanshu/nag/esmf/src/include   -DESMF_NO_INTEGER_1_BYTE -DESMF_NO_INTEGER_2_BYTE -DESMFVERSIONGIT='"ESMF_8_1_0_beta_snapshot_43-28-g3831f9e170"' -DESMF_MOAB=1 -DESMF_LAPACK=1 -DESMF_LAPACK_INTERNAL=1 -DESMF_NO_ACC_SOFTWARE_STACK=1 -DESMF_YAMLCPP=1 -DESMF_YAML=1 -DESMF_NO_OPENACC -DESMF_TESTEXHAUSTIVE -DESMF_BOPT_g -DESMF_TESTCOMPTUNNEL -DS64=1 -DESMF_OS_Linux=1 -DESMF_COMM=mpiuni -DESMF_DIR=/project/esmf/himanshu/nag/esmf -DESMF_MPIUNI -DESMF_NO_F2018ASSUMEDTYPE ESMF_TraceClkMonoSyncUTest.F90 -o ESMF_TraceClkMonoSyncUTest.o
NAG Fortran Compiler Release 7.0(Yurakucho) Build 7005
Warning: ESMF_TraceClkMonoSyncUTest.F90, line 190: Local variable GRIDCOMP is default initialised but never used
Warning: ESMF_TraceClkMonoSyncUTest.F90, line 190: Unused local variable I
[NAG Fortran Compiler normal termination, 2 warnings]
nagfor    -thread_safe -Wl,-Wl,,--no-as-needed  -openmp -L/project/esmf/himanshu/nag/esmf/lib/libg/Linux.nag.64.mpiuni.default  -L/usr/local/gcc-g++-gfortran-9.3.0/lib/gcc/x86_64-pc-linux-gnu/9.3.0/../../../../lib64/ -Wl,-Wl,,-rpath,,/project/esmf/himanshu/nag/esmf/lib/libg/Linux.nag.64.mpiuni.default  -Wl,-Wl,,-rpath,,/usr/local/gcc-g++-gfortran-9.3.0/lib/gcc/x86_64-pc-linux-gnu/9.3.0/../../../../lib64/ -o /project/esmf/himanshu/nag/esmf/test/testg/Linux.nag.64.mpiuni.default/ESMF_TraceClkMonoSyncUTest   ESMF_TraceClkMonoSyncUTest.o -lesmf  -lrt -lstdc++ -ldl
NAG Fortran Compiler Release 7.0(Yurakucho) Build 7005
rm -rf -f *.o *.mod
nagfor -c -g -pic -DESMF_NAG_UNIX_MODULE -dusty -thread_safe  -openmp -DESMF_TESTTRACE -I/project/esmf/himanshu/nag/esmf/src/Infrastructure/Trace/tests -I/project/esmf/himanshu/nag/esmf/build_config/Linux.nag.default -I/project/esmf/himanshu/nag/esmf/src/Infrastructure -I/project/esmf/himanshu/nag/esmf/src/Superstructure -I/project/esmf/himanshu/nag/esmf/mod/modg/Linux.nag.64.mpiuni.default -I/project/esmf/himanshu/nag/esmf/src/include   -DESMF_NO_INTEGER_1_BYTE -DESMF_NO_INTEGER_2_BYTE -DESMFVERSIONGIT='"ESMF_8_1_0_beta_snapshot_43-28-g3831f9e170"' -DESMF_MOAB=1 -DESMF_LAPACK=1 -DESMF_LAPACK_INTERNAL=1 -DESMF_NO_ACC_SOFTWARE_STACK=1 -DESMF_YAMLCPP=1 -DESMF_YAML=1 -DESMF_NO_OPENACC -DESMF_TESTEXHAUSTIVE -DESMF_BOPT_g -DESMF_TESTCOMPTUNNEL -DS64=1 -DESMF_OS_Linux=1 -DESMF_COMM=mpiuni -DESMF_DIR=/project/esmf/himanshu/nag/esmf -DESMF_MPIUNI -DESMF_NO_F2018ASSUMEDTYPE ESMF_SimpleComp.F90 -o ESMF_SimpleComp.o
NAG Fortran Compiler Release 7.0(Yurakucho) Build 7005
Warning: ESMF_SimpleComp.F90, line 63: Unused dummy variable CLOCK
Warning: ESMF_SimpleComp.F90, line 63: Unused dummy variable ESTATE
Warning: ESMF_SimpleComp.F90, line 63: Unused dummy variable GCOMP
Warning: ESMF_SimpleComp.F90, line 63: Unused dummy variable ISTATE
Warning: ESMF_SimpleComp.F90, line 82: Unused dummy variable CLOCK
Warning: ESMF_SimpleComp.F90, line 82: Unused dummy variable ESTATE
Warning: ESMF_SimpleComp.F90, line 82: Unused dummy variable GCOMP
Warning: ESMF_SimpleComp.F90, line 82: Unused dummy variable ISTATE
Warning: ESMF_SimpleComp.F90, line 94: Unused dummy variable CLOCK
Warning: ESMF_SimpleComp.F90, line 94: Unused dummy variable ESTATE
Warning: ESMF_SimpleComp.F90, line 94: Unused dummy variable GCOMP
Warning: ESMF_SimpleComp.F90, line 94: Unused dummy variable ISTATE
[NAG Fortran Compiler normal termination, 12 warnings]
nagfor -c -g -pic -DESMF_NAG_UNIX_MODULE -dusty -thread_safe  -openmp -DESMF_TESTTRACE -I/project/esmf/himanshu/nag/esmf/src/Infrastructure/Trace/tests -I/project/esmf/himanshu/nag/esmf/build_config/Linux.nag.default -I/project/esmf/himanshu/nag/esmf/src/Infrastructure -I/project/esmf/himanshu/nag/esmf/src/Superstructure -I/project/esmf/himanshu/nag/esmf/mod/modg/Linux.nag.64.mpiuni.default -I/project/esmf/himanshu/nag/esmf/src/include   -DESMF_NO_INTEGER_1_BYTE -DESMF_NO_INTEGER_2_BYTE -DESMFVERSIONGIT='"ESMF_8_1_0_beta_snapshot_43-28-g3831f9e170"' -DESMF_MOAB=1 -DESMF_LAPACK=1 -DESMF_LAPACK_INTERNAL=1 -DESMF_NO_ACC_SOFTWARE_STACK=1 -DESMF_YAMLCPP=1 -DESMF_YAML=1 -DESMF_NO_OPENACC -DESMF_TESTEXHAUSTIVE -DESMF_BOPT_g -DESMF_TESTCOMPTUNNEL -DS64=1 -DESMF_OS_Linux=1 -DESMF_COMM=mpiuni -DESMF_DIR=/project/esmf/himanshu/nag/esmf -DESMF_MPIUNI -DESMF_NO_F2018ASSUMEDTYPE ESMF_TraceUTest.F90 -o ESMF_TraceUTest.o
NAG Fortran Compiler Release 7.0(Yurakucho) Build 7005
[NAG Fortran Compiler normal termination]
nagfor    -thread_safe -Wl,-Wl,,--no-as-needed  -openmp -L/project/esmf/himanshu/nag/esmf/lib/libg/Linux.nag.64.mpiuni.default  -L/usr/local/gcc-g++-gfortran-9.3.0/lib/gcc/x86_64-pc-linux-gnu/9.3.0/../../../../lib64/ -Wl,-Wl,,-rpath,,/project/esmf/himanshu/nag/esmf/lib/libg/Linux.nag.64.mpiuni.default  -Wl,-Wl,,-rpath,,/usr/local/gcc-g++-gfortran-9.3.0/lib/gcc/x86_64-pc-linux-gnu/9.3.0/../../../../lib64/ -o /project/esmf/himanshu/nag/esmf/test/testg/Linux.nag.64.mpiuni.default/ESMF_TraceUTest ESMF_SimpleComp.o  ESMF_TraceUTest.o -lesmf  -lrt -lstdc++ -ldl
NAG Fortran Compiler Release 7.0(Yurakucho) Build 7005
rm -rf -f *.o *.mod
nagfor -c -g -pic -DESMF_NAG_UNIX_MODULE -dusty -thread_safe  -openmp -DESMF_TESTTRACE -I/project/esmf/himanshu/nag/esmf/src/Infrastructure/Trace/tests -I/project/esmf/himanshu/nag/esmf/build_config/Linux.nag.default -I/project/esmf/himanshu/nag/esmf/src/Infrastructure -I/project/esmf/himanshu/nag/esmf/src/Superstructure -I/project/esmf/himanshu/nag/esmf/mod/modg/Linux.nag.64.mpiuni.default -I/project/esmf/himanshu/nag/esmf/src/include   -DESMF_NO_INTEGER_1_BYTE -DESMF_NO_INTEGER_2_BYTE -DESMFVERSIONGIT='"ESMF_8_1_0_beta_snapshot_43-28-g3831f9e170"' -DESMF_MOAB=1 -DESMF_LAPACK=1 -DESMF_LAPACK_INTERNAL=1 -DESMF_NO_ACC_SOFTWARE_STACK=1 -DESMF_YAMLCPP=1 -DESMF_YAML=1 -DESMF_NO_OPENACC -DESMF_TESTEXHAUSTIVE -DESMF_BOPT_g -DESMF_TESTCOMPTUNNEL -DS64=1 -DESMF_OS_Linux=1 -DESMF_COMM=mpiuni -DESMF_DIR=/project/esmf/himanshu/nag/esmf -DESMF_MPIUNI -DESMF_NO_F2018ASSUMEDTYPE ESMF_TraceIOUTest.F90 -o ESMF_TraceIOUTest.o
NAG Fortran Compiler Release 7.0(Yurakucho) Build 7005
Warning: ESMF_TraceIOUTest.F90, line 190: Local variable GRIDCOMP is default initialised but never used
Warning: ESMF_TraceIOUTest.F90, line 190: Unused local variable I
[NAG Fortran Compiler normal termination, 2 warnings]
nagfor    -thread_safe -Wl,-Wl,,--no-as-needed  -openmp -L/project/esmf/himanshu/nag/esmf/lib/libg/Linux.nag.64.mpiuni.default  -L/usr/local/gcc-g++-gfortran-9.3.0/lib/gcc/x86_64-pc-linux-gnu/9.3.0/../../../../lib64/ -Wl,-Wl,,-rpath,,/project/esmf/himanshu/nag/esmf/lib/libg/Linux.nag.64.mpiuni.default  -Wl,-Wl,,-rpath,,/usr/local/gcc-g++-gfortran-9.3.0/lib/gcc/x86_64-pc-linux-gnu/9.3.0/../../../../lib64/ -o /project/esmf/himanshu/nag/esmf/test/testg/Linux.nag.64.mpiuni.default/ESMF_TraceIOUTest   ESMF_TraceIOUTest.o -lesmf  -lrt -lstdc++ -ldl
NAG Fortran Compiler Release 7.0(Yurakucho) Build 7005
rm -rf -f *.o *.mod
nagfor -c -g -pic -DESMF_NAG_UNIX_MODULE -dusty -thread_safe  -openmp -DESMF_TESTTRACE -I/project/esmf/himanshu/nag/esmf/src/Infrastructure/Trace/tests -I/project/esmf/himanshu/nag/esmf/build_config/Linux.nag.default -I/project/esmf/himanshu/nag/esmf/src/Infrastructure -I/project/esmf/himanshu/nag/esmf/src/Superstructure -I/project/esmf/himanshu/nag/esmf/mod/modg/Linux.nag.64.mpiuni.default -I/project/esmf/himanshu/nag/esmf/src/include   -DESMF_NO_INTEGER_1_BYTE -DESMF_NO_INTEGER_2_BYTE -DESMFVERSIONGIT='"ESMF_8_1_0_beta_snapshot_43-28-g3831f9e170"' -DESMF_MOAB=1 -DESMF_LAPACK=1 -DESMF_LAPACK_INTERNAL=1 -DESMF_NO_ACC_SOFTWARE_STACK=1 -DESMF_YAMLCPP=1 -DESMF_YAML=1 -DESMF_NO_OPENACC -DESMF_TESTEXHAUSTIVE -DESMF_BOPT_g -DESMF_TESTCOMPTUNNEL -DS64=1 -DESMF_OS_Linux=1 -DESMF_COMM=mpiuni -DESMF_DIR=/project/esmf/himanshu/nag/esmf -DESMF_MPIUNI -DESMF_NO_F2018ASSUMEDTYPE ESMF_TraceMPIUTest.F90 -o ESMF_TraceMPIUTest.o
NAG Fortran Compiler Release 7.0(Yurakucho) Build 7005
Warning: ESMF_TraceMPIUTest.F90, line 183: Unused local variable FILENAME
Warning: ESMF_TraceMPIUTest.F90, line 183: Unused local variable FUNIT
Warning: ESMF_TraceMPIUTest.F90, line 183: Local variable GRIDCOMP is default initialised but never used
Warning: ESMF_TraceMPIUTest.F90, line 183: Unused local variable I
Warning: ESMF_TraceMPIUTest.F90, line 183: Unused local variable IOERR
Warning: ESMF_TraceMPIUTest.F90, line 183: Unused local variable LINE
Questionable: ESMF_TraceMPIUTest.F90, line 183: Variable SEND set but never referenced
[NAG Fortran Compiler normal termination, 7 warnings]
nagfor    -thread_safe -Wl,-Wl,,--no-as-needed  -openmp -L/project/esmf/himanshu/nag/esmf/lib/libg/Linux.nag.64.mpiuni.default  -L/usr/local/gcc-g++-gfortran-9.3.0/lib/gcc/x86_64-pc-linux-gnu/9.3.0/../../../../lib64/ -Wl,-Wl,,-rpath,,/project/esmf/himanshu/nag/esmf/lib/libg/Linux.nag.64.mpiuni.default  -Wl,-Wl,,-rpath,,/usr/local/gcc-g++-gfortran-9.3.0/lib/gcc/x86_64-pc-linux-gnu/9.3.0/../../../../lib64/ -o /project/esmf/himanshu/nag/esmf/test/testg/Linux.nag.64.mpiuni.default/ESMF_TraceMPIUTest   ESMF_TraceMPIUTest.o -lesmf  -lrt -lstdc++ -ldl
NAG Fortran Compiler Release 7.0(Yurakucho) Build 7005
rm -rf -f *.o *.mod
g++ -c -std=c++11 -g -fPIC -pthread  -fopenmp -I/project/esmf/himanshu/nag/esmf/src/Infrastructure/Trace/tests -I/project/esmf/himanshu/nag/esmf/src/Infrastructure/Trace/tests/../include -I/project/esmf/himanshu/nag/esmf/build_config/Linux.nag.default -I/project/esmf/himanshu/nag/esmf/src/Infrastructure -I/project/esmf/himanshu/nag/esmf/src/Superstructure -I/project/esmf/himanshu/nag/esmf/src/Infrastructure/stubs/pthread  -I/project/esmf/himanshu/nag/esmf/src/include   -I/project/esmf/himanshu/nag/esmf/src/Infrastructure/stubs/mpiuni -I/project/esmf/himanshu/nag/esmf/src/prologue/yaml-cpp/include -DESMF_NO_INTEGER_1_BYTE -DESMF_NO_INTEGER_2_BYTE -DESMFVERSIONGIT='"ESMF_8_1_0_beta_snapshot_43-28-g3831f9e170"' -DESMF_MOAB=1 -DESMF_LAPACK=1 -DESMF_LAPACK_INTERNAL=1 -DESMF_NO_ACC_SOFTWARE_STACK=1 -DESMF_YAMLCPP=1 -DESMF_YAML=1 -DESMF_NO_OPENACC -DESMF_TESTEXHAUSTIVE -DESMF_BOPT_g -DESMF_TESTCOMPTUNNEL -DS64=1 -DESMF_OS_Linux=1 -DESMF_COMM=mpiuni -DESMF_DIR=/project/esmf/himanshu/nag/esmf -D__SDIR__='"src/Infrastructure/Trace/tests"' -DESMF_CXXSTD=11 -DESMF_MPIUNI -DESMF_NO_F2018ASSUMEDTYPE ESMC_TraceRegionUTest.C -o ESMC_TraceRegionUTest.o
In file included from /usr/local/gcc-g++-gfortran-9.3.0/include/c++/9.3.0/backward/strstream:50,
                 from /project/esmf/himanshu/nag/esmf/src/include/ESMCI_VMKernel.h:27,
                 from /project/esmf/himanshu/nag/esmf/src/include/ESMCI_VM.h:41,
                 from ESMC_TraceRegionUTest.C:27:
/usr/local/gcc-g++-gfortran-9.3.0/include/c++/9.3.0/backward/backward_warning.h:32:2: warning: #warning This file includes at least one deprecated or antiquated header which may be removed without further notice at a future date. Please use a non-deprecated interface with equivalent functionality instead. For a listing of replacement headers and interfaces, consult the file backward_warning.h. To disable this warning use -Wno-deprecated. [-Wcpp]
   32 | #warning \
      |  ^~~~~~~
g++    -pthread -Wl,--no-as-needed  -fopenmp -L/project/esmf/himanshu/nag/esmf/lib/libg/Linux.nag.64.mpiuni.default  -Wl,-rpath,/project/esmf/himanshu/nag/esmf/lib/libg/Linux.nag.64.mpiuni.default  -o /project/esmf/himanshu/nag/esmf/test/testg/Linux.nag.64.mpiuni.default/ESMC_TraceRegionUTest  ESMC_TraceRegionUTest.o -lesmf  -lrt -ldl -m64 /usr/local/nag-7.0/lib/NAG_Fortran/quickfit.o -Wl,-rpath,/usr/local/nag-7.0/lib/NAG_Fortran /usr/local/nag-7.0/lib/NAG_Fortran/libf70rts.so /usr/local/nag-7.0/lib/NAG_Fortran/libf70rts.a -lm -lpthread
rm -rf -f *.o *.mod
nagfor -c -g -pic -DESMF_NAG_UNIX_MODULE -dusty -thread_safe  -openmp -DESMF_TESTTRACE -I/project/esmf/himanshu/nag/esmf/src/Infrastructure/Trace/tests -I/project/esmf/himanshu/nag/esmf/build_config/Linux.nag.default -I/project/esmf/himanshu/nag/esmf/src/Infrastructure -I/project/esmf/himanshu/nag/esmf/src/Superstructure -I/project/esmf/himanshu/nag/esmf/mod/modg/Linux.nag.64.mpiuni.default -I/project/esmf/himanshu/nag/esmf/src/include   -DESMF_NO_INTEGER_1_BYTE -DESMF_NO_INTEGER_2_BYTE -DESMFVERSIONGIT='"ESMF_8_1_0_beta_snapshot_43-28-g3831f9e170"' -DESMF_MOAB=1 -DESMF_LAPACK=1 -DESMF_LAPACK_INTERNAL=1 -DESMF_NO_ACC_SOFTWARE_STACK=1 -DESMF_YAMLCPP=1 -DESMF_YAML=1 -DESMF_NO_OPENACC -DESMF_TESTEXHAUSTIVE -DESMF_BOPT_g -DESMF_TESTCOMPTUNNEL -DS64=1 -DESMF_OS_Linux=1 -DESMF_COMM=mpiuni -DESMF_DIR=/project/esmf/himanshu/nag/esmf -DESMF_MPIUNI -DESMF_NO_F2018ASSUMEDTYPE ESMF_SimpleCompB.F90 -o ESMF_SimpleCompB.o
NAG Fortran Compiler Release 7.0(Yurakucho) Build 7005
Warning: ESMF_SimpleCompB.F90, line 54: Unused dummy variable CLOCK
Warning: ESMF_SimpleCompB.F90, line 54: Unused dummy variable ESTATE
Warning: ESMF_SimpleCompB.F90, line 54: Unused dummy variable GCOMP
Warning: ESMF_SimpleCompB.F90, line 54: Unused dummy variable ISTATE
Warning: ESMF_SimpleCompB.F90, line 98: Unused dummy variable CLOCK
Warning: ESMF_SimpleCompB.F90, line 98: Unused dummy variable ESTATE
Warning: ESMF_SimpleCompB.F90, line 98: Unused dummy variable GCOMP
Warning: ESMF_SimpleCompB.F90, line 98: Unused local variable I
Warning: ESMF_SimpleCompB.F90, line 98: Unused dummy variable ISTATE
Warning: ESMF_SimpleCompB.F90, line 98: Unused local variable J
Warning: ESMF_SimpleCompB.F90, line 98: Unused local variable K
Warning: ESMF_SimpleCompB.F90, line 98: Unused local variable NAME
Warning: ESMF_SimpleCompB.F90, line 98: Unused local variable NAME2
Warning: ESMF_SimpleCompB.F90, line 110: Unused dummy variable CLOCK
Warning: ESMF_SimpleCompB.F90, line 110: Unused dummy variable ESTATE
Warning: ESMF_SimpleCompB.F90, line 110: Unused dummy variable GCOMP
Warning: ESMF_SimpleCompB.F90, line 110: Unused dummy variable ISTATE
[NAG Fortran Compiler normal termination, 17 warnings]
nagfor -c -g -pic -DESMF_NAG_UNIX_MODULE -dusty -thread_safe  -openmp -DESMF_TESTTRACE -I/project/esmf/himanshu/nag/esmf/src/Infrastructure/Trace/tests -I/project/esmf/himanshu/nag/esmf/build_config/Linux.nag.default -I/project/esmf/himanshu/nag/esmf/src/Infrastructure -I/project/esmf/himanshu/nag/esmf/src/Superstructure -I/project/esmf/himanshu/nag/esmf/mod/modg/Linux.nag.64.mpiuni.default -I/project/esmf/himanshu/nag/esmf/src/include   -DESMF_NO_INTEGER_1_BYTE -DESMF_NO_INTEGER_2_BYTE -DESMFVERSIONGIT='"ESMF_8_1_0_beta_snapshot_43-28-g3831f9e170"' -DESMF_MOAB=1 -DESMF_LAPACK=1 -DESMF_LAPACK_INTERNAL=1 -DESMF_NO_ACC_SOFTWARE_STACK=1 -DESMF_YAMLCPP=1 -DESMF_YAML=1 -DESMF_NO_OPENACC -DESMF_TESTEXHAUSTIVE -DESMF_BOPT_g -DESMF_TESTCOMPTUNNEL -DS64=1 -DESMF_OS_Linux=1 -DESMF_COMM=mpiuni -DESMF_DIR=/project/esmf/himanshu/nag/esmf -DESMF_MPIUNI -DESMF_NO_F2018ASSUMEDTYPE ESMF_ProfileUTest.F90 -o ESMF_ProfileUTest.o
NAG Fortran Compiler Release 7.0(Yurakucho) Build 7005
[NAG Fortran Compiler normal termination]
nagfor    -thread_safe -Wl,-Wl,,--no-as-needed  -openmp -L/project/esmf/himanshu/nag/esmf/lib/libg/Linux.nag.64.mpiuni.default  -L/usr/local/gcc-g++-gfortran-9.3.0/lib/gcc/x86_64-pc-linux-gnu/9.3.0/../../../../lib64/ -Wl,-Wl,,-rpath,,/project/esmf/himanshu/nag/esmf/lib/libg/Linux.nag.64.mpiuni.default  -Wl,-Wl,,-rpath,,/usr/local/gcc-g++-gfortran-9.3.0/lib/gcc/x86_64-pc-linux-gnu/9.3.0/../../../../lib64/ -o /project/esmf/himanshu/nag/esmf/test/testg/Linux.nag.64.mpiuni.default/ESMF_ProfileUTest ESMF_SimpleCompB.o  ESMF_ProfileUTest.o -lesmf  -lrt -lstdc++ -ldl
NAG Fortran Compiler Release 7.0(Yurakucho) Build 7005
rm -rf -f *.o *.mod
gmake[5]: Leaving directory '/project/esmf/himanshu/nag/esmf/src/Infrastructure/Trace/tests'
tree_build_unit_tests in: /project/esmf/himanshu/nag/esmf/src/Infrastructure/Trace/doc
gmake[5]: Entering directory '/project/esmf/himanshu/nag/esmf/src/Infrastructure/Trace/doc'
gmake[5]: Leaving directory '/project/esmf/himanshu/nag/esmf/src/Infrastructure/Trace/doc'
tree_build_unit_tests in: /project/esmf/himanshu/nag/esmf/src/Infrastructure/Trace/examples
gmake[5]: Entering directory '/project/esmf/himanshu/nag/esmf/src/Infrastructure/Trace/examples'
gmake[5]: Leaving directory '/project/esmf/himanshu/nag/esmf/src/Infrastructure/Trace/examples'
gmake[4]: Leaving directory '/project/esmf/himanshu/nag/esmf/src/Infrastructure/Trace'
tree_build_unit_tests in: /project/esmf/himanshu/nag/esmf/src/Infrastructure/Base
gmake[4]: Entering directory '/project/esmf/himanshu/nag/esmf/src/Infrastructure/Base'
tree_build_unit_tests in: /project/esmf/himanshu/nag/esmf/src/Infrastructure/Base/src
gmake[5]: Entering directory '/project/esmf/himanshu/nag/esmf/src/Infrastructure/Base/src'
gmake[5]: Leaving directory '/project/esmf/himanshu/nag/esmf/src/Infrastructure/Base/src'
tree_build_unit_tests in: /project/esmf/himanshu/nag/esmf/src/Infrastructure/Base/interface
gmake[5]: Entering directory '/project/esmf/himanshu/nag/esmf/src/Infrastructure/Base/interface'
gmake[5]: Leaving directory '/project/esmf/himanshu/nag/esmf/src/Infrastructure/Base/interface'
tree_build_unit_tests in: /project/esmf/himanshu/nag/esmf/src/Infrastructure/Base/tests
gmake[5]: Entering directory '/project/esmf/himanshu/nag/esmf/src/Infrastructure/Base/tests'
nagfor -c -g -pic -DESMF_NAG_UNIX_MODULE -dusty -thread_safe  -openmp -I/project/esmf/himanshu/nag/esmf/src/Infrastructure/Base/tests -I/project/esmf/himanshu/nag/esmf/build_config/Linux.nag.default -I/project/esmf/himanshu/nag/esmf/src/Infrastructure -I/project/esmf/himanshu/nag/esmf/src/Superstructure -I/project/esmf/himanshu/nag/esmf/mod/modg/Linux.nag.64.mpiuni.default -I/project/esmf/himanshu/nag/esmf/src/include   -DESMF_NO_INTEGER_1_BYTE -DESMF_NO_INTEGER_2_BYTE -DESMFVERSIONGIT='"ESMF_8_1_0_beta_snapshot_43-28-g3831f9e170"' -DESMF_MOAB=1 -DESMF_LAPACK=1 -DESMF_LAPACK_INTERNAL=1 -DESMF_NO_ACC_SOFTWARE_STACK=1 -DESMF_YAMLCPP=1 -DESMF_YAML=1 -DESMF_NO_OPENACC -DESMF_TESTEXHAUSTIVE -DESMF_BOPT_g -DESMF_TESTCOMPTUNNEL -DS64=1 -DESMF_OS_Linux=1 -DESMF_COMM=mpiuni -DESMF_DIR=/project/esmf/himanshu/nag/esmf -DESMF_MPIUNI -DESMF_NO_F2018ASSUMEDTYPE ESMF_BaseUTest.F90 -o ESMF_BaseUTest.o
NAG Fortran Compiler Release 7.0(Yurakucho) Build 7005
Questionable: ESMF_BaseUTest.F90, line 441: Variable BASE2 set but never referenced
[NAG Fortran Compiler normal termination, 1 warning]
nagfor    -thread_safe -Wl,-Wl,,--no-as-needed  -openmp -L/project/esmf/himanshu/nag/esmf/lib/libg/Linux.nag.64.mpiuni.default  -L/usr/local/gcc-g++-gfortran-9.3.0/lib/gcc/x86_64-pc-linux-gnu/9.3.0/../../../../lib64/ -Wl,-Wl,,-rpath,,/project/esmf/himanshu/nag/esmf/lib/libg/Linux.nag.64.mpiuni.default  -Wl,-Wl,,-rpath,,/usr/local/gcc-g++-gfortran-9.3.0/lib/gcc/x86_64-pc-linux-gnu/9.3.0/../../../../lib64/ -o /project/esmf/himanshu/nag/esmf/test/testg/Linux.nag.64.mpiuni.default/ESMF_BaseUTest   ESMF_BaseUTest.o -lesmf  -lrt -lstdc++ -ldl
NAG Fortran Compiler Release 7.0(Yurakucho) Build 7005
rm -rf -f *.o *.mod
g++ -c -std=c++11 -g -fPIC -pthread  -fopenmp -I/project/esmf/himanshu/nag/esmf/src/Infrastructure/Base/tests -I/project/esmf/himanshu/nag/esmf/src/Infrastructure/Base/tests/../include -I/project/esmf/himanshu/nag/esmf/build_config/Linux.nag.default -I/project/esmf/himanshu/nag/esmf/src/Infrastructure -I/project/esmf/himanshu/nag/esmf/src/Superstructure -I/project/esmf/himanshu/nag/esmf/src/Infrastructure/stubs/pthread  -I/project/esmf/himanshu/nag/esmf/src/include   -I/project/esmf/himanshu/nag/esmf/src/Infrastructure/stubs/mpiuni -I/project/esmf/himanshu/nag/esmf/src/prologue/yaml-cpp/include -DESMF_NO_INTEGER_1_BYTE -DESMF_NO_INTEGER_2_BYTE -DESMFVERSIONGIT='"ESMF_8_1_0_beta_snapshot_43-28-g3831f9e170"' -DESMF_MOAB=1 -DESMF_LAPACK=1 -DESMF_LAPACK_INTERNAL=1 -DESMF_NO_ACC_SOFTWARE_STACK=1 -DESMF_YAMLCPP=1 -DESMF_YAML=1 -DESMF_NO_OPENACC -DESMF_TESTEXHAUSTIVE -DESMF_BOPT_g -DESMF_TESTCOMPTUNNEL -DS64=1 -DESMF_OS_Linux=1 -DESMF_COMM=mpiuni -DESMF_DIR=/project/esmf/himanshu/nag/esmf -D__SDIR__='"src/Infrastructure/Base/tests"' -DESMF_CXXSTD=11 -DESMF_MPIUNI -DESMF_NO_F2018ASSUMEDTYPE ESMC_BaseUTest.C -o ESMC_BaseUTest.o
In file included from /usr/local/gcc-g++-gfortran-9.3.0/include/c++/9.3.0/backward/strstream:50,
                 from /project/esmf/himanshu/nag/esmf/src/include/ESMCI_VMKernel.h:27,
                 from /project/esmf/himanshu/nag/esmf/src/include/ESMCI_VM.h:41,
                 from ESMC_BaseUTest.C:23:
/usr/local/gcc-g++-gfortran-9.3.0/include/c++/9.3.0/backward/backward_warning.h:32:2: warning: #warning This file includes at least one deprecated or antiquated header which may be removed without further notice at a future date. Please use a non-deprecated interface with equivalent functionality instead. For a listing of replacement headers and interfaces, consult the file backward_warning.h. To disable this warning use -Wno-deprecated. [-Wcpp]
   32 | #warning \
      |  ^~~~~~~
g++    -pthread -Wl,--no-as-needed  -fopenmp -L/project/esmf/himanshu/nag/esmf/lib/libg/Linux.nag.64.mpiuni.default  -Wl,-rpath,/project/esmf/himanshu/nag/esmf/lib/libg/Linux.nag.64.mpiuni.default  -o /project/esmf/himanshu/nag/esmf/test/testg/Linux.nag.64.mpiuni.default/ESMC_BaseUTest  ESMC_BaseUTest.o -lesmf  -lrt -ldl -m64 /usr/local/nag-7.0/lib/NAG_Fortran/quickfit.o -Wl,-rpath,/usr/local/nag-7.0/lib/NAG_Fortran /usr/local/nag-7.0/lib/NAG_Fortran/libf70rts.so /usr/local/nag-7.0/lib/NAG_Fortran/libf70rts.a -lm -lpthread
rm -rf -f *.o *.mod
g++ -c -std=c++11 -g -fPIC -pthread  -fopenmp -I/project/esmf/himanshu/nag/esmf/src/Infrastructure/Base/tests -I/project/esmf/himanshu/nag/esmf/src/Infrastructure/Base/tests/../include -I/project/esmf/himanshu/nag/esmf/build_config/Linux.nag.default -I/project/esmf/himanshu/nag/esmf/src/Infrastructure -I/project/esmf/himanshu/nag/esmf/src/Superstructure -I/project/esmf/himanshu/nag/esmf/src/Infrastructure/stubs/pthread  -I/project/esmf/himanshu/nag/esmf/src/include   -I/project/esmf/himanshu/nag/esmf/src/Infrastructure/stubs/mpiuni -I/project/esmf/himanshu/nag/esmf/src/prologue/yaml-cpp/include -DESMF_NO_INTEGER_1_BYTE -DESMF_NO_INTEGER_2_BYTE -DESMFVERSIONGIT='"ESMF_8_1_0_beta_snapshot_43-28-g3831f9e170"' -DESMF_MOAB=1 -DESMF_LAPACK=1 -DESMF_LAPACK_INTERNAL=1 -DESMF_NO_ACC_SOFTWARE_STACK=1 -DESMF_YAMLCPP=1 -DESMF_YAML=1 -DESMF_NO_OPENACC -DESMF_TESTEXHAUSTIVE -DESMF_BOPT_g -DESMF_TESTCOMPTUNNEL -DS64=1 -DESMF_OS_Linux=1 -DESMF_COMM=mpiuni -DESMF_DIR=/project/esmf/himanshu/nag/esmf -D__SDIR__='"src/Infrastructure/Base/tests"' -DESMF_CXXSTD=11 -DESMF_MPIUNI -DESMF_NO_F2018ASSUMEDTYPE ESMC_NlohmannJSONUTest.C -o ESMC_NlohmannJSONUTest.o
In file included from /usr/local/gcc-g++-gfortran-9.3.0/include/c++/9.3.0/backward/strstream:50,
                 from /project/esmf/himanshu/nag/esmf/src/include/ESMCI_VMKernel.h:27,
                 from /project/esmf/himanshu/nag/esmf/src/include/ESMCI_VM.h:41,
                 from ESMC_NlohmannJSONUTest.C:20:
/usr/local/gcc-g++-gfortran-9.3.0/include/c++/9.3.0/backward/backward_warning.h:32:2: warning: #warning This file includes at least one deprecated or antiquated header which may be removed without further notice at a future date. Please use a non-deprecated interface with equivalent functionality instead. For a listing of replacement headers and interfaces, consult the file backward_warning.h. To disable this warning use -Wno-deprecated. [-Wcpp]
   32 | #warning \
      |  ^~~~~~~
g++    -pthread -Wl,--no-as-needed  -fopenmp -L/project/esmf/himanshu/nag/esmf/lib/libg/Linux.nag.64.mpiuni.default  -Wl,-rpath,/project/esmf/himanshu/nag/esmf/lib/libg/Linux.nag.64.mpiuni.default  -o /project/esmf/himanshu/nag/esmf/test/testg/Linux.nag.64.mpiuni.default/ESMC_NlohmannJSONUTest  ESMC_NlohmannJSONUTest.o -lesmf  -lrt -ldl -m64 /usr/local/nag-7.0/lib/NAG_Fortran/quickfit.o -Wl,-rpath,/usr/local/nag-7.0/lib/NAG_Fortran /usr/local/nag-7.0/lib/NAG_Fortran/libf70rts.so /usr/local/nag-7.0/lib/NAG_Fortran/libf70rts.a -lm -lpthread
rm -rf -f *.o *.mod
g++ -c -std=c++11 -g -fPIC -pthread  -fopenmp -I/project/esmf/himanshu/nag/esmf/src/Infrastructure/Base/tests -I/project/esmf/himanshu/nag/esmf/src/Infrastructure/Base/tests/../include -I/project/esmf/himanshu/nag/esmf/build_config/Linux.nag.default -I/project/esmf/himanshu/nag/esmf/src/Infrastructure -I/project/esmf/himanshu/nag/esmf/src/Superstructure -I/project/esmf/himanshu/nag/esmf/src/Infrastructure/stubs/pthread  -I/project/esmf/himanshu/nag/esmf/src/include   -I/project/esmf/himanshu/nag/esmf/src/Infrastructure/stubs/mpiuni -I/project/esmf/himanshu/nag/esmf/src/prologue/yaml-cpp/include -DESMF_NO_INTEGER_1_BYTE -DESMF_NO_INTEGER_2_BYTE -DESMFVERSIONGIT='"ESMF_8_1_0_beta_snapshot_43-28-g3831f9e170"' -DESMF_MOAB=1 -DESMF_LAPACK=1 -DESMF_LAPACK_INTERNAL=1 -DESMF_NO_ACC_SOFTWARE_STACK=1 -DESMF_YAMLCPP=1 -DESMF_YAML=1 -DESMF_NO_OPENACC -DESMF_TESTEXHAUSTIVE -DESMF_BOPT_g -DESMF_TESTCOMPTUNNEL -DS64=1 -DESMF_OS_Linux=1 -DESMF_COMM=mpiuni -DESMF_DIR=/project/esmf/himanshu/nag/esmf -D__SDIR__='"src/Infrastructure/Base/tests"' -DESMF_CXXSTD=11 -DESMF_MPIUNI -DESMF_NO_F2018ASSUMEDTYPE ESMC_InfoUTest.C -o ESMC_InfoUTest.o
In file included from /usr/local/gcc-g++-gfortran-9.3.0/include/c++/9.3.0/backward/strstream:50,
                 from /project/esmf/himanshu/nag/esmf/src/include/ESMCI_VMKernel.h:27,
                 from /project/esmf/himanshu/nag/esmf/src/include/ESMCI_VM.h:41,
                 from /project/esmf/himanshu/nag/esmf/src/Infrastructure/Base/tests/../include/ESMCI_Base.h:27,
                 from /project/esmf/himanshu/nag/esmf/src/Infrastructure/Base/tests/../include/ESMCI_Info.h:24,
                 from ESMC_InfoUTest.C:21:
/usr/local/gcc-g++-gfortran-9.3.0/include/c++/9.3.0/backward/backward_warning.h:32:2: warning: #warning This file includes at least one deprecated or antiquated header which may be removed without further notice at a future date. Please use a non-deprecated interface with equivalent functionality instead. For a listing of replacement headers and interfaces, consult the file backward_warning.h. To disable this warning use -Wno-deprecated. [-Wcpp]
   32 | #warning \
      |  ^~~~~~~
In file included from /project/esmf/himanshu/nag/esmf/src/Infrastructure/Base/tests/../include/ESMCI_Info.h:24,
                 from ESMC_InfoUTest.C:21:
/project/esmf/himanshu/nag/esmf/src/Infrastructure/Base/tests/../include/ESMCI_Base.h: In member function void ESMC_Base::ESMC_BaseDeleteInfo():
/project/esmf/himanshu/nag/esmf/src/Infrastructure/Base/tests/../include/ESMCI_Base.h:140:60: warning: possible problem detected in invocation of delete operator: [-Wdelete-incomplete]
  140 |     void ESMC_BaseDeleteInfo(void) {if (!infoalias) delete info;}
      |                                                            ^~~~
/project/esmf/himanshu/nag/esmf/src/Infrastructure/Base/tests/../include/ESMCI_Base.h:140:60: warning: invalid use of incomplete type class ESMCI::Info
/project/esmf/himanshu/nag/esmf/src/Infrastructure/Base/tests/../include/ESMCI_Base.h:70:9: note: forward declaration of class ESMCI::Info
   70 |   class Info;
      |         ^~~~
/project/esmf/himanshu/nag/esmf/src/Infrastructure/Base/tests/../include/ESMCI_Base.h:140:60: note: neither the destructor nor the class-specific operator delete will be called, even if they are declared when the class is defined
  140 |     void ESMC_BaseDeleteInfo(void) {if (!infoalias) delete info;}
      |                                                            ^~~~
g++    -pthread -Wl,--no-as-needed  -fopenmp -L/project/esmf/himanshu/nag/esmf/lib/libg/Linux.nag.64.mpiuni.default  -Wl,-rpath,/project/esmf/himanshu/nag/esmf/lib/libg/Linux.nag.64.mpiuni.default  -o /project/esmf/himanshu/nag/esmf/test/testg/Linux.nag.64.mpiuni.default/ESMC_InfoUTest  ESMC_InfoUTest.o -lesmf  -lrt -ldl -m64 /usr/local/nag-7.0/lib/NAG_Fortran/quickfit.o -Wl,-rpath,/usr/local/nag-7.0/lib/NAG_Fortran /usr/local/nag-7.0/lib/NAG_Fortran/libf70rts.so /usr/local/nag-7.0/lib/NAG_Fortran/libf70rts.a -lm -lpthread
rm -rf -f *.o *.mod
nagfor -c -g -pic -DESMF_NAG_UNIX_MODULE -dusty -thread_safe  -openmp -I/project/esmf/himanshu/nag/esmf/src/Infrastructure/Base/tests -I/project/esmf/himanshu/nag/esmf/build_config/Linux.nag.default -I/project/esmf/himanshu/nag/esmf/src/Infrastructure -I/project/esmf/himanshu/nag/esmf/src/Superstructure -I/project/esmf/himanshu/nag/esmf/mod/modg/Linux.nag.64.mpiuni.default -I/project/esmf/himanshu/nag/esmf/src/include   -DESMF_NO_INTEGER_1_BYTE -DESMF_NO_INTEGER_2_BYTE -DESMFVERSIONGIT='"ESMF_8_1_0_beta_snapshot_43-28-g3831f9e170"' -DESMF_MOAB=1 -DESMF_LAPACK=1 -DESMF_LAPACK_INTERNAL=1 -DESMF_NO_ACC_SOFTWARE_STACK=1 -DESMF_YAMLCPP=1 -DESMF_YAML=1 -DESMF_NO_OPENACC -DESMF_TESTEXHAUSTIVE -DESMF_BOPT_g -DESMF_TESTCOMPTUNNEL -DS64=1 -DESMF_OS_Linux=1 -DESMF_COMM=mpiuni -DESMF_DIR=/project/esmf/himanshu/nag/esmf -DESMF_MPIUNI -DESMF_NO_F2018ASSUMEDTYPE ESMF_InfoUTest.F90 -o ESMF_InfoUTest.o
NAG Fortran Compiler Release 7.0(Yurakucho) Build 7005
Warning: ESMF_InfoUTest.F90, line 995: Local variable GCOMP is default initialised but never used
Warning: ESMF_InfoUTest.F90, line 995: Unused local variable PETLIST
Warning: ESMF_InfoUTest.F90, line 995: Unused local variable VALUES_R8
[NAG Fortran Compiler normal termination, 3 warnings]
nagfor    -thread_safe -Wl,-Wl,,--no-as-needed  -openmp -L/project/esmf/himanshu/nag/esmf/lib/libg/Linux.nag.64.mpiuni.default  -L/usr/local/gcc-g++-gfortran-9.3.0/lib/gcc/x86_64-pc-linux-gnu/9.3.0/../../../../lib64/ -Wl,-Wl,,-rpath,,/project/esmf/himanshu/nag/esmf/lib/libg/Linux.nag.64.mpiuni.default  -Wl,-Wl,,-rpath,,/usr/local/gcc-g++-gfortran-9.3.0/lib/gcc/x86_64-pc-linux-gnu/9.3.0/../../../../lib64/ -o /project/esmf/himanshu/nag/esmf/test/testg/Linux.nag.64.mpiuni.default/ESMF_InfoUTest   ESMF_InfoUTest.o -lesmf  -lrt -lstdc++ -ldl
NAG Fortran Compiler Release 7.0(Yurakucho) Build 7005
rm -rf -f *.o *.mod
nagfor -c -g -pic -DESMF_NAG_UNIX_MODULE -dusty -thread_safe  -openmp -I/project/esmf/himanshu/nag/esmf/src/Infrastructure/Base/tests -I/project/esmf/himanshu/nag/esmf/build_config/Linux.nag.default -I/project/esmf/himanshu/nag/esmf/src/Infrastructure -I/project/esmf/himanshu/nag/esmf/src/Superstructure -I/project/esmf/himanshu/nag/esmf/mod/modg/Linux.nag.64.mpiuni.default -I/project/esmf/himanshu/nag/esmf/src/include   -DESMF_NO_INTEGER_1_BYTE -DESMF_NO_INTEGER_2_BYTE -DESMFVERSIONGIT='"ESMF_8_1_0_beta_snapshot_43-28-g3831f9e170"' -DESMF_MOAB=1 -DESMF_LAPACK=1 -DESMF_LAPACK_INTERNAL=1 -DESMF_NO_ACC_SOFTWARE_STACK=1 -DESMF_YAMLCPP=1 -DESMF_YAML=1 -DESMF_NO_OPENACC -DESMF_TESTEXHAUSTIVE -DESMF_BOPT_g -DESMF_TESTCOMPTUNNEL -DS64=1 -DESMF_OS_Linux=1 -DESMF_COMM=mpiuni -DESMF_DIR=/project/esmf/himanshu/nag/esmf -DESMF_MPIUNI -DESMF_NO_F2018ASSUMEDTYPE ESMF_InfoArrayUTest.F90 -o ESMF_InfoArrayUTest.o
NAG Fortran Compiler Release 7.0(Yurakucho) Build 7005
Warning: ESMF_InfoArrayUTest.F90, line 446: Unused local variable PETCOUNT
[NAG Fortran Compiler normal termination, 1 warning]
nagfor    -thread_safe -Wl,-Wl,,--no-as-needed  -openmp -L/project/esmf/himanshu/nag/esmf/lib/libg/Linux.nag.64.mpiuni.default  -L/usr/local/gcc-g++-gfortran-9.3.0/lib/gcc/x86_64-pc-linux-gnu/9.3.0/../../../../lib64/ -Wl,-Wl,,-rpath,,/project/esmf/himanshu/nag/esmf/lib/libg/Linux.nag.64.mpiuni.default  -Wl,-Wl,,-rpath,,/usr/local/gcc-g++-gfortran-9.3.0/lib/gcc/x86_64-pc-linux-gnu/9.3.0/../../../../lib64/ -o /project/esmf/himanshu/nag/esmf/test/testg/Linux.nag.64.mpiuni.default/ESMF_InfoArrayUTest   ESMF_InfoArrayUTest.o -lesmf  -lrt -lstdc++ -ldl
NAG Fortran Compiler Release 7.0(Yurakucho) Build 7005
rm -rf -f *.o *.mod
gmake[5]: Leaving directory '/project/esmf/himanshu/nag/esmf/src/Infrastructure/Base/tests'
tree_build_unit_tests in: /project/esmf/himanshu/nag/esmf/src/Infrastructure/Base/examples
gmake[5]: Entering directory '/project/esmf/himanshu/nag/esmf/src/Infrastructure/Base/examples'
gmake[5]: Leaving directory '/project/esmf/himanshu/nag/esmf/src/Infrastructure/Base/examples'
tree_build_unit_tests in: /project/esmf/himanshu/nag/esmf/src/Infrastructure/Base/doc
gmake[5]: Entering directory '/project/esmf/himanshu/nag/esmf/src/Infrastructure/Base/doc'
gmake[5]: Leaving directory '/project/esmf/himanshu/nag/esmf/src/Infrastructure/Base/doc'
gmake[4]: Leaving directory '/project/esmf/himanshu/nag/esmf/src/Infrastructure/Base'
tree_build_unit_tests in: /project/esmf/himanshu/nag/esmf/src/Infrastructure/TimeMgr
gmake[4]: Entering directory '/project/esmf/himanshu/nag/esmf/src/Infrastructure/TimeMgr'
tree_build_unit_tests in: /project/esmf/himanshu/nag/esmf/src/Infrastructure/TimeMgr/src
gmake[5]: Entering directory '/project/esmf/himanshu/nag/esmf/src/Infrastructure/TimeMgr/src'
gmake[5]: Leaving directory '/project/esmf/himanshu/nag/esmf/src/Infrastructure/TimeMgr/src'
tree_build_unit_tests in: /project/esmf/himanshu/nag/esmf/src/Infrastructure/TimeMgr/interface
gmake[5]: Entering directory '/project/esmf/himanshu/nag/esmf/src/Infrastructure/TimeMgr/interface'
gmake[5]: Leaving directory '/project/esmf/himanshu/nag/esmf/src/Infrastructure/TimeMgr/interface'
tree_build_unit_tests in: /project/esmf/himanshu/nag/esmf/src/Infrastructure/TimeMgr/examples
gmake[5]: Entering directory '/project/esmf/himanshu/nag/esmf/src/Infrastructure/TimeMgr/examples'
gmake[5]: Leaving directory '/project/esmf/himanshu/nag/esmf/src/Infrastructure/TimeMgr/examples'
tree_build_unit_tests in: /project/esmf/himanshu/nag/esmf/src/Infrastructure/TimeMgr/tests
gmake[5]: Entering directory '/project/esmf/himanshu/nag/esmf/src/Infrastructure/TimeMgr/tests'
g++ -c -std=c++11 -g -fPIC -pthread  -fopenmp -I/project/esmf/himanshu/nag/esmf/src/Infrastructure/TimeMgr/tests -I/project/esmf/himanshu/nag/esmf/src/Infrastructure/TimeMgr/tests/../include -I/project/esmf/himanshu/nag/esmf/build_config/Linux.nag.default -I/project/esmf/himanshu/nag/esmf/src/Infrastructure -I/project/esmf/himanshu/nag/esmf/src/Superstructure -I/project/esmf/himanshu/nag/esmf/src/Infrastructure/stubs/pthread  -I/project/esmf/himanshu/nag/esmf/src/include   -I/project/esmf/himanshu/nag/esmf/src/Infrastructure/stubs/mpiuni -I/project/esmf/himanshu/nag/esmf/src/prologue/yaml-cpp/include -DESMF_NO_INTEGER_1_BYTE -DESMF_NO_INTEGER_2_BYTE -DESMFVERSIONGIT='"ESMF_8_1_0_beta_snapshot_43-28-g3831f9e170"' -DESMF_MOAB=1 -DESMF_LAPACK=1 -DESMF_LAPACK_INTERNAL=1 -DESMF_NO_ACC_SOFTWARE_STACK=1 -DESMF_YAMLCPP=1 -DESMF_YAML=1 -DESMF_NO_OPENACC -DESMF_TESTEXHAUSTIVE -DESMF_BOPT_g -DESMF_TESTCOMPTUNNEL -DS64=1 -DESMF_OS_Linux=1 -DESMF_COMM=mpiuni -DESMF_DIR=/project/esmf/himanshu/nag/esmf -D__SDIR__='"src/Infrastructure/TimeMgr/tests"' -DESMF_CXXSTD=11 -DESMF_MPIUNI -DESMF_NO_F2018ASSUMEDTYPE ESMC_ClockUTest.C -o ESMC_ClockUTest.o
g++    -pthread -Wl,--no-as-needed  -fopenmp -L/project/esmf/himanshu/nag/esmf/lib/libg/Linux.nag.64.mpiuni.default  -Wl,-rpath,/project/esmf/himanshu/nag/esmf/lib/libg/Linux.nag.64.mpiuni.default  -o /project/esmf/himanshu/nag/esmf/test/testg/Linux.nag.64.mpiuni.default/ESMC_ClockUTest  ESMC_ClockUTest.o -lesmf  -lrt -ldl -m64 /usr/local/nag-7.0/lib/NAG_Fortran/quickfit.o -Wl,-rpath,/usr/local/nag-7.0/lib/NAG_Fortran /usr/local/nag-7.0/lib/NAG_Fortran/libf70rts.so /usr/local/nag-7.0/lib/NAG_Fortran/libf70rts.a -lm -lpthread
rm -rf -f *.o *.mod
g++ -c -std=c++11 -g -fPIC -pthread  -fopenmp -I/project/esmf/himanshu/nag/esmf/src/Infrastructure/TimeMgr/tests -I/project/esmf/himanshu/nag/esmf/src/Infrastructure/TimeMgr/tests/../include -I/project/esmf/himanshu/nag/esmf/build_config/Linux.nag.default -I/project/esmf/himanshu/nag/esmf/src/Infrastructure -I/project/esmf/himanshu/nag/esmf/src/Superstructure -I/project/esmf/himanshu/nag/esmf/src/Infrastructure/stubs/pthread  -I/project/esmf/himanshu/nag/esmf/src/include   -I/project/esmf/himanshu/nag/esmf/src/Infrastructure/stubs/mpiuni -I/project/esmf/himanshu/nag/esmf/src/prologue/yaml-cpp/include -DESMF_NO_INTEGER_1_BYTE -DESMF_NO_INTEGER_2_BYTE -DESMFVERSIONGIT='"ESMF_8_1_0_beta_snapshot_43-28-g3831f9e170"' -DESMF_MOAB=1 -DESMF_LAPACK=1 -DESMF_LAPACK_INTERNAL=1 -DESMF_NO_ACC_SOFTWARE_STACK=1 -DESMF_YAMLCPP=1 -DESMF_YAML=1 -DESMF_NO_OPENACC -DESMF_TESTEXHAUSTIVE -DESMF_BOPT_g -DESMF_TESTCOMPTUNNEL -DS64=1 -DESMF_OS_Linux=1 -DESMF_COMM=mpiuni -DESMF_DIR=/project/esmf/himanshu/nag/esmf -D__SDIR__='"src/Infrastructure/TimeMgr/tests"' -DESMF_CXXSTD=11 -DESMF_MPIUNI -DESMF_NO_F2018ASSUMEDTYPE ESMC_TimeIntervalUTest.C -o ESMC_TimeIntervalUTest.o
g++    -pthread -Wl,--no-as-needed  -fopenmp -L/project/esmf/himanshu/nag/esmf/lib/libg/Linux.nag.64.mpiuni.default  -Wl,-rpath,/project/esmf/himanshu/nag/esmf/lib/libg/Linux.nag.64.mpiuni.default  -o /project/esmf/himanshu/nag/esmf/test/testg/Linux.nag.64.mpiuni.default/ESMC_TimeIntervalUTest  ESMC_TimeIntervalUTest.o -lesmf  -lrt -ldl -m64 /usr/local/nag-7.0/lib/NAG_Fortran/quickfit.o -Wl,-rpath,/usr/local/nag-7.0/lib/NAG_Fortran /usr/local/nag-7.0/lib/NAG_Fortran/libf70rts.so /usr/local/nag-7.0/lib/NAG_Fortran/libf70rts.a -lm -lpthread
rm -rf -f *.o *.mod
g++ -c -std=c++11 -g -fPIC -pthread  -fopenmp -I/project/esmf/himanshu/nag/esmf/src/Infrastructure/TimeMgr/tests -I/project/esmf/himanshu/nag/esmf/src/Infrastructure/TimeMgr/tests/../include -I/project/esmf/himanshu/nag/esmf/build_config/Linux.nag.default -I/project/esmf/himanshu/nag/esmf/src/Infrastructure -I/project/esmf/himanshu/nag/esmf/src/Superstructure -I/project/esmf/himanshu/nag/esmf/src/Infrastructure/stubs/pthread  -I/project/esmf/himanshu/nag/esmf/src/include   -I/project/esmf/himanshu/nag/esmf/src/Infrastructure/stubs/mpiuni -I/project/esmf/himanshu/nag/esmf/src/prologue/yaml-cpp/include -DESMF_NO_INTEGER_1_BYTE -DESMF_NO_INTEGER_2_BYTE -DESMFVERSIONGIT='"ESMF_8_1_0_beta_snapshot_43-28-g3831f9e170"' -DESMF_MOAB=1 -DESMF_LAPACK=1 -DESMF_LAPACK_INTERNAL=1 -DESMF_NO_ACC_SOFTWARE_STACK=1 -DESMF_YAMLCPP=1 -DESMF_YAML=1 -DESMF_NO_OPENACC -DESMF_TESTEXHAUSTIVE -DESMF_BOPT_g -DESMF_TESTCOMPTUNNEL -DS64=1 -DESMF_OS_Linux=1 -DESMF_COMM=mpiuni -DESMF_DIR=/project/esmf/himanshu/nag/esmf -D__SDIR__='"src/Infrastructure/TimeMgr/tests"' -DESMF_CXXSTD=11 -DESMF_MPIUNI -DESMF_NO_F2018ASSUMEDTYPE ESMC_TimeUTest.C -o ESMC_TimeUTest.o
g++    -pthread -Wl,--no-as-needed  -fopenmp -L/project/esmf/himanshu/nag/esmf/lib/libg/Linux.nag.64.mpiuni.default  -Wl,-rpath,/project/esmf/himanshu/nag/esmf/lib/libg/Linux.nag.64.mpiuni.default  -o /project/esmf/himanshu/nag/esmf/test/testg/Linux.nag.64.mpiuni.default/ESMC_TimeUTest  ESMC_TimeUTest.o -lesmf  -lrt -ldl -m64 /usr/local/nag-7.0/lib/NAG_Fortran/quickfit.o -Wl,-rpath,/usr/local/nag-7.0/lib/NAG_Fortran /usr/local/nag-7.0/lib/NAG_Fortran/libf70rts.so /usr/local/nag-7.0/lib/NAG_Fortran/libf70rts.a -lm -lpthread
rm -rf -f *.o *.mod
g++ -c -std=c++11 -g -fPIC -pthread  -fopenmp -I/project/esmf/himanshu/nag/esmf/src/Infrastructure/TimeMgr/tests -I/project/esmf/himanshu/nag/esmf/src/Infrastructure/TimeMgr/tests/../include -I/project/esmf/himanshu/nag/esmf/build_config/Linux.nag.default -I/project/esmf/himanshu/nag/esmf/src/Infrastructure -I/project/esmf/himanshu/nag/esmf/src/Superstructure -I/project/esmf/himanshu/nag/esmf/src/Infrastructure/stubs/pthread  -I/project/esmf/himanshu/nag/esmf/src/include   -I/project/esmf/himanshu/nag/esmf/src/Infrastructure/stubs/mpiuni -I/project/esmf/himanshu/nag/esmf/src/prologue/yaml-cpp/include -DESMF_NO_INTEGER_1_BYTE -DESMF_NO_INTEGER_2_BYTE -DESMFVERSIONGIT='"ESMF_8_1_0_beta_snapshot_43-28-g3831f9e170"' -DESMF_MOAB=1 -DESMF_LAPACK=1 -DESMF_LAPACK_INTERNAL=1 -DESMF_NO_ACC_SOFTWARE_STACK=1 -DESMF_YAMLCPP=1 -DESMF_YAML=1 -DESMF_NO_OPENACC -DESMF_TESTEXHAUSTIVE -DESMF_BOPT_g -DESMF_TESTCOMPTUNNEL -DS64=1 -DESMF_OS_Linux=1 -DESMF_COMM=mpiuni -DESMF_DIR=/project/esmf/himanshu/nag/esmf -D__SDIR__='"src/Infrastructure/TimeMgr/tests"' -DESMF_CXXSTD=11 -DESMF_MPIUNI -DESMF_NO_F2018ASSUMEDTYPE ESMC_CalendarUTest.C -o ESMC_CalendarUTest.o
g++    -pthread -Wl,--no-as-needed  -fopenmp -L/project/esmf/himanshu/nag/esmf/lib/libg/Linux.nag.64.mpiuni.default  -Wl,-rpath,/project/esmf/himanshu/nag/esmf/lib/libg/Linux.nag.64.mpiuni.default  -o /project/esmf/himanshu/nag/esmf/test/testg/Linux.nag.64.mpiuni.default/ESMC_CalendarUTest  ESMC_CalendarUTest.o -lesmf  -lrt -ldl -m64 /usr/local/nag-7.0/lib/NAG_Fortran/quickfit.o -Wl,-rpath,/usr/local/nag-7.0/lib/NAG_Fortran /usr/local/nag-7.0/lib/NAG_Fortran/libf70rts.so /usr/local/nag-7.0/lib/NAG_Fortran/libf70rts.a -lm -lpthread
rm -rf -f *.o *.mod
nagfor -c -g -pic -DESMF_NAG_UNIX_MODULE -dusty -thread_safe  -openmp -I/project/esmf/himanshu/nag/esmf/src/Infrastructure/TimeMgr/tests -I/project/esmf/himanshu/nag/esmf/build_config/Linux.nag.default -I/project/esmf/himanshu/nag/esmf/src/Infrastructure -I/project/esmf/himanshu/nag/esmf/src/Superstructure -I/project/esmf/himanshu/nag/esmf/mod/modg/Linux.nag.64.mpiuni.default -I/project/esmf/himanshu/nag/esmf/src/include   -DESMF_NO_INTEGER_1_BYTE -DESMF_NO_INTEGER_2_BYTE -DESMFVERSIONGIT='"ESMF_8_1_0_beta_snapshot_43-28-g3831f9e170"' -DESMF_MOAB=1 -DESMF_LAPACK=1 -DESMF_LAPACK_INTERNAL=1 -DESMF_NO_ACC_SOFTWARE_STACK=1 -DESMF_YAMLCPP=1 -DESMF_YAML=1 -DESMF_NO_OPENACC -DESMF_TESTEXHAUSTIVE -DESMF_BOPT_g -DESMF_TESTCOMPTUNNEL -DS64=1 -DESMF_OS_Linux=1 -DESMF_COMM=mpiuni -DESMF_DIR=/project/esmf/himanshu/nag/esmf -DESMF_MPIUNI -DESMF_NO_F2018ASSUMEDTYPE ESMF_CalendarUTest.F90 -o ESMF_CalendarUTest.o
NAG Fortran Compiler Release 7.0(Yurakucho) Build 7005
[NAG Fortran Compiler normal termination]
nagfor    -thread_safe -Wl,-Wl,,--no-as-needed  -openmp -L/project/esmf/himanshu/nag/esmf/lib/libg/Linux.nag.64.mpiuni.default  -L/usr/local/gcc-g++-gfortran-9.3.0/lib/gcc/x86_64-pc-linux-gnu/9.3.0/../../../../lib64/ -Wl,-Wl,,-rpath,,/project/esmf/himanshu/nag/esmf/lib/libg/Linux.nag.64.mpiuni.default  -Wl,-Wl,,-rpath,,/usr/local/gcc-g++-gfortran-9.3.0/lib/gcc/x86_64-pc-linux-gnu/9.3.0/../../../../lib64/ -o /project/esmf/himanshu/nag/esmf/test/testg/Linux.nag.64.mpiuni.default/ESMF_CalendarUTest   ESMF_CalendarUTest.o -lesmf  -lrt -lstdc++ -ldl
NAG Fortran Compiler Release 7.0(Yurakucho) Build 7005
rm -rf -f *.o *.mod
nagfor -c -g -pic -DESMF_NAG_UNIX_MODULE -dusty -thread_safe  -openmp -I/project/esmf/himanshu/nag/esmf/src/Infrastructure/TimeMgr/tests -I/project/esmf/himanshu/nag/esmf/build_config/Linux.nag.default -I/project/esmf/himanshu/nag/esmf/src/Infrastructure -I/project/esmf/himanshu/nag/esmf/src/Superstructure -I/project/esmf/himanshu/nag/esmf/mod/modg/Linux.nag.64.mpiuni.default -I/project/esmf/himanshu/nag/esmf/src/include   -DESMF_NO_INTEGER_1_BYTE -DESMF_NO_INTEGER_2_BYTE -DESMFVERSIONGIT='"ESMF_8_1_0_beta_snapshot_43-28-g3831f9e170"' -DESMF_MOAB=1 -DESMF_LAPACK=1 -DESMF_LAPACK_INTERNAL=1 -DESMF_NO_ACC_SOFTWARE_STACK=1 -DESMF_YAMLCPP=1 -DESMF_YAML=1 -DESMF_NO_OPENACC -DESMF_TESTEXHAUSTIVE -DESMF_BOPT_g -DESMF_TESTCOMPTUNNEL -DS64=1 -DESMF_OS_Linux=1 -DESMF_COMM=mpiuni -DESMF_DIR=/project/esmf/himanshu/nag/esmf -DESMF_MPIUNI -DESMF_NO_F2018ASSUMEDTYPE ESMF_AlarmUTest.F90 -o ESMF_AlarmUTest.o
NAG Fortran Compiler Release 7.0(Yurakucho) Build 7005
Warning: ESMF_AlarmUTest.F90, line 3494: Unused local variable ADD_2ND
Warning: ESMF_AlarmUTest.F90, line 3494: Local variable IAM is initialised but never used
Warning: ESMF_AlarmUTest.F90, line 3494: Unused local variable NARGS
Warning: ESMF_AlarmUTest.F90, line 3494: Unused dummy variable RC
Warning: ESMF_AlarmUTest.F90, line 3602: Unused local variable ADD_2ND
Warning: ESMF_AlarmUTest.F90, line 3602: Local variable IAM is initialised but never used
Warning: ESMF_AlarmUTest.F90, line 3602: Unused local variable NARGS
Warning: ESMF_AlarmUTest.F90, line 3602: Unused dummy variable RC
Warning: ESMF_AlarmUTest.F90, line 3466: Assignment to N_RINGS in thread-safe procedure TEST_REVERSEALARMS
[NAG Fortran Compiler normal termination, 9 warnings]
nagfor    -thread_safe -Wl,-Wl,,--no-as-needed  -openmp -L/project/esmf/himanshu/nag/esmf/lib/libg/Linux.nag.64.mpiuni.default  -L/usr/local/gcc-g++-gfortran-9.3.0/lib/gcc/x86_64-pc-linux-gnu/9.3.0/../../../../lib64/ -Wl,-Wl,,-rpath,,/project/esmf/himanshu/nag/esmf/lib/libg/Linux.nag.64.mpiuni.default  -Wl,-Wl,,-rpath,,/usr/local/gcc-g++-gfortran-9.3.0/lib/gcc/x86_64-pc-linux-gnu/9.3.0/../../../../lib64/ -o /project/esmf/himanshu/nag/esmf/test/testg/Linux.nag.64.mpiuni.default/ESMF_AlarmUTest   ESMF_AlarmUTest.o -lesmf  -lrt -lstdc++ -ldl
NAG Fortran Compiler Release 7.0(Yurakucho) Build 7005
ESMF_AlarmUTest.o: In function `esmf_alarmtest_IP_test_alarmhang':
/project/esmf/himanshu/nag/esmf/src/Infrastructure/TimeMgr/tests/ESMF_AlarmUTest.F90:3519: undefined reference to `verify__'
/project/esmf/himanshu/nag/esmf/src/Infrastructure/TimeMgr/tests/ESMF_AlarmUTest.F90:3521: undefined reference to `verify__'
/project/esmf/himanshu/nag/esmf/src/Infrastructure/TimeMgr/tests/ESMF_AlarmUTest.F90:3523: undefined reference to `verify__'
/project/esmf/himanshu/nag/esmf/src/Infrastructure/TimeMgr/tests/ESMF_AlarmUTest.F90:3525: undefined reference to `verify__'
/project/esmf/himanshu/nag/esmf/src/Infrastructure/TimeMgr/tests/ESMF_AlarmUTest.F90:3527: undefined reference to `verify__'
ESMF_AlarmUTest.o:/project/esmf/himanshu/nag/esmf/src/Infrastructure/TimeMgr/tests/ESMF_AlarmUTest.F90:3529: more undefined references to `verify__' follow
collect2: error: ld returned 1 exit status
/project/esmf/himanshu/nag/esmf/build/common.mk:2977: recipe for target '/project/esmf/himanshu/nag/esmf/test/testg/Linux.nag.64.mpiuni.default/ESMF_AlarmUTest' failed
gmake[5]: *** [/project/esmf/himanshu/nag/esmf/test/testg/Linux.nag.64.mpiuni.default/ESMF_AlarmUTest] Error 1
gmake[5]: Leaving directory '/project/esmf/himanshu/nag/esmf/src/Infrastructure/TimeMgr/tests'
/project/esmf/himanshu/nag/esmf/build/common.mk:3657: recipe for target 'tree' failed
gmake[4]: *** [tree] Error 1
gmake[4]: Leaving directory '/project/esmf/himanshu/nag/esmf/src/Infrastructure/TimeMgr'
/project/esmf/himanshu/nag/esmf/build/common.mk:3657: recipe for target 'tree' failed
gmake[3]: *** [tree] Error 1
gmake[3]: Leaving directory '/project/esmf/himanshu/nag/esmf/src/Infrastructure'
/project/esmf/himanshu/nag/esmf/build/common.mk:3657: recipe for target 'tree' failed
gmake[2]: *** [tree] Error 1
gmake[2]: Leaving directory '/project/esmf/himanshu/nag/esmf/src'
/project/esmf/himanshu/nag/esmf/build/common.mk:3657: recipe for target 'tree' failed
gmake[1]: *** [tree] Error 1
gmake[1]: Leaving directory '/project/esmf/himanshu/nag/esmf'
/project/esmf/himanshu/nag/esmf/build/common.mk:2969: recipe for target 'build_unit_tests' failed
gmake: *** [build_unit_tests] Error 2
Tue Feb  2 23:36:55 MST 2021
